#
# A fatal error has been detected by the Java Runtime Environment:
#
#  EXCEPTION_ACCESS_VIOLATION (0xc0000005) at pc=0x0000000057024db2, pid=219328, tid=217524
#
# JRE version: Java(TM) SE Runtime Environment (8.0_11-b12) (build 1.8.0_11-b12)
# Java VM: Java HotSpot(TM) 64-Bit Server VM (25.11-b03 mixed mode windows-amd64 compressed oops)
# Problematic frame:
# V  [jvm.dll+0x424db2]
#
# Failed to write core dump. Minidumps are not enabled by default on client versions of Windows
#
# If you would like to submit a bug report, please visit:
#   http://bugreport.sun.com/bugreport/crash.jsp
#

---------------  T H R E A D  ---------------

Current thread (0x0000000016e4e800):  JavaThread "C2 CompilerThread2" daemon [_thread_in_native, id=217524, stack(0x00000000174f0000,0x00000000175f0000)]

siginfo: ExceptionCode=0xc0000005, reading address 0x0000000000000000

Registers:
RAX=0x0000000019245f78, RBX=0x0000000000000600, RCX=0x0000000000000000, RDX=0x0000000018a5f800
RSP=0x00000000175ec190, RBP=0x00000000000000c0, RSI=0x00000000000000b8, RDI=0x0000000000000000
R8 =0x0000000056c00000, R9 =0x00000000175ec4b0, R10=0x00000000ffffffff, R11=0x0000000016e82490
R12=0x0000000019246680, R13=0x0000000018cffad8, R14=0x0000000000000008, R15=0x0000000018cffad8
RIP=0x0000000057024db2, EFLAGS=0x0000000000010206

Top of Stack: (sp=0x00000000175ec190)
0x00000000175ec190:   00000000000000da 00000000000000b0
0x00000000175ec1a0:   000000000000000a 00000000195aa340
0x00000000175ec1b0:   0000000000000001 0000000000000600
0x00000000175ec1c0:   0000000000000180 00000000000000c0
0x00000000175ec1d0:   000000001ad93360 0000000016e51f20
0x00000000175ec1e0:   0000000000000700 0000000018a5b280
0x00000000175ec1f0:   00000000175ec4b0 00000000192430c0
0x00000000175ec200:   0000000000000020 0000000000000009
0x00000000175ec210:   0000000019246650 00000000000000da
0x00000000175ec220:   0000000018cffad8 000000005702598d
0x00000000175ec230:   0000000019246650 000000000000001c
0x00000000175ec240:   00000000000000da 00000000175ec4b0
0x00000000175ec250:   0000000018a5f800 00000000000000da
0x00000000175ec260:   00000000192430c0 0000000000000020
0x00000000175ec270:   000000001801b8a0 00000000175ee820
0x00000000175ec280:   000000001801bed0 0000000019246650 

Instructions: (pc=0x0000000057024db2)
0x0000000057024d92:   c6 48 63 f0 48 03 f1 eb 04 48 83 ce ff 48 8b 84
0x0000000057024da2:   24 a0 00 00 00 48 8b 40 08 48 8b 3c 03 48 8b cf
0x0000000057024db2:   48 8b 07 ff 50 28 4c 8d 05 41 b2 bd ff 48 63 50
0x0000000057024dc2:   10 4c 8b d8 48 8b ca 48 c1 e1 05 42 80 bc 01 c0 


Register to memory mapping:

RAX=0x0000000019245f78 is an unknown value
RBX=0x0000000000000600 is an unknown value
RCX=0x0000000000000000 is an unknown value
RDX=0x0000000018a5f800 is an unknown value
RSP=0x00000000175ec190 is pointing into the stack for thread: 0x0000000016e4e800
RBP=0x00000000000000c0 is an unknown value
RSI=0x00000000000000b8 is an unknown value
RDI=0x0000000000000000 is an unknown value
R8 =0x0000000056c00000 is an unknown value
R9 =0x00000000175ec4b0 is pointing into the stack for thread: 0x0000000016e4e800
R10=0x00000000ffffffff is an unknown value
R11=0x0000000016e82490 is an unknown value
R12=0x0000000019246680 is an unknown value
R13=0x0000000018cffad8 is an unknown value
R14=0x0000000000000008 is an unknown value
R15=0x0000000018cffad8 is an unknown value


Stack: [0x00000000174f0000,0x00000000175f0000],  sp=0x00000000175ec190,  free space=1008k
Native frames: (J=compiled Java code, j=interpreted, Vv=VM code, C=native code)
V  [jvm.dll+0x424db2]
V  [jvm.dll+0x42598d]
V  [jvm.dll+0x425ecf]
V  [jvm.dll+0x4c5a84]
V  [jvm.dll+0x4415bc]
V  [jvm.dll+0x443a29]
V  [jvm.dll+0x427722]
V  [jvm.dll+0x96982]
V  [jvm.dll+0x97173]
V  [jvm.dll+0x2234b4]
V  [jvm.dll+0x27bcca]
C  [msvcr100.dll+0x21d9f]
C  [msvcr100.dll+0x21e3b]
C  [KERNEL32.DLL+0x16ad]
C  [ntdll.dll+0x54409]


Current CompileTask:
C2:  11915 5904       4       groovy.lang.MetaClassImpl::findPropertyMethod (356 bytes)


---------------  P R O C E S S  ---------------

Java Threads: ( => current thread )
  0x000000001d270800 JavaThread "net.sf.ehcache.CacheManager@6cb47f5" daemon [_thread_blocked, id=214756, stack(0x000000001ff60000,0x0000000020060000)]
  0x0000000017a75000 JavaThread "H2 Log Writer DEVDB" daemon [_thread_blocked, id=216956, stack(0x000000001f980000,0x000000001fa80000)]
  0x000000001b113800 JavaThread "H2 File Lock Watchdog C:/Users/D-Roc/Documents/workspace-sts-3.6.0.RELEASE/hubbub/devDb.lock.db" daemon [_thread_blocked, id=219032, stack(0x000000001d9b0000,0x000000001dab0000)]
  0x000000001a10c000 JavaThread "PoolCleaner[87674905:1415542523631]" daemon [_thread_blocked, id=217400, stack(0x000000001e300000,0x000000001e400000)]
  0x000000001af42000 JavaThread "FileSystemWatcher: files=#108 cl=groovy.lang.GroovyClassLoader@539d019" daemon [_thread_blocked, id=215048, stack(0x000000001d620000,0x000000001d720000)]
  0x000000001b35c000 JavaThread "localhost-startStop-1" daemon [_thread_in_native, id=216768, stack(0x000000001c210000,0x000000001c310000)]
  0x000000001b35b000 JavaThread "Tomcat-startStop-1" daemon [_thread_blocked, id=219888, stack(0x000000001bee0000,0x000000001bfe0000)]
  0x000000001b091000 JavaThread "Thread-3" [_thread_in_native, id=218220, stack(0x000000001ab60000,0x000000001ac60000)]
  0x000000001a95e000 JavaThread "Thread-2" [_thread_blocked, id=219420, stack(0x000000001d320000,0x000000001d420000)]
  0x0000000017e2d800 JavaThread "NonBlockingInputStreamThread" daemon [_thread_blocked, id=202992, stack(0x00000000186c0000,0x00000000187c0000)]
  0x0000000016f8a800 JavaThread "Service Thread" daemon [_thread_blocked, id=214664, stack(0x00000000176f0000,0x00000000177f0000)]
  0x0000000016e61000 JavaThread "C1 CompilerThread3" daemon [_thread_blocked, id=219788, stack(0x00000000175f0000,0x00000000176f0000)]
=>0x0000000016e4e800 JavaThread "C2 CompilerThread2" daemon [_thread_in_native, id=217524, stack(0x00000000174f0000,0x00000000175f0000)]
  0x0000000016e5c000 JavaThread "C2 CompilerThread1" daemon [_thread_in_native, id=216896, stack(0x00000000173f0000,0x00000000174f0000)]
  0x0000000016e56800 JavaThread "C2 CompilerThread0" daemon [_thread_in_native, id=219876, stack(0x00000000172f0000,0x00000000173f0000)]
  0x0000000016d17800 JavaThread "Attach Listener" daemon [_thread_blocked, id=217356, stack(0x00000000171f0000,0x00000000172f0000)]
  0x0000000016d17000 JavaThread "Signal Dispatcher" daemon [_thread_blocked, id=219392, stack(0x00000000170f0000,0x00000000171f0000)]
  0x0000000002b3a000 JavaThread "Finalizer" daemon [_thread_blocked, id=219452, stack(0x0000000016bf0000,0x0000000016cf0000)]
  0x0000000014cfc000 JavaThread "Reference Handler" daemon [_thread_blocked, id=218180, stack(0x0000000016af0000,0x0000000016bf0000)]
  0x0000000002a44000 JavaThread "main" [_thread_blocked, id=215060, stack(0x00000000026c0000,0x00000000027c0000)]

Other Threads:
  0x0000000014cf7800 VMThread [stack: 0x00000000169f0000,0x0000000016af0000] [id=220080]
  0x0000000016f8b000 WatcherThread [stack: 0x00000000177f0000,0x00000000178f0000] [id=219144]

VM state:not at safepoint (normal execution)

VM Mutex/Monitor currently owned by a thread: None

Heap:
 PSYoungGen      total 213504K, used 181349K [0x00000000f0000000, 0x0000000100000000, 0x0000000100000000)
  eden space 187392K, 84% used [0x00000000f0000000,0x00000000f9acc300,0x00000000fb700000)
  from space 26112K, 87% used [0x00000000fe680000,0x00000000ffccd410,0x0000000100000000)
  to   space 37376K, 0% used [0x00000000fb700000,0x00000000fb700000,0x00000000fdb80000)
 ParOldGen       total 75776K, used 63964K [0x00000000d0000000, 0x00000000d4a00000, 0x00000000f0000000)
  object space 75776K, 84% used [0x00000000d0000000,0x00000000d3e773d0,0x00000000d4a00000)
 Metaspace       used 58028K, capacity 59652K, committed 59972K, reserved 1101824K
  class space    used 6530K, capacity 7026K, committed 7040K, reserved 1048576K

Card table byte_map: [0x0000000011f00000,0x0000000012090000] byte_map_base: 0x0000000011880000

Marking Bits: (ParMarkBitMap*) 0x00000000573b12b0
 Begin Bits: [0x0000000012990000, 0x0000000013590000)
 End Bits:   [0x0000000013590000, 0x0000000014190000)

Polling page: 0x0000000000d90000

CodeCache: size=245760Kb used=19690Kb max_used=20086Kb free=226069Kb
 bounds [0x0000000002b40000, 0x0000000003f20000, 0x0000000011b40000]
 total_blobs=5811 nmethods=5055 adapters=665
 compilation: enabled

Compilation events (10 events):
Event: 11.880 Thread 0x0000000016e4e800 nmethod 5903 0x0000000002fbbf10 code [0x0000000002fbc0c0, 0x0000000002fbcb48]
Event: 11.881 Thread 0x0000000016e4e800 5898       4       org.codehaus.groovy.runtime.metaclass.MetaMethodIndex::isMatchingMethod (68 bytes)
Event: 11.882 Thread 0x0000000016e4e800 nmethod 5898 0x00000000030f4e10 code [0x00000000030f4f60, 0x00000000030f5098]
Event: 11.883 Thread 0x0000000016e4e800 5904       4       groovy.lang.MetaClassImpl::findPropertyMethod (356 bytes)
Event: 11.892 Thread 0x0000000016e61000 5908   !   2       sun.net.www.protocol.jar.JarFileFactory::getConnection (40 bytes)
Event: 11.892 Thread 0x0000000016e61000 nmethod 5908 0x00000000033f1b50 code [0x00000000033f1ce0, 0x00000000033f2128]
Event: 11.895 Thread 0x0000000016e61000 5912   !   2       org.codehaus.groovy.runtime.metaclass.MetaClassRegistryImpl::setMetaClass (81 bytes)
Event: 11.895 Thread 0x0000000016e61000 nmethod 5912 0x00000000032decd0 code [0x00000000032deee0, 0x00000000032df4d8]
Event: 11.899 Thread 0x0000000016e61000 5913       2       groovy.lang.MetaClassImpl::findMatchingMethod (93 bytes)
Event: 11.899 Thread 0x0000000016e61000 nmethod 5913 0x0000000002d08510 code [0x0000000002d086a0, 0x0000000002d089d8]

GC Heap History (10 events):
Event: 9.407 GC heap before
{Heap before GC invocations=57 (full 4):
 PSYoungGen      total 218112K, used 208090K [0x00000000f0000000, 0x00000000fec00000, 0x0000000100000000)
  eden space 196608K, 98% used [0x00000000f0000000,0x00000000fbca9950,0x00000000fc000000)
  from space 21504K, 69% used [0x00000000fd580000,0x00000000fe40d190,0x00000000fea80000)
  to   space 22016K, 0% used [0x00000000fc000000,0x00000000fc000000,0x00000000fd580000)
 ParOldGen       total 64000K, used 51709K [0x00000000d0000000, 0x00000000d3e80000, 0x00000000f0000000)
  object space 64000K, 80% used [0x00000000d0000000,0x00000000d327f440,0x00000000d3e80000)
 Metaspace       used 52808K, capacity 54334K, committed 54724K, reserved 1097728K
  class space    used 5862K, capacity 6332K, committed 6400K, reserved 1048576K
Event: 9.417 GC heap after
Heap after GC invocations=57 (full 4):
 PSYoungGen      total 218624K, used 18114K [0x00000000f0000000, 0x0000000100000000, 0x0000000100000000)
  eden space 196608K, 0% used [0x00000000f0000000,0x00000000f0000000,0x00000000fc000000)
  from space 22016K, 82% used [0x00000000fc000000,0x00000000fd1b0b30,0x00000000fd580000)
  to   space 24064K, 0% used [0x00000000fe880000,0x00000000fe880000,0x0000000100000000)
 ParOldGen       total 64000K, used 51717K [0x00000000d0000000, 0x00000000d3e80000, 0x00000000f0000000)
  object space 64000K, 80% used [0x00000000d0000000,0x00000000d3281440,0x00000000d3e80000)
 Metaspace       used 52808K, capacity 54334K, committed 54724K, reserved 1097728K
  class space    used 5862K, capacity 6332K, committed 6400K, reserved 1048576K
}
Event: 9.767 GC heap before
{Heap before GC invocations=58 (full 4):
 PSYoungGen      total 218624K, used 214722K [0x00000000f0000000, 0x0000000100000000, 0x0000000100000000)
  eden space 196608K, 100% used [0x00000000f0000000,0x00000000fc000000,0x00000000fc000000)
  from space 22016K, 82% used [0x00000000fc000000,0x00000000fd1b0b30,0x00000000fd580000)
  to   space 24064K, 0% used [0x00000000fe880000,0x00000000fe880000,0x0000000100000000)
 ParOldGen       total 64000K, used 51717K [0x00000000d0000000, 0x00000000d3e80000, 0x00000000f0000000)
  object space 64000K, 80% used [0x00000000d0000000,0x00000000d3281440,0x00000000d3e80000)
 Metaspace       used 53883K, capacity 55422K, committed 55876K, reserved 1099776K
  class space    used 5994K, capacity 6460K, committed 6528K, reserved 1048576K
Event: 9.780 GC heap after
Heap after GC invocations=58 (full 4):
 PSYoungGen      total 233984K, used 20870K [0x00000000f0000000, 0x0000000100000000, 0x0000000100000000)
  eden space 209920K, 0% used [0x00000000f0000000,0x00000000f0000000,0x00000000fcd00000)
  from space 24064K, 86% used [0x00000000fe880000,0x00000000ffce1930,0x0000000100000000)
  to   space 26112K, 0% used [0x00000000fcd00000,0x00000000fcd00000,0x00000000fe680000)
 ParOldGen       total 64000K, used 51725K [0x00000000d0000000, 0x00000000d3e80000, 0x00000000f0000000)
  object space 64000K, 80% used [0x00000000d0000000,0x00000000d3283440,0x00000000d3e80000)
 Metaspace       used 53883K, capacity 55422K, committed 55876K, reserved 1099776K
  class space    used 5994K, capacity 6460K, committed 6528K, reserved 1048576K
}
Event: 10.307 GC heap before
{Heap before GC invocations=59 (full 4):
 PSYoungGen      total 233984K, used 230790K [0x00000000f0000000, 0x0000000100000000, 0x0000000100000000)
  eden space 209920K, 100% used [0x00000000f0000000,0x00000000fcd00000,0x00000000fcd00000)
  from space 24064K, 86% used [0x00000000fe880000,0x00000000ffce1930,0x0000000100000000)
  to   space 26112K, 0% used [0x00000000fcd00000,0x00000000fcd00000,0x00000000fe680000)
 ParOldGen       total 64000K, used 51725K [0x00000000d0000000, 0x00000000d3e80000, 0x00000000f0000000)
  object space 64000K, 80% used [0x00000000d0000000,0x00000000d3283440,0x00000000d3e80000)
 Metaspace       used 54869K, capacity 56440K, committed 56772K, reserved 1099776K
  class space    used 6117K, capacity 6572K, committed 6656K, reserved 1048576K
Event: 10.321 GC heap after
Heap after GC invocations=59 (full 4):
 PSYoungGen      total 236032K, used 26104K [0x00000000f0000000, 0x0000000100000000, 0x0000000100000000)
  eden space 209920K, 0% used [0x00000000f0000000,0x00000000f0000000,0x00000000fcd00000)
  from space 26112K, 99% used [0x00000000fcd00000,0x00000000fe67e310,0x00000000fe680000)
  to   space 26112K, 0% used [0x00000000fe680000,0x00000000fe680000,0x0000000100000000)
 ParOldGen       total 64000K, used 52726K [0x00000000d0000000, 0x00000000d3e80000, 0x00000000f0000000)
  object space 64000K, 82% used [0x00000000d0000000,0x00000000d337da70,0x00000000d3e80000)
 Metaspace       used 54869K, capacity 56440K, committed 56772K, reserved 1099776K
  class space    used 6117K, capacity 6572K, committed 6656K, reserved 1048576K
}
Event: 10.996 GC heap before
{Heap before GC invocations=60 (full 4):
 PSYoungGen      total 236032K, used 235548K [0x00000000f0000000, 0x0000000100000000, 0x0000000100000000)
  eden space 209920K, 99% used [0x00000000f0000000,0x00000000fcc88e90,0x00000000fcd00000)
  from space 26112K, 99% used [0x00000000fcd00000,0x00000000fe67e310,0x00000000fe680000)
  to   space 26112K, 0% used [0x00000000fe680000,0x00000000fe680000,0x0000000100000000)
 ParOldGen       total 64000K, used 52726K [0x00000000d0000000, 0x00000000d3e80000, 0x00000000f0000000)
  object space 64000K, 82% used [0x00000000d0000000,0x00000000d337da70,0x00000000d3e80000)
 Metaspace       used 56436K, capacity 57996K, committed 58180K, reserved 1101824K
  class space    used 6264K, capacity 6771K, committed 6784K, reserved 1048576K
Event: 11.012 GC heap after
Heap after GC invocations=60 (full 4):
 PSYoungGen      total 213504K, used 26089K [0x00000000f0000000, 0x0000000100000000, 0x0000000100000000)
  eden space 187392K, 0% used [0x00000000f0000000,0x00000000f0000000,0x00000000fb700000)
  from space 26112K, 99% used [0x00000000fe680000,0x00000000ffffa5f0,0x0000000100000000)
  to   space 37376K, 0% used [0x00000000fb700000,0x00000000fb700000,0x00000000fdb80000)
 ParOldGen       total 64000K, used 63077K [0x00000000d0000000, 0x00000000d3e80000, 0x00000000f0000000)
  object space 64000K, 98% used [0x00000000d0000000,0x00000000d3d99510,0x00000000d3e80000)
 Metaspace       used 56436K, capacity 57996K, committed 58180K, reserved 1101824K
  class space    used 6264K, capacity 6771K, committed 6784K, reserved 1048576K
}
Event: 11.012 GC heap before
{Heap before GC invocations=61 (full 5):
 PSYoungGen      total 213504K, used 26089K [0x00000000f0000000, 0x0000000100000000, 0x0000000100000000)
  eden space 187392K, 0% used [0x00000000f0000000,0x00000000f0000000,0x00000000fb700000)
  from space 26112K, 99% used [0x00000000fe680000,0x00000000ffffa5f0,0x0000000100000000)
  to   space 37376K, 0% used [0x00000000fb700000,0x00000000fb700000,0x00000000fdb80000)
 ParOldGen       total 64000K, used 63077K [0x00000000d0000000, 0x00000000d3e80000, 0x00000000f0000000)
  object space 64000K, 98% used [0x00000000d0000000,0x00000000d3d99510,0x00000000d3e80000)
 Metaspace       used 56436K, capacity 57996K, committed 58180K, reserved 1101824K
  class space    used 6264K, capacity 6771K, committed 6784K, reserved 1048576K
Event: 11.545 GC heap after
Heap after GC invocations=61 (full 5):
 PSYoungGen      total 213504K, used 22837K [0x00000000f0000000, 0x0000000100000000, 0x0000000100000000)
  eden space 187392K, 0% used [0x00000000f0000000,0x00000000f0000000,0x00000000fb700000)
  from space 26112K, 87% used [0x00000000fe680000,0x00000000ffccd410,0x0000000100000000)
  to   space 37376K, 0% used [0x00000000fb700000,0x00000000fb700000,0x00000000fdb80000)
 ParOldGen       total 75776K, used 63964K [0x00000000d0000000, 0x00000000d4a00000, 0x00000000f0000000)
  object space 75776K, 84% used [0x00000000d0000000,0x00000000d3e773d0,0x00000000d4a00000)
 Metaspace       used 56436K, capacity 57996K, committed 58180K, reserved 1101824K
  class space    used 6264K, capacity 6771K, committed 6784K, reserved 1048576K
}

Deoptimization events (10 events):
Event: 10.055 Thread 0x000000001b35c000 Uncommon trap: reason=bimorphic action=maybe_recompile pc=0x0000000003d2b824 method=groovy.lang.MetaClassImpl$1MOPIter.methodNameAction(Ljava/lang/Class;Lorg/codehaus/groovy/runtime/metaclass/MetaMethodIndex$Entry;)V @ 62
Event: 10.055 Thread 0x000000001b35c000 Uncommon trap: reason=bimorphic action=maybe_recompile pc=0x0000000003d2b824 method=groovy.lang.MetaClassImpl$1MOPIter.methodNameAction(Ljava/lang/Class;Lorg/codehaus/groovy/runtime/metaclass/MetaMethodIndex$Entry;)V @ 62
Event: 10.055 Thread 0x000000001b35c000 Uncommon trap: reason=bimorphic action=maybe_recompile pc=0x0000000003d2b824 method=groovy.lang.MetaClassImpl$1MOPIter.methodNameAction(Ljava/lang/Class;Lorg/codehaus/groovy/runtime/metaclass/MetaMethodIndex$Entry;)V @ 62
Event: 10.328 Thread 0x000000001b35c000 Uncommon trap: reason=class_check action=maybe_recompile pc=0x0000000003d66ca8 method=java.lang.reflect.Executable.getAnnotation(Ljava/lang/Class;)Ljava/lang/annotation/Annotation; @ 19
Event: 10.628 Thread 0x000000001b35c000 Uncommon trap: reason=unreached action=reinterpret pc=0x0000000003e23940 method=java.lang.reflect.AnnotatedElement.isAnnotationPresent(Ljava/lang/Class;)Z @ 7
Event: 10.779 Thread 0x000000001b35c000 Uncommon trap: reason=unreached action=reinterpret pc=0x0000000003d19dc0 method=org.codehaus.groovy.runtime.metaclass.MetaMethodIndex.getMethods(Ljava/lang/Class;Ljava/lang/String;)Lorg/codehaus/groovy/runtime/metaclass/MetaMethodIndex$Entry; @ 61
Event: 10.851 Thread 0x000000001b35c000 Uncommon trap: reason=class_check action=maybe_recompile pc=0x0000000003d66ca8 method=java.lang.reflect.Executable.getAnnotation(Ljava/lang/Class;)Ljava/lang/annotation/Annotation; @ 19
Event: 11.657 Thread 0x000000001b35c000 Uncommon trap: reason=class_check action=maybe_recompile pc=0x0000000003d66ca8 method=java.lang.reflect.Executable.getAnnotation(Ljava/lang/Class;)Ljava/lang/annotation/Annotation; @ 19
Event: 11.728 Thread 0x000000001b35c000 Uncommon trap: reason=predicate action=maybe_recompile pc=0x0000000002d6c788 method=java.nio.charset.CharsetDecoder.decode(Ljava/nio/ByteBuffer;Ljava/nio/CharBuffer;Z)Ljava/nio/charset/CoderResult; @ 54
Event: 11.893 Thread 0x000000001b35c000 Uncommon trap: reason=class_check action=maybe_recompile pc=0x0000000003d66ca8 method=java.lang.reflect.Executable.getAnnotation(Ljava/lang/Class;)Ljava/lang/annotation/Annotation; @ 19

Internal exceptions (10 events):
Event: 11.900 Thread 0x000000001b35c000 Exception <a 'java/security/PrivilegedActionException'> (0x00000000f968da38) thrown at [C:\re\workspace\8-2-build-windows-amd64-cygwin\jdk8u11\648\hotspot\src\share\vm\prims\jvm.cpp, line 1248]
Event: 11.900 Thread 0x000000001b35c000 Exception <a 'java/lang/ClassNotFoundException': org/codehaus/groovy/grails/commons/metaclass/MetaClassEnhancer$1BeanInfo> (0x00000000f968e978) thrown at [C:\re\workspace\8-2-build-windows-amd64-cygwin\jdk8u11\648\hotspot\src\share\vm\classfile\systemDicti
Event: 11.900 Thread 0x000000001b35c000 Exception <a 'java/security/PrivilegedActionException'> (0x00000000f968fc78) thrown at [C:\re\workspace\8-2-build-windows-amd64-cygwin\jdk8u11\648\hotspot\src\share\vm\prims\jvm.cpp, line 1248]
Event: 11.901 Thread 0x000000001b35c000 Exception <a 'java/security/PrivilegedActionException'> (0x00000000f9694860) thrown at [C:\re\workspace\8-2-build-windows-amd64-cygwin\jdk8u11\648\hotspot\src\share\vm\prims\jvm.cpp, line 1248]
Event: 11.901 Thread 0x000000001b35c000 Exception <a 'java/security/PrivilegedActionException'> (0x00000000f96a6868) thrown at [C:\re\workspace\8-2-build-windows-amd64-cygwin\jdk8u11\648\hotspot\src\share\vm\prims\jvm.cpp, line 1248]
Event: 11.901 Thread 0x000000001b35c000 Exception <a 'java/security/PrivilegedActionException'> (0x00000000f96bde38) thrown at [C:\re\workspace\8-2-build-windows-amd64-cygwin\jdk8u11\648\hotspot\src\share\vm\prims\jvm.cpp, line 1248]
Event: 11.901 Thread 0x000000001b35c000 Exception <a 'java/security/PrivilegedActionException'> (0x00000000f96c2a20) thrown at [C:\re\workspace\8-2-build-windows-amd64-cygwin\jdk8u11\648\hotspot\src\share\vm\prims\jvm.cpp, line 1248]
Event: 11.901 Thread 0x000000001b35c000 Exception <a 'java/security/PrivilegedActionException'> (0x00000000f96d4a28) thrown at [C:\re\workspace\8-2-build-windows-amd64-cygwin\jdk8u11\648\hotspot\src\share\vm\prims\jvm.cpp, line 1248]
Event: 11.901 Thread 0x000000001b35c000 Exception <a 'java/security/PrivilegedActionException'> (0x00000000f96fd028) thrown at [C:\re\workspace\8-2-build-windows-amd64-cygwin\jdk8u11\648\hotspot\src\share\vm\prims\jvm.cpp, line 1248]
Event: 11.901 Thread 0x000000001b35c000 Exception <a 'java/lang/ClassNotFoundException': org/codehaus/groovy/grails/commons/metaclass/MetaClassEnhancer$1Customizer> (0x00000000f96fdf70) thrown at [C:\re\workspace\8-2-build-windows-amd64-cygwin\jdk8u11\648\hotspot\src\share\vm\classfile\systemDic˜¡}üÌ'@

Events (10 events):
Event: 11.900 Thread 0x0000000016e61000 flushing nmethod 0x00000000036512d0
Event: 11.900 Thread 0x0000000016e61000 flushing nmethod 0x0000000003689190
Event: 11.900 loading class org/codehaus/groovy/grails/commons/metaclass/MetaClassEnhancer$1BeanInfo
Event: 11.900 loading class org/codehaus/groovy/grails/commons/metaclass/MetaClassEnhancer$1BeanInfo done
Event: 11.900 loading class org/codehaus/groovy/grails/commons/metaclass/MetaClassEnhancer$1Customizer
Event: 11.900 loading class org/codehaus/groovy/grails/commons/metaclass/MetaClassEnhancer$1Customizer done
Event: 11.901 loading class org/codehaus/groovy/grails/commons/metaclass/MetaClassEnhancer$1Customizer
Event: 11.901 loading class org/codehaus/groovy/grails/commons/metaclass/MetaClassEnhancer$1Customizer done
Event: 11.901 loading class org/codehaus/groovy/grails/commons/metaclass/MetaClassEnhancer$1Customizer
Event: 11.901 loading class org/codehaus/groovy/grails/commons/metaclass/MetaClassEnhancer$1Customizer done


Dynamic libraries:
0x00007ff6eaa30000 - 0x00007ff6eaa64000 	C:\Program Files\Java\jdk1.8.0_11\bin\java.exe
0x00007ffc24ab0000 - 0x00007ffc24c56000 	C:\Windows\SYSTEM32\ntdll.dll
0x00007ffc23df0000 - 0x00007ffc23f2a000 	C:\Windows\system32\KERNEL32.DLL
0x00007ffc21f50000 - 0x00007ffc2205f000 	C:\Windows\system32\KERNELBASE.dll
0x00007ffc20a60000 - 0x00007ffc20ae8000 	C:\Windows\system32\apphelp.dll
0x00007ffc12300000 - 0x00007ffc1234f000 	C:\Windows\AppPatch\AppPatch64\AcGenral.DLL
0x00007ffc24220000 - 0x00007ffc242c7000 	C:\Windows\system32\msvcrt.dll
0x00007ffc21c70000 - 0x00007ffc21c9b000 	C:\Windows\SYSTEM32\SspiCli.dll
0x00007ffc23f30000 - 0x00007ffc23f81000 	C:\Windows\system32\SHLWAPI.dll
0x00007ffc242e0000 - 0x00007ffc24451000 	C:\Windows\system32\USER32.dll
0x00007ffc248d0000 - 0x00007ffc24a48000 	C:\Windows\system32\ole32.dll
0x00007ffc229e0000 - 0x00007ffc23def000 	C:\Windows\system32\SHELL32.dll
0x00007ffc217f0000 - 0x00007ffc2180e000 	C:\Windows\SYSTEM32\USERENV.dll
0x00007ffc22870000 - 0x00007ffc22915000 	C:\Windows\system32\ADVAPI32.dll
0x00007ffc14020000 - 0x00007ffc1403b000 	C:\Windows\SYSTEM32\MPR.dll
0x00007ffc24710000 - 0x00007ffc24847000 	C:\Windows\system32\RPCRT4.dll
0x00007ffc24460000 - 0x00007ffc244b7000 	C:\Windows\SYSTEM32\sechost.dll
0x00007ffc23f90000 - 0x00007ffc24166000 	C:\Windows\SYSTEM32\combase.dll
0x00007ffc22620000 - 0x00007ffc22764000 	C:\Windows\system32\GDI32.dll
0x00007ffc21e30000 - 0x00007ffc21e44000 	C:\Windows\SYSTEM32\profapi.dll
0x00007ffc20050000 - 0x00007ffc200ef000 	C:\Windows\SYSTEM32\SHCORE.dll
0x00007ffc24a70000 - 0x00007ffc24aa4000 	C:\Windows\system32\IMM32.DLL
0x00007ffc224e0000 - 0x00007ffc22619000 	C:\Windows\system32\MSCTF.dll
0x00007ffc1fae0000 - 0x00007ffc1fd3a000 	C:\Windows\WinSxS\amd64_microsoft.windows.common-controls_6595b64144ccf1df_6.0.9600.17031_none_6242a4b3ecbb55a1\COMCTL32.dll
0x0000000057430000 - 0x0000000057502000 	C:\Program Files\Java\jdk1.8.0_11\jre\bin\msvcr100.dll
0x0000000056c00000 - 0x000000005742a000 	C:\Program Files\Java\jdk1.8.0_11\jre\bin\server\jvm.dll
0x00007ffc1a770000 - 0x00007ffc1a779000 	C:\Windows\SYSTEM32\WSOCK32.dll
0x00007ffc1d7a0000 - 0x00007ffc1d7bf000 	C:\Windows\SYSTEM32\WINMM.dll
0x00007ffc244c0000 - 0x00007ffc244c7000 	C:\Windows\system32\PSAPI.DLL
0x00007ffc22810000 - 0x00007ffc22868000 	C:\Windows\system32\WS2_32.dll
0x00007ffc1d760000 - 0x00007ffc1d78a000 	C:\Windows\SYSTEM32\WINMMBASE.dll
0x00007ffc242d0000 - 0x00007ffc242d9000 	C:\Windows\system32\NSI.dll
0x00007ffc222f0000 - 0x00007ffc2233a000 	C:\Windows\SYSTEM32\cfgmgr32.dll
0x00007ffc20ce0000 - 0x00007ffc20d06000 	C:\Windows\SYSTEM32\DEVOBJ.dll
0x0000000056bf0000 - 0x0000000056bff000 	C:\Program Files\Java\jdk1.8.0_11\jre\bin\verify.dll
0x0000000056bc0000 - 0x0000000056be8000 	C:\Program Files\Java\jdk1.8.0_11\jre\bin\java.dll
0x0000000056b30000 - 0x0000000056b53000 	C:\Program Files\Java\jdk1.8.0_11\jre\bin\instrument.dll
0x0000000056ba0000 - 0x0000000056bb6000 	C:\Program Files\Java\jdk1.8.0_11\jre\bin\zip.dll
0x00007ffc21810000 - 0x00007ffc2182e000 	C:\Windows\SYSTEM32\CRYPTSP.dll
0x00007ffc212f0000 - 0x00007ffc21325000 	C:\Windows\system32\rsaenh.dll
0x00007ffc21940000 - 0x00007ffc21966000 	C:\Windows\SYSTEM32\bcrypt.dll
0x00007ffc21ca0000 - 0x00007ffc21d00000 	C:\Windows\system32\bcryptprimitives.dll
0x00007ffc21d00000 - 0x00007ffc21d0a000 	C:\Windows\SYSTEM32\CRYPTBASE.dll
0x0000000056b80000 - 0x0000000056b9a000 	C:\Program Files\Java\jdk1.8.0_11\jre\bin\net.dll
0x00007ffc21640000 - 0x00007ffc21698000 	C:\Windows\system32\mswsock.dll
0x00007ffc1b960000 - 0x00007ffc1b989000 	C:\Windows\SYSTEM32\IPHLPAPI.DLL
0x00007ffc1b700000 - 0x00007ffc1b70a000 	C:\Windows\SYSTEM32\WINNSI.DLL
0x00007ffc1b590000 - 0x00007ffc1b5a4000 	C:\Windows\SYSTEM32\dhcpcsvc6.DLL
0x00007ffc1b570000 - 0x00007ffc1b589000 	C:\Windows\SYSTEM32\dhcpcsvc.DLL
0x0000000056b60000 - 0x0000000056b71000 	C:\Program Files\Java\jdk1.8.0_11\jre\bin\nio.dll
0x00007ffc183c0000 - 0x00007ffc183ca000 	C:\Users\D-Roc\AppData\Local\Temp\jansi-64-6676813983751953870.dll
0x0000000056ae0000 - 0x0000000056aed000 	C:\Program Files\Java\jdk1.8.0_11\jre\bin\management.dll
0x00007ffc19410000 - 0x00007ffc19424000 	C:\Windows\system32\napinsp.dll
0x00007ffc193f0000 - 0x00007ffc19409000 	C:\Windows\system32\pnrpnsp.dll
0x00007ffc1c750000 - 0x00007ffc1c769000 	C:\Windows\system32\NLAapi.dll
0x00007ffc21520000 - 0x00007ffc215c3000 	C:\Windows\SYSTEM32\DNSAPI.dll
0x00007ffc193e0000 - 0x00007ffc193ec000 	C:\Windows\System32\winrnr.dll
0x00007ffc188b0000 - 0x00007ffc188b9000 	C:\Windows\System32\rasadhlp.dll
0x00007ffc1b1f0000 - 0x00007ffc1b258000 	C:\Windows\System32\fwpuclnt.dll
0x00007ffc1c4a0000 - 0x00007ffc1c628000 	C:\Windows\SYSTEM32\dbghelp.dll

VM Arguments:
jvm_args: -Dfile.encoding=UTF-8 -Xmx768M -Xms64M -Dgrails.fork.parent.process.port=62687 -Dgrails.fork.active=true -Dgrails.build.execution.context=C:\Users\D-Roc\AppData\Local\Temp\hubbub6131229448764111341grails-execution-context -Dgrails.home=C:\Spring\sts-bundle\grails-2.4.3 -javaagent:C:\Spring\sts-bundle\grails-2.4.3\lib\org.springframework\springloaded\jars\springloaded-1.2.0.RELEASE.jar -Xverify:none -Dspringloaded.synchronize=true -Djdk.reflect.allowGetCallerClass=true -Dspringloaded=profile=grails;cacheDir=C:\Users\D-Roc\.grails\2.4.3 
java_command: org.grails.plugins.tomcat.fork.ForkedTomcatServer
java_class_path (initial): C:\Program Files\Java\jdk1.8.0_11\lib\tools.jar;C:\Spring\sts-bundle\grails-2.4.3\lib\org.codehaus.groovy\groovy-all\jars\groovy-all-2.3.6.jar;C:\Spring\sts-bundle\grails-2.4.3\lib\org.slf4j\jcl-over-slf4j\jars\jcl-over-slf4j-1.7.5.jar;C:\Spring\sts-bundle\grails-2.4.3\lib\org.codehaus.gant\gant_groovy1.8\jars\gant_groovy1.8-1.9.6.jar;C:\Spring\sts-bundle\grails-2.4.3\lib\org.apache.tomcat.embed\tomcat-embed-logging-log4j\jars\tomcat-embed-logging-log4j-7.0.50.jar;C:\Spring\sts-bundle\grails-2.4.3\dist\grails-plugin-log4j-2.4.3.jar;C:\Spring\sts-bundle\grails-2.4.3\lib\log4j\log4j\jars\log4j-1.2.17.jar;C:\Spring\sts-bundle\grails-2.4.3\dist\grails-bootstrap-2.4.3.jar;C:\Spring\sts-bundle\grails-2.4.3\lib\org.slf4j\slf4j-api\jars\slf4j-api-1.7.5.jar;C:\Spring\sts-bundle\grails-2.4.3\lib\jline\jline\jars\jline-2.12.jar;C:\Spring\sts-bundle\grails-2.4.3\lib\org.apache.ant\ant\jars\ant-1.8.4.jar;C:\Spring\sts-bundle\grails-2.4.3\lib\org.apache.ant\ant-launcher\jars\ant-launcher-1.8.4.jar;C:\Spring\sts-bundle\grails-2.4.3\lib\org.apache.ant\ant-trax\jars\ant-trax-1.7.1.jar;C:\Spring\sts-bundle\grails-2.4.3\lib\org.apache.ant\ant-junit\jars\ant-junit-1.8.4.jar;C:\Spring\sts-bundle\grails-2.4.3\lib\org.apache.ivy\ivy\jars\ivy-2.3.0.jar;C:\Spring\sts-bundle\grails-2.4.3\lib\org.fusesource.jansi\jansi\jars\jansi-1.11.jar;C:\Users\D-Roc\.m2\repository\org\apache\tomcat\tomcat-catalina-ant\7.0.55\tomcat-catalina-ant-7.0.55.jar;C:\Users\D-Roc\.m2\repository\org\apache\tomcat\embed\tomcat-embed-jasper\7.0.55\tomcat-embed-jasper-7.0.55.jar;C:\Users\D-Roc\.m2\repository\org\apache\tomcat\embed\tomcat-embed-el\7.0.55\tomcat-embed-el-7.0.55.jar;C:\Users\D-Roc\.m2\repository\org\apache\tomcat\embed\tomcat-embed-logging-log4j\7.0.55\tomcat-embed-logging-log4j-7.0.55.jar;C:\Users\D-Roc\.m2\repository\org\apache\tomcat\embed\tomcat-embed-websocket\7.0.55\tomcat-embed-websocket-7.0.55.jar;C:\Users\D-Roc\.m2\repository\org\apache\tomcat\embed\tomcat-embed-core
Launcher Type: SUN_STANDARD

Environment Variables:
JAVA_HOME=C:\Program Files\Java\jdk1.8.0_11
PATH=C:\Program Files\Java\jdk1.8.0_11\bin\bin;C:\Java Tools\gradle-2.1\bin;C:\Java Tools\apache-maven-3.2.3\bin;C:\ProgramData\Oracle\Java\javapath;C:\Program Files (x86)\iis express\PHP\v5.4;C:\play-2.2.4;C:\Program Files\Java\jdk1.8.0_11\bin;C:\Program Files (x86)\NVIDIA Corporation\PhysX\Common;C:\Program Files (x86)\Intel\iCLS Client\;C:\Program Files\Intel\iCLS Client\;C:\Windows\system32;C:\Windows;C:\Windows\System32\Wbem;C:\Windows\System32\WindowsPowerShell\v1.0\;C:\Program Files\Intel\Intel(R) Management Engine Components\DAL;C:\Program Files\Intel\Intel(R) Management Engine Components\IPT;C:\Program Files (x86)\Intel\Intel(R) Management Engine Components\DAL;C:\Program Files (x86)\Intel\Intel(R) Management Engine Components\IPT;C:\Program Files (x86)\Intel\OpenCL SDK\3.0\bin\x86;C:\Program Files (x86)\Intel\OpenCL SDK\3.0\bin\x64;C:\Program Files (x86)\Microsoft ASP.NET\ASP.NET Web Pages\v1.0\;C:\Program Files\Microsoft SQL Server\110\Tools\Binn\;C:\Program Files\Microsoft\Web Platform Installer\;C:\Program Files (x86)\GtkSharp\2.12\bin;C:\Program Files (x86)\Microsoft SQL Server\110\Tools\Binn\ManagementStudio\;C:\Program Files (x86)\Microsoft SQL Server\110\Tools\Binn\;C:\Program Files (x86)\Microsoft SQL Server\110\DTS\Binn\;C:\Program Files\Microsoft SQL Server\110\DTS\Binn\;C:\Program Files (x86)\Windows Kits\8.1\Windows Performance Toolkit\;C:\ggts-bundle\grails-2.4.2\bin;C:\Program Files\Microsoft SQL Server\120\Tools\Binn\;C:\Program Files (x86)\Microsoft SDKs\TypeScript\1.0;C:\Program Files (x86)\nodejs\;C:\Program Files (x86)\CloudFoundry;C:\Program Files (x86)\Git\cmd;C:\Program Files (x86)\Git\bin;C:\Ruby193\bin;C:\Users\D-Roc\AppData\Roaming\npm\
USERNAME=D-Roc
OS=Windows_NT
PROCESSOR_IDENTIFIER=Intel64 Family 6 Model 60 Stepping 3, GenuineIntel



---------------  S Y S T E M  ---------------

OS: Windows 8.1 , 64 bit Build 9600 

CPU:total 8 (4 cores per cpu, 2 threads per core) family 6 model 60 stepping 3, cmov, cx8, fxsr, mmx, sse, sse2, sse3, ssse3, sse4.1, sse4.2, popcnt, avx, avx2, aes, clmul, erms, ht, tsc, tscinvbit

Memory: 4k page, physical 16662340k(7748964k free), swap 21099896k(8879500k free)

vm_info: Java HotSpot(TM) 64-Bit Server VM (25.11-b03) for windows-amd64 JRE (1.8.0_11-b12), built on Jun 16 2014 20:57:32 by "java_re" with MS VC++ 10.0 (VS2010)

time: Sun Nov 09 08:15:29 2014
elapsed time: 11 seconds

