#
# A fatal error has been detected by the Java Runtime Environment:
#
#  EXCEPTION_ACCESS_VIOLATION (0xc0000005) at pc=0x0000000057024db2, pid=215360, tid=216652
#
# JRE version: Java(TM) SE Runtime Environment (8.0_11-b12) (build 1.8.0_11-b12)
# Java VM: Java HotSpot(TM) 64-Bit Server VM (25.11-b03 mixed mode windows-amd64 compressed oops)
# Problematic frame:
# V  [jvm.dll+0x424db2]
#
# Failed to write core dump. Minidumps are not enabled by default on client versions of Windows
#
# If you would like to submit a bug report, please visit:
#   http://bugreport.sun.com/bugreport/crash.jsp
#

---------------  T H R E A D  ---------------

Current thread (0x0000000017284000):  JavaThread "C2 CompilerThread0" daemon [_thread_in_native, id=216652, stack(0x0000000017740000,0x0000000017840000)]

siginfo: ExceptionCode=0xc0000005, reading address 0x0000000000000000

Registers:
RAX=0x00000000191a87f8, RBX=0x0000000000000600, RCX=0x0000000000000000, RDX=0x00000000191a4130
RSP=0x000000001783c130, RBP=0x00000000000000c0, RSI=0x00000000000000b8, RDI=0x0000000000000000
R8 =0x0000000056c00000, R9 =0x000000001783c450, R10=0x00000000ffffffff, R11=0x00000000172bece0
R12=0x00000000191a8f00, R13=0x0000000019bd0c58, R14=0x0000000000000008, R15=0x0000000019bd0c58
RIP=0x0000000057024db2, EFLAGS=0x0000000000010206

Top of Stack: (sp=0x000000001783c130)
0x000000001783c130:   00000000000000da 00000000000000b0
0x000000001783c140:   000000000000000a 000000001750d108
0x000000001783c150:   0000000000000001 0000000000000600
0x000000001783c160:   0000000000000180 00000000000000c0
0x000000001783c170:   000000001a78b2c0 00000000172a4310
0x000000001783c180:   0000000000000770 000000001912f920
0x000000001783c190:   000000001783c450 00000000191a5890
0x000000001783c1a0:   0000000000000020 0000000000000009
0x000000001783c1b0:   00000000191a8ed0 00000000000000da
0x000000001783c1c0:   0000000019bd0c58 000000005702598d
0x000000001783c1d0:   00000000191a8ed0 000000000000001c
0x000000001783c1e0:   00000000000000da 000000001783c450
0x000000001783c1f0:   00000000191a4130 00000000000000da
0x000000001783c200:   00000000191a5890 0000000000000020
0x000000001783c210:   000000001a5cd298 000000001783e7c0
0x000000001783c220:   000000001a5cd8c8 00000000191a8ed0 

Instructions: (pc=0x0000000057024db2)
0x0000000057024d92:   c6 48 63 f0 48 03 f1 eb 04 48 83 ce ff 48 8b 84
0x0000000057024da2:   24 a0 00 00 00 48 8b 40 08 48 8b 3c 03 48 8b cf
0x0000000057024db2:   48 8b 07 ff 50 28 4c 8d 05 41 b2 bd ff 48 63 50
0x0000000057024dc2:   10 4c 8b d8 48 8b ca 48 c1 e1 05 42 80 bc 01 c0 


Register to memory mapping:

RAX=0x00000000191a87f8 is an unknown value
RBX=0x0000000000000600 is an unknown value
RCX=0x0000000000000000 is an unknown value
RDX=0x00000000191a4130 is an unknown value
RSP=0x000000001783c130 is pointing into the stack for thread: 0x0000000017284000
RBP=0x00000000000000c0 is an unknown value
RSI=0x00000000000000b8 is an unknown value
RDI=0x0000000000000000 is an unknown value
R8 =0x0000000056c00000 is an unknown value
R9 =0x000000001783c450 is pointing into the stack for thread: 0x0000000017284000
R10=0x00000000ffffffff is an unknown value
R11=0x00000000172bece0 is an unknown value
R12=0x00000000191a8f00 is an unknown value
R13=0x0000000019bd0c58 is an unknown value
R14=0x0000000000000008 is an unknown value
R15=0x0000000019bd0c58 is an unknown value


Stack: [0x0000000017740000,0x0000000017840000],  sp=0x000000001783c130,  free space=1008k
Native frames: (J=compiled Java code, j=interpreted, Vv=VM code, C=native code)
V  [jvm.dll+0x424db2]
V  [jvm.dll+0x42598d]
V  [jvm.dll+0x425ecf]
V  [jvm.dll+0x4c5a84]
V  [jvm.dll+0x4415bc]
V  [jvm.dll+0x443a29]
V  [jvm.dll+0x427722]
V  [jvm.dll+0x96982]
V  [jvm.dll+0x97173]
V  [jvm.dll+0x2234b4]
V  [jvm.dll+0x27bcca]
C  [msvcr100.dll+0x21d9f]
C  [msvcr100.dll+0x21e3b]
C  [KERNEL32.DLL+0x16ad]
C  [ntdll.dll+0x54409]


Current CompileTask:
C2:  12398 5995       4       groovy.lang.MetaClassImpl::findPropertyMethod (356 bytes)


---------------  P R O C E S S  ---------------

Java Threads: ( => current thread )
  0x000000001a74d000 JavaThread "net.sf.ehcache.CacheManager@364f5fb6" daemon [_thread_blocked, id=202452, stack(0x0000000020b60000,0x0000000020c60000)]
  0x000000001df5d800 JavaThread "H2 Log Writer DEVDB" daemon [_thread_blocked, id=219880, stack(0x0000000020660000,0x0000000020760000)]
  0x000000001dff4000 JavaThread "H2 File Lock Watchdog C:/Users/D-Roc/Documents/workspace-sts-3.6.0.RELEASE/hubbub/devDb.lock.db" daemon [_thread_blocked, id=219636, stack(0x0000000020360000,0x0000000020460000)]
  0x000000001a1e4800 JavaThread "PoolCleaner[87674905:1415540713144]" daemon [_thread_blocked, id=197048, stack(0x000000001cc90000,0x000000001cd90000)]
  0x000000001acee000 JavaThread "FileSystemWatcher: files=#106 cl=groovy.lang.GroovyClassLoader@539d019" daemon [_thread_blocked, id=217860, stack(0x000000001cb90000,0x000000001cc90000)]
  0x000000001a1df800 JavaThread "localhost-startStop-1" daemon [_thread_in_Java, id=201436, stack(0x000000001ca90000,0x000000001cb90000)]
  0x000000001bab3000 JavaThread "Tomcat-startStop-1" daemon [_thread_blocked, id=216632, stack(0x000000001c990000,0x000000001ca90000)]
  0x00000000196b7000 JavaThread "Thread-3" [_thread_in_native, id=215192, stack(0x000000001b1b0000,0x000000001b2b0000)]
  0x0000000018273000 JavaThread "Thread-2" [_thread_blocked, id=216924, stack(0x000000001c490000,0x000000001c590000)]
  0x0000000018118800 JavaThread "NonBlockingInputStreamThread" daemon [_thread_blocked, id=215860, stack(0x0000000018b10000,0x0000000018c10000)]
  0x0000000017424800 JavaThread "Service Thread" daemon [_thread_blocked, id=214268, stack(0x0000000017b40000,0x0000000017c40000)]
  0x00000000172ad800 JavaThread "C1 CompilerThread3" daemon [_thread_blocked, id=220088, stack(0x0000000017a40000,0x0000000017b40000)]
  0x0000000017280800 JavaThread "C2 CompilerThread2" daemon [_thread_in_native, id=202160, stack(0x0000000017940000,0x0000000017a40000)]
  0x000000001729e000 JavaThread "C2 CompilerThread1" daemon [_thread_in_native, id=217748, stack(0x0000000017840000,0x0000000017940000)]
=>0x0000000017284000 JavaThread "C2 CompilerThread0" daemon [_thread_in_native, id=216652, stack(0x0000000017740000,0x0000000017840000)]
  0x0000000017167800 JavaThread "Attach Listener" daemon [_thread_blocked, id=215204, stack(0x0000000017640000,0x0000000017740000)]
  0x0000000017166800 JavaThread "Signal Dispatcher" daemon [_thread_blocked, id=219692, stack(0x0000000017540000,0x0000000017640000)]
  0x0000000002fab000 JavaThread "Finalizer" daemon [_thread_blocked, id=219652, stack(0x0000000017040000,0x0000000017140000)]
  0x000000001516c800 JavaThread "Reference Handler" daemon [_thread_blocked, id=219648, stack(0x0000000016f40000,0x0000000017040000)]
  0x0000000002eb4000 JavaThread "main" [_thread_blocked, id=219688, stack(0x0000000002c00000,0x0000000002d00000)]

Other Threads:
  0x0000000015168800 VMThread [stack: 0x0000000016e40000,0x0000000016f40000] [id=216096]
  0x0000000017404000 WatcherThread [stack: 0x0000000017c40000,0x0000000017d40000] [id=217068]

VM state:not at safepoint (normal execution)

VM Mutex/Monitor currently owned by a thread: None

Heap:
 PSYoungGen      total 207360K, used 192494K [0x00000000f0000000, 0x0000000100000000, 0x0000000100000000)
  eden space 177152K, 94% used [0x00000000f0000000,0x00000000fa3b08e0,0x00000000fad00000)
  from space 30208K, 82% used [0x00000000fe280000,0x00000000ffacb1b8,0x0000000100000000)
  to   space 42496K, 0% used [0x00000000fad00000,0x00000000fad00000,0x00000000fd680000)
 ParOldGen       total 75776K, used 63884K [0x00000000d0000000, 0x00000000d4a00000, 0x00000000f0000000)
  object space 75776K, 84% used [0x00000000d0000000,0x00000000d3e63150,0x00000000d4a00000)
 Metaspace       used 58533K, capacity 60156K, committed 60396K, reserved 1101824K
  class space    used 6614K, capacity 7125K, committed 7168K, reserved 1048576K

Card table byte_map: [0x0000000012370000,0x0000000012500000] byte_map_base: 0x0000000011cf0000

Marking Bits: (ParMarkBitMap*) 0x00000000573b12b0
 Begin Bits: [0x0000000012e00000, 0x0000000013a00000)
 End Bits:   [0x0000000013a00000, 0x0000000014600000)

Polling page: 0x00000000012c0000

CodeCache: size=245760Kb used=19885Kb max_used=19885Kb free=225874Kb
 bounds [0x0000000002fb0000, 0x0000000004330000, 0x0000000011fb0000]
 total_blobs=6021 nmethods=5266 adapters=665
 compilation: enabled

Compilation events (10 events):
Event: 12.380 Thread 0x00000000172ad800 nmethod 6003 0x0000000004305d50 code [0x0000000004305ec0, 0x0000000004306048]
Event: 12.381 Thread 0x00000000172ad800 6005       2       org.grails.datastore.gorm.AbstractGormApi$_initializeMethods_closure1::$getCallSiteArray (40 bytes)
Event: 12.382 Thread 0x00000000172ad800 nmethod 6005 0x0000000004305650 code [0x00000000043057e0, 0x0000000004305ba8]
Event: 12.382 Thread 0x00000000172ad800 6007       2       org.grails.datastore.gorm.AbstractGormApi$_initializeMethods_closure1::doCall (317 bytes)
Event: 12.382 Thread 0x00000000172ad800 nmethod 6007 0x00000000042ff590 code [0x00000000042ff840, 0x0000000004300038]
Event: 12.383 Thread 0x00000000172ad800 6006       2       org.codehaus.groovy.runtime.callsite.StaticMetaMethodSite::checkCall (47 bytes)
Event: 12.383 Thread 0x00000000172ad800 nmethod 6006 0x0000000004304f10 code [0x0000000004305080, 0x00000000043053a8]
Event: 12.386 Thread 0x00000000172ad800 6008       2       java.util.TimSort::gallopRight (335 bytes)
Event: 12.386 Thread 0x00000000172ad800 nmethod 6008 0x0000000004322bd0 code [0x0000000004322d80, 0x0000000004323378]
Event: 12.386 Thread 0x00000000172ad800 6009       2       java.util.TimSort::gallopLeft (335 bytes)

GC Heap History (10 events):
Event: 9.563 GC heap before
{Heap before GC invocations=55 (full 4):
 PSYoungGen      total 235520K, used 224714K [0x00000000f0000000, 0x0000000100000000, 0x0000000100000000)
  eden space 210944K, 98% used [0x00000000f0000000,0x00000000fca3d968,0x00000000fce00000)
  from space 24576K, 71% used [0x00000000fe800000,0x00000000ff935280,0x0000000100000000)
  to   space 25600K, 0% used [0x00000000fce00000,0x00000000fce00000,0x00000000fe700000)
 ParOldGen       total 64000K, used 49145K [0x00000000d0000000, 0x00000000d3e80000, 0x00000000f0000000)
  object space 64000K, 76% used [0x00000000d0000000,0x00000000d2ffe698,0x00000000d3e80000)
 Metaspace       used 53108K, capacity 54554K, committed 54764K, reserved 1097728K
  class space    used 5916K, capacity 6364K, committed 6400K, reserved 1048576K
Event: 9.574 GC heap after
Heap after GC invocations=55 (full 4):
 PSYoungGen      total 231936K, used 20769K [0x00000000f0000000, 0x0000000100000000, 0x0000000100000000)
  eden space 210944K, 0% used [0x00000000f0000000,0x00000000f0000000,0x00000000fce00000)
  from space 20992K, 98% used [0x00000000fce00000,0x00000000fe248598,0x00000000fe280000)
  to   space 27648K, 0% used [0x00000000fe500000,0x00000000fe500000,0x0000000100000000)
 ParOldGen       total 64000K, used 49153K [0x00000000d0000000, 0x00000000d3e80000, 0x00000000f0000000)
  object space 64000K, 76% used [0x00000000d0000000,0x00000000d3000698,0x00000000d3e80000)
 Metaspace       used 53108K, capacity 54554K, committed 54764K, reserved 1097728K
  class space    used 5916K, capacity 6364K, committed 6400K, reserved 1048576K
}
Event: 10.014 GC heap before
{Heap before GC invocations=56 (full 4):
 PSYoungGen      total 231936K, used 231713K [0x00000000f0000000, 0x0000000100000000, 0x0000000100000000)
  eden space 210944K, 100% used [0x00000000f0000000,0x00000000fce00000,0x00000000fce00000)
  from space 20992K, 98% used [0x00000000fce00000,0x00000000fe248598,0x00000000fe280000)
  to   space 27648K, 0% used [0x00000000fe500000,0x00000000fe500000,0x0000000100000000)
 ParOldGen       total 64000K, used 49153K [0x00000000d0000000, 0x00000000d3e80000, 0x00000000f0000000)
  object space 64000K, 76% used [0x00000000d0000000,0x00000000d3000698,0x00000000d3e80000)
 Metaspace       used 54162K, capacity 55744K, committed 55916K, reserved 1099776K
  class space    used 6044K, capacity 6525K, committed 6528K, reserved 1048576K
Event: 10.028 GC heap after
Heap after GC invocations=56 (full 4):
 PSYoungGen      total 229376K, used 24724K [0x00000000f0000000, 0x0000000100000000, 0x0000000100000000)
  eden space 201728K, 0% used [0x00000000f0000000,0x00000000f0000000,0x00000000fc500000)
  from space 27648K, 89% used [0x00000000fe500000,0x00000000ffd25210,0x0000000100000000)
  to   space 30208K, 0% used [0x00000000fc500000,0x00000000fc500000,0x00000000fe280000)
 ParOldGen       total 64000K, used 49161K [0x00000000d0000000, 0x00000000d3e80000, 0x00000000f0000000)
  object space 64000K, 76% used [0x00000000d0000000,0x00000000d3002698,0x00000000d3e80000)
 Metaspace       used 54162K, capacity 55744K, committed 55916K, reserved 1099776K
  class space    used 6044K, capacity 6525K, committed 6528K, reserved 1048576K
}
Event: 10.675 GC heap before
{Heap before GC invocations=57 (full 4):
 PSYoungGen      total 229376K, used 221052K [0x00000000f0000000, 0x0000000100000000, 0x0000000100000000)
  eden space 201728K, 97% used [0x00000000f0000000,0x00000000fbfb9e78,0x00000000fc500000)
  from space 27648K, 89% used [0x00000000fe500000,0x00000000ffd25210,0x0000000100000000)
  to   space 30208K, 0% used [0x00000000fc500000,0x00000000fc500000,0x00000000fe280000)
 ParOldGen       total 64000K, used 49161K [0x00000000d0000000, 0x00000000d3e80000, 0x00000000f0000000)
  object space 64000K, 76% used [0x00000000d0000000,0x00000000d3002698,0x00000000d3e80000)
 Metaspace       used 55161K, capacity 56738K, committed 57196K, reserved 1099776K
  class space    used 6171K, capacity 6674K, committed 6784K, reserved 1048576K
Event: 10.693 GC heap after
Heap after GC invocations=57 (full 4):
 PSYoungGen      total 231936K, used 30200K [0x00000000f0000000, 0x0000000100000000, 0x0000000100000000)
  eden space 201728K, 0% used [0x00000000f0000000,0x00000000f0000000,0x00000000fc500000)
  from space 30208K, 99% used [0x00000000fc500000,0x00000000fe27e330,0x00000000fe280000)
  to   space 30208K, 0% used [0x00000000fe280000,0x00000000fe280000,0x0000000100000000)
 ParOldGen       total 64000K, used 50363K [0x00000000d0000000, 0x00000000d3e80000, 0x00000000f0000000)
  object space 64000K, 78% used [0x00000000d0000000,0x00000000d312ef48,0x00000000d3e80000)
 Metaspace       used 55161K, capacity 56738K, committed 57196K, reserved 1099776K
  class space    used 6171K, capacity 6674K, committed 6784K, reserved 1048576K
}
Event: 11.323 GC heap before
{Heap before GC invocations=58 (full 4):
 PSYoungGen      total 231936K, used 231928K [0x00000000f0000000, 0x0000000100000000, 0x0000000100000000)
  eden space 201728K, 100% used [0x00000000f0000000,0x00000000fc500000,0x00000000fc500000)
  from space 30208K, 99% used [0x00000000fc500000,0x00000000fe27e330,0x00000000fe280000)
  to   space 30208K, 0% used [0x00000000fe280000,0x00000000fe280000,0x0000000100000000)
 ParOldGen       total 64000K, used 50363K [0x00000000d0000000, 0x00000000d3e80000, 0x00000000f0000000)
  object space 64000K, 78% used [0x00000000d0000000,0x00000000d312ef48,0x00000000d3e80000)
 Metaspace       used 56830K, capacity 58350K, committed 58604K, reserved 1101824K
  class space    used 6340K, capacity 6804K, committed 6912K, reserved 1048576K
Event: 11.345 GC heap after
Heap after GC invocations=58 (full 4):
 PSYoungGen      total 207360K, used 30197K [0x00000000f0000000, 0x0000000100000000, 0x0000000100000000)
  eden space 177152K, 0% used [0x00000000f0000000,0x00000000f0000000,0x00000000fad00000)
  from space 30208K, 99% used [0x00000000fe280000,0x00000000ffffd610,0x0000000100000000)
  to   space 42496K, 0% used [0x00000000fad00000,0x00000000fad00000,0x00000000fd680000)
 ParOldGen       total 64000K, used 60794K [0x00000000d0000000, 0x00000000d3e80000, 0x00000000f0000000)
  object space 64000K, 94% used [0x00000000d0000000,0x00000000d3b5e860,0x00000000d3e80000)
 Metaspace       used 56830K, capacity 58350K, committed 58604K, reserved 1101824K
  class space    used 6340K, capacity 6804K, committed 6912K, reserved 1048576K
}
Event: 11.345 GC heap before
{Heap before GC invocations=59 (full 5):
 PSYoungGen      total 207360K, used 30197K [0x00000000f0000000, 0x0000000100000000, 0x0000000100000000)
  eden space 177152K, 0% used [0x00000000f0000000,0x00000000f0000000,0x00000000fad00000)
  from space 30208K, 99% used [0x00000000fe280000,0x00000000ffffd610,0x0000000100000000)
  to   space 42496K, 0% used [0x00000000fad00000,0x00000000fad00000,0x00000000fd680000)
 ParOldGen       total 64000K, used 60794K [0x00000000d0000000, 0x00000000d3e80000, 0x00000000f0000000)
  object space 64000K, 94% used [0x00000000d0000000,0x00000000d3b5e860,0x00000000d3e80000)
 Metaspace       used 56830K, capacity 58350K, committed 58604K, reserved 1101824K
  class space    used 6340K, capacity 6804K, committed 6912K, reserved 1048576K
Event: 11.991 GC heap after
Heap after GC invocations=59 (full 5):
 PSYoungGen      total 207360K, used 24876K [0x00000000f0000000, 0x0000000100000000, 0x0000000100000000)
  eden space 177152K, 0% used [0x00000000f0000000,0x00000000f0000000,0x00000000fad00000)
  from space 30208K, 82% used [0x00000000fe280000,0x00000000ffacb1b8,0x0000000100000000)
  to   space 42496K, 0% used [0x00000000fad00000,0x00000000fad00000,0x00000000fd680000)
 ParOldGen       total 75776K, used 63884K [0x00000000d0000000, 0x00000000d4a00000, 0x00000000f0000000)
  object space 75776K, 84% used [0x00000000d0000000,0x00000000d3e63150,0x00000000d4a00000)
 Metaspace       used 56830K, capacity 58350K, committed 58604K, reserved 1101824K
  class space    used 6340K, capacity 6804K, committed 6912K, reserved 1048576K
}

Deoptimization events (10 events):
Event: 10.191 Thread 0x000000001a1df800 Uncommon trap: reason=bimorphic action=maybe_recompile pc=0x00000000040c38b4 method=groovy.lang.MetaClassImpl$1MOPIter.methodNameAction(Ljava/lang/Class;Lorg/codehaus/groovy/runtime/metaclass/MetaMethodIndex$Entry;)V @ 62
Event: 10.191 Thread 0x000000001a1df800 Uncommon trap: reason=bimorphic action=maybe_recompile pc=0x00000000040c38b4 method=groovy.lang.MetaClassImpl$1MOPIter.methodNameAction(Ljava/lang/Class;Lorg/codehaus/groovy/runtime/metaclass/MetaMethodIndex$Entry;)V @ 62
Event: 10.224 Thread 0x000000001a1df800 Uncommon trap: reason=null_assert action=make_not_entrant pc=0x0000000003425f88 method=java.util.concurrent.ConcurrentHashMap.transfer([Ljava/util/concurrent/ConcurrentHashMap$Node;[Ljava/util/concurrent/ConcurrentHashMap$Node;)V @ 557
Event: 10.224 Thread 0x000000001a1df800 Uncommon trap: reason=null_assert action=make_not_entrant pc=0x0000000003f875f4 method=java.util.concurrent.ConcurrentHashMap.transfer([Ljava/util/concurrent/ConcurrentHashMap$Node;[Ljava/util/concurrent/ConcurrentHashMap$Node;)V @ 557
Event: 10.926 Thread 0x000000001a1df800 Uncommon trap: reason=unreached action=reinterpret pc=0x0000000003674b70 method=org.codehaus.groovy.runtime.metaclass.MetaMethodIndex.getMethods(Ljava/lang/Class;Ljava/lang/String;)Lorg/codehaus/groovy/runtime/metaclass/MetaMethodIndex$Entry; @ 61
Event: 12.021 Thread 0x000000001a1df800 Uncommon trap: reason=predicate action=maybe_recompile pc=0x00000000039428c8 method=java.nio.charset.CharsetDecoder.decode(Ljava/nio/ByteBuffer;Ljava/nio/CharBuffer;Z)Ljava/nio/charset/CoderResult; @ 54
Event: 12.147 Thread 0x000000001a1df800 Uncommon trap: reason=array_check action=maybe_recompile pc=0x00000000042affb0 method=java.util.ComparableTimSort.binarySort([Ljava/lang/Object;III)V @ 193
Event: 12.152 Thread 0x000000001a1df800 Uncommon trap: reason=array_check action=maybe_recompile pc=0x00000000042affb0 method=java.util.ComparableTimSort.binarySort([Ljava/lang/Object;III)V @ 193
Event: 12.155 Thread 0x000000001a1df800 Uncommon trap: reason=array_check action=maybe_recompile pc=0x00000000042affb0 method=java.util.ComparableTimSort.binarySort([Ljava/lang/Object;III)V @ 193
Event: 12.164 Thread 0x000000001a1df800 Uncommon trap: reason=array_check action=maybe_recompile pc=0x00000000039f5418 method=java.util.ComparableTimSort.binarySort([Ljava/lang/Object;III)V @ 183

Internal exceptions (10 events):
Event: 12.383 Thread 0x000000001a1df800 Exception <a 'java/security/PrivilegedActionException'> (0x00000000f95a6460) thrown at [C:\re\workspace\8-2-build-windows-amd64-cygwin\jdk8u11\648\hotspot\src\share\vm\prims\jvm.cpp, line 1248]
Event: 12.383 Thread 0x000000001a1df800 Exception <a 'java/security/PrivilegedActionException'> (0x00000000f95ab2d8) thrown at [C:\re\workspace\8-2-build-windows-amd64-cygwin\jdk8u11\648\hotspot\src\share\vm\prims\jvm.cpp, line 1248]
Event: 12.384 Thread 0x000000001a1df800 Exception <a 'java/security/PrivilegedActionException'> (0x00000000f95c48a8) thrown at [C:\re\workspace\8-2-build-windows-amd64-cygwin\jdk8u11\648\hotspot\src\share\vm\prims\jvm.cpp, line 1248]
Event: 12.384 Thread 0x000000001a1df800 Exception <a 'java/security/PrivilegedActionException'> (0x00000000f9f53f28) thrown at [C:\re\workspace\8-2-build-windows-amd64-cygwin\jdk8u11\648\hotspot\src\share\vm\prims\jvm.cpp, line 1248]
Event: 12.384 Thread 0x000000001a1df800 Exception <a 'java/security/PrivilegedActionException'> (0x00000000f9f56e70) thrown at [C:\re\workspace\8-2-build-windows-amd64-cygwin\jdk8u11\648\hotspot\src\share\vm\prims\jvm.cpp, line 1248]
Event: 12.384 Thread 0x000000001a1df800 Exception <a 'java/security/PrivilegedActionException'> (0x00000000f9f5b0d0) thrown at [C:\re\workspace\8-2-build-windows-amd64-cygwin\jdk8u11\648\hotspot\src\share\vm\prims\jvm.cpp, line 1248]
Event: 12.385 Thread 0x000000001a1df800 Exception <a 'java/security/PrivilegedActionException'> (0x00000000f9f8ec90) thrown at [C:\re\workspace\8-2-build-windows-amd64-cygwin\jdk8u11\648\hotspot\src\share\vm\prims\jvm.cpp, line 1248]
Event: 12.385 Thread 0x000000001a1df800 Exception <a 'java/security/PrivilegedActionException'> (0x00000000f9f93b08) thrown at [C:\re\workspace\8-2-build-windows-amd64-cygwin\jdk8u11\648\hotspot\src\share\vm\prims\jvm.cpp, line 1248]
Event: 12.386 Thread 0x000000001a1df800 Exception <a 'java/security/PrivilegedActionException'> (0x00000000f9fe4840) thrown at [C:\re\workspace\8-2-build-windows-amd64-cygwin\jdk8u11\648\hotspot\src\share\vm\prims\jvm.cpp, line 1248]
Event: 12.386 Thread 0x000000001a1df800 Exception <a 'java/security/PrivilegedActionException'> (0x00000000f9fe96b8) thrown at [C:\re\workspace\8-2-build-windows-amd64-cygwin\jdk8u11\648\hotspot\src\share\vm\prims\jvm.cpp, line 1248]

Events (10 events):
Event: 12.383 loading class org/codehaus/groovy/grails/orm/hibernate/AbstractHibernateGormValidationApi
Event: 12.383 loading class org/codehaus/groovy/grails/orm/hibernate/AbstractHibernateGormValidationApi done
Event: 12.384 loading class groovy/runtime/metaclass/org/codehaus/groovy/grails/orm/hibernate/HibernateGormValidationApiMetaClass
Event: 12.384 loading class groovy/runtime/metaclass/org/codehaus/groovy/grails/orm/hibernate/HibernateGormValidationApiMetaClass done
Event: 12.384 loading class org/grails/datastore/gorm/support/BeforeValidateHelper
Event: 12.384 loading class org/grails/datastore/gorm/support/BeforeValidateHelper done
Event: 12.385 loading class org/codehaus/groovy/grails/orm/hibernate/metaclass/ValidatePersistentMethod
Event: 12.385 loading class org/codehaus/groovy/grails/orm/hibernate/metaclass/ValidatePersistentMethod done
Event: 12.386 loading class org/codehaus/groovy/grails/orm/hibernate/HibernateGormValidationApiBeanInfo
Event: 12.386 loading class org/codehaus/groovy/grails/orm/hibernate/HibernateGormValidationApiBeanInfo done


Dynamic libraries:
0x00007ff6eaa30000 - 0x00007ff6eaa64000 	C:\Program Files\Java\jdk1.8.0_11\bin\java.exe
0x00007ffc24ab0000 - 0x00007ffc24c56000 	C:\Windows\SYSTEM32\ntdll.dll
0x00007ffc23df0000 - 0x00007ffc23f2a000 	C:\Windows\system32\KERNEL32.DLL
0x00007ffc21f50000 - 0x00007ffc2205f000 	C:\Windows\system32\KERNELBASE.dll
0x00007ffc20a60000 - 0x00007ffc20ae8000 	C:\Windows\system32\apphelp.dll
0x00007ffc12300000 - 0x00007ffc1234f000 	C:\Windows\AppPatch\AppPatch64\AcGenral.DLL
0x00007ffc24220000 - 0x00007ffc242c7000 	C:\Windows\system32\msvcrt.dll
0x00007ffc21c70000 - 0x00007ffc21c9b000 	C:\Windows\SYSTEM32\SspiCli.dll
0x00007ffc23f30000 - 0x00007ffc23f81000 	C:\Windows\system32\SHLWAPI.dll
0x00007ffc242e0000 - 0x00007ffc24451000 	C:\Windows\system32\USER32.dll
0x00007ffc248d0000 - 0x00007ffc24a48000 	C:\Windows\system32\ole32.dll
0x00007ffc229e0000 - 0x00007ffc23def000 	C:\Windows\system32\SHELL32.dll
0x00007ffc217f0000 - 0x00007ffc2180e000 	C:\Windows\SYSTEM32\USERENV.dll
0x00007ffc22870000 - 0x00007ffc22915000 	C:\Windows\system32\ADVAPI32.dll
0x00007ffc14020000 - 0x00007ffc1403b000 	C:\Windows\SYSTEM32\MPR.dll
0x00007ffc24710000 - 0x00007ffc24847000 	C:\Windows\system32\RPCRT4.dll
0x00007ffc24460000 - 0x00007ffc244b7000 	C:\Windows\SYSTEM32\sechost.dll
0x00007ffc23f90000 - 0x00007ffc24166000 	C:\Windows\SYSTEM32\combase.dll
0x00007ffc22620000 - 0x00007ffc22764000 	C:\Windows\system32\GDI32.dll
0x00007ffc21e30000 - 0x00007ffc21e44000 	C:\Windows\SYSTEM32\profapi.dll
0x00007ffc20050000 - 0x00007ffc200ef000 	C:\Windows\SYSTEM32\SHCORE.dll
0x00007ffc24a70000 - 0x00007ffc24aa4000 	C:\Windows\system32\IMM32.DLL
0x00007ffc224e0000 - 0x00007ffc22619000 	C:\Windows\system32\MSCTF.dll
0x00007ffc1fae0000 - 0x00007ffc1fd3a000 	C:\Windows\WinSxS\amd64_microsoft.windows.common-controls_6595b64144ccf1df_6.0.9600.17031_none_6242a4b3ecbb55a1\COMCTL32.dll
0x0000000057430000 - 0x0000000057502000 	C:\Program Files\Java\jdk1.8.0_11\jre\bin\msvcr100.dll
0x0000000056c00000 - 0x000000005742a000 	C:\Program Files\Java\jdk1.8.0_11\jre\bin\server\jvm.dll
0x00007ffc1a770000 - 0x00007ffc1a779000 	C:\Windows\SYSTEM32\WSOCK32.dll
0x00007ffc1d7a0000 - 0x00007ffc1d7bf000 	C:\Windows\SYSTEM32\WINMM.dll
0x00007ffc244c0000 - 0x00007ffc244c7000 	C:\Windows\system32\PSAPI.DLL
0x00007ffc22810000 - 0x00007ffc22868000 	C:\Windows\system32\WS2_32.dll
0x00007ffc1d760000 - 0x00007ffc1d78a000 	C:\Windows\SYSTEM32\WINMMBASE.dll
0x00007ffc242d0000 - 0x00007ffc242d9000 	C:\Windows\system32\NSI.dll
0x00007ffc222f0000 - 0x00007ffc2233a000 	C:\Windows\SYSTEM32\cfgmgr32.dll
0x00007ffc20ce0000 - 0x00007ffc20d06000 	C:\Windows\SYSTEM32\DEVOBJ.dll
0x0000000056bf0000 - 0x0000000056bff000 	C:\Program Files\Java\jdk1.8.0_11\jre\bin\verify.dll
0x0000000056bc0000 - 0x0000000056be8000 	C:\Program Files\Java\jdk1.8.0_11\jre\bin\java.dll
0x0000000056b90000 - 0x0000000056bb3000 	C:\Program Files\Java\jdk1.8.0_11\jre\bin\instrument.dll
0x0000000056b70000 - 0x0000000056b86000 	C:\Program Files\Java\jdk1.8.0_11\jre\bin\zip.dll
0x00007ffc21810000 - 0x00007ffc2182e000 	C:\Windows\SYSTEM32\CRYPTSP.dll
0x00007ffc212f0000 - 0x00007ffc21325000 	C:\Windows\system32\rsaenh.dll
0x00007ffc21940000 - 0x00007ffc21966000 	C:\Windows\SYSTEM32\bcrypt.dll
0x00007ffc21ca0000 - 0x00007ffc21d00000 	C:\Windows\system32\bcryptprimitives.dll
0x00007ffc21d00000 - 0x00007ffc21d0a000 	C:\Windows\SYSTEM32\CRYPTBASE.dll
0x0000000056b50000 - 0x0000000056b6a000 	C:\Program Files\Java\jdk1.8.0_11\jre\bin\net.dll
0x00007ffc21640000 - 0x00007ffc21698000 	C:\Windows\system32\mswsock.dll
0x00007ffc1b960000 - 0x00007ffc1b989000 	C:\Windows\SYSTEM32\IPHLPAPI.DLL
0x00007ffc1b700000 - 0x00007ffc1b70a000 	C:\Windows\SYSTEM32\WINNSI.DLL
0x00007ffc1b590000 - 0x00007ffc1b5a4000 	C:\Windows\SYSTEM32\dhcpcsvc6.DLL
0x00007ffc1b570000 - 0x00007ffc1b589000 	C:\Windows\SYSTEM32\dhcpcsvc.DLL
0x0000000056b30000 - 0x0000000056b41000 	C:\Program Files\Java\jdk1.8.0_11\jre\bin\nio.dll
0x00007ffc196a0000 - 0x00007ffc196aa000 	C:\Users\D-Roc\AppData\Local\Temp\jansi-64-8620264231793414486.dll
0x0000000056ae0000 - 0x0000000056aed000 	C:\Program Files\Java\jdk1.8.0_11\jre\bin\management.dll
0x00007ffc19410000 - 0x00007ffc19424000 	C:\Windows\system32\napinsp.dll
0x00007ffc193f0000 - 0x00007ffc19409000 	C:\Windows\system32\pnrpnsp.dll
0x00007ffc1c750000 - 0x00007ffc1c769000 	C:\Windows\system32\NLAapi.dll
0x00007ffc21520000 - 0x00007ffc215c3000 	C:\Windows\SYSTEM32\DNSAPI.dll
0x00007ffc193e0000 - 0x00007ffc193ec000 	C:\Windows\System32\winrnr.dll
0x00007ffc188b0000 - 0x00007ffc188b9000 	C:\Windows\System32\rasadhlp.dll
0x00007ffc1b1f0000 - 0x00007ffc1b258000 	C:\Windows\System32\fwpuclnt.dll
0x00007ffc1c4a0000 - 0x00007ffc1c628000 	C:\Windows\SYSTEM32\dbghelp.dll

VM Arguments:
jvm_args: -Dfile.encoding=UTF-8 -Xmx768M -Xms64M -Dgrails.fork.parent.process.port=62141 -Dgrails.fork.active=true -Dgrails.build.execution.context=C:\Users\D-Roc\AppData\Local\Temp\hubbub8757606844977872646grails-execution-context -Dgrails.home=C:\Spring\sts-bundle\grails-2.4.3 -javaagent:C:\Spring\sts-bundle\grails-2.4.3\lib\org.springframework\springloaded\jars\springloaded-1.2.0.RELEASE.jar -Xverify:none -Dspringloaded.synchronize=true -Djdk.reflect.allowGetCallerClass=true -Dspringloaded=profile=grails;cacheDir=C:\Users\D-Roc\.grails\2.4.3 
java_command: org.grails.plugins.tomcat.fork.ForkedTomcatServer
java_class_path (initial): C:\Program Files\Java\jdk1.8.0_11\lib\tools.jar;C:\Spring\sts-bundle\grails-2.4.3\lib\org.codehaus.groovy\groovy-all\jars\groovy-all-2.3.6.jar;C:\Spring\sts-bundle\grails-2.4.3\lib\org.slf4j\jcl-over-slf4j\jars\jcl-over-slf4j-1.7.5.jar;C:\Spring\sts-bundle\grails-2.4.3\lib\org.codehaus.gant\gant_groovy1.8\jars\gant_groovy1.8-1.9.6.jar;C:\Spring\sts-bundle\grails-2.4.3\lib\org.apache.tomcat.embed\tomcat-embed-logging-log4j\jars\tomcat-embed-logging-log4j-7.0.50.jar;C:\Spring\sts-bundle\grails-2.4.3\dist\grails-plugin-log4j-2.4.3.jar;C:\Spring\sts-bundle\grails-2.4.3\lib\log4j\log4j\jars\log4j-1.2.17.jar;C:\Spring\sts-bundle\grails-2.4.3\dist\grails-bootstrap-2.4.3.jar;C:\Spring\sts-bundle\grails-2.4.3\lib\org.slf4j\slf4j-api\jars\slf4j-api-1.7.5.jar;C:\Spring\sts-bundle\grails-2.4.3\lib\jline\jline\jars\jline-2.12.jar;C:\Spring\sts-bundle\grails-2.4.3\lib\org.apache.ant\ant\jars\ant-1.8.4.jar;C:\Spring\sts-bundle\grails-2.4.3\lib\org.apache.ant\ant-launcher\jars\ant-launcher-1.8.4.jar;C:\Spring\sts-bundle\grails-2.4.3\lib\org.apache.ant\ant-trax\jars\ant-trax-1.7.1.jar;C:\Spring\sts-bundle\grails-2.4.3\lib\org.apache.ant\ant-junit\jars\ant-junit-1.8.4.jar;C:\Spring\sts-bundle\grails-2.4.3\lib\org.apache.ivy\ivy\jars\ivy-2.3.0.jar;C:\Spring\sts-bundle\grails-2.4.3\lib\org.fusesource.jansi\jansi\jars\jansi-1.11.jar;C:\Users\D-Roc\.m2\repository\org\apache\tomcat\tomcat-catalina-ant\7.0.55\tomcat-catalina-ant-7.0.55.jar;C:\Users\D-Roc\.m2\repository\org\apache\tomcat\embed\tomcat-embed-jasper\7.0.55\tomcat-embed-jasper-7.0.55.jar;C:\Users\D-Roc\.m2\repository\org\apache\tomcat\embed\tomcat-embed-el\7.0.55\tomcat-embed-el-7.0.55.jar;C:\Users\D-Roc\.m2\repository\org\apache\tomcat\embed\tomcat-embed-logging-log4j\7.0.55\tomcat-embed-logging-log4j-7.0.55.jar;C:\Users\D-Roc\.m2\repository\org\apache\tomcat\embed\tomcat-embed-websocket\7.0.55\tomcat-embed-websocket-7.0.55.jar;C:\Users\D-Roc\.m2\repository\org\apache\tomcat\embed\tomcat-embed-core
Launcher Type: SUN_STANDARD

Environment Variables:
JAVA_HOME=C:\Program Files\Java\jdk1.8.0_11
PATH=C:\Program Files\Java\jdk1.8.0_11\bin\bin;C:\Java Tools\gradle-2.1\bin;C:\Java Tools\apache-maven-3.2.3\bin;C:\ProgramData\Oracle\Java\javapath;C:\Program Files (x86)\iis express\PHP\v5.4;C:\play-2.2.4;C:\Program Files\Java\jdk1.8.0_11\bin;C:\Program Files (x86)\NVIDIA Corporation\PhysX\Common;C:\Program Files (x86)\Intel\iCLS Client\;C:\Program Files\Intel\iCLS Client\;C:\Windows\system32;C:\Windows;C:\Windows\System32\Wbem;C:\Windows\System32\WindowsPowerShell\v1.0\;C:\Program Files\Intel\Intel(R) Management Engine Components\DAL;C:\Program Files\Intel\Intel(R) Management Engine Components\IPT;C:\Program Files (x86)\Intel\Intel(R) Management Engine Components\DAL;C:\Program Files (x86)\Intel\Intel(R) Management Engine Components\IPT;C:\Program Files (x86)\Intel\OpenCL SDK\3.0\bin\x86;C:\Program Files (x86)\Intel\OpenCL SDK\3.0\bin\x64;C:\Program Files (x86)\Microsoft ASP.NET\ASP.NET Web Pages\v1.0\;C:\Program Files\Microsoft SQL Server\110\Tools\Binn\;C:\Program Files\Microsoft\Web Platform Installer\;C:\Program Files (x86)\GtkSharp\2.12\bin;C:\Program Files (x86)\Microsoft SQL Server\110\Tools\Binn\ManagementStudio\;C:\Program Files (x86)\Microsoft SQL Server\110\Tools\Binn\;C:\Program Files (x86)\Microsoft SQL Server\110\DTS\Binn\;C:\Program Files\Microsoft SQL Server\110\DTS\Binn\;C:\Program Files (x86)\Windows Kits\8.1\Windows Performance Toolkit\;C:\ggts-bundle\grails-2.4.2\bin;C:\Program Files\Microsoft SQL Server\120\Tools\Binn\;C:\Program Files (x86)\Microsoft SDKs\TypeScript\1.0;C:\Program Files (x86)\nodejs\;C:\Program Files (x86)\CloudFoundry;C:\Program Files (x86)\Git\cmd;C:\Program Files (x86)\Git\bin;C:\Ruby193\bin;C:\Users\D-Roc\AppData\Roaming\npm\
USERNAME=D-Roc
OS=Windows_NT
PROCESSOR_IDENTIFIER=Intel64 Family 6 Model 60 Stepping 3, GenuineIntel



---------------  S Y S T E M  ---------------

OS: Windows 8.1 , 64 bit Build 9600 

CPU:total 8 (4 cores per cpu, 2 threads per core) family 6 model 60 stepping 3, cmov, cx8, fxsr, mmx, sse, sse2, sse3, ssse3, sse4.1, sse4.2, popcnt, avx, avx2, aes, clmul, erms, ht, tsc, tscinvbit

Memory: 4k page, physical 16662340k(8147540k free), swap 21099896k(9323660k free)

vm_info: Java HotSpot(TM) 64-Bit Server VM (25.11-b03) for windows-amd64 JRE (1.8.0_11-b12), built on Jun 16 2014 20:57:32 by "java_re" with MS VC++ 10.0 (VS2010)

time: Sun Nov 09 07:45:19 2014
elapsed time: 12 seconds

