#
# A fatal error has been detected by the Java Runtime Environment:
#
#  EXCEPTION_ACCESS_VIOLATION (0xc0000005) at pc=0x0000000056c84db2, pid=200376, tid=200576
#
# JRE version: Java(TM) SE Runtime Environment (8.0_11-b12) (build 1.8.0_11-b12)
# Java VM: Java HotSpot(TM) 64-Bit Server VM (25.11-b03 mixed mode windows-amd64 compressed oops)
# Problematic frame:
# V  [jvm.dll+0x424db2]
#
# Failed to write core dump. Minidumps are not enabled by default on client versions of Windows
#
# If you would like to submit a bug report, please visit:
#   http://bugreport.sun.com/bugreport/crash.jsp
#

---------------  T H R E A D  ---------------

Current thread (0x000000001686f000):  JavaThread "C2 CompilerThread1" daemon [_thread_in_native, id=200576, stack(0x0000000016e20000,0x0000000016f20000)]

siginfo: ExceptionCode=0xc0000005, reading address 0x0000000000000000

Registers:
RAX=0x000000001dbb01c8, RBX=0x0000000000000600, RCX=0x0000000000000000, RDX=0x000000001d853f20
RSP=0x0000000016f1c640, RBP=0x00000000000000c0, RSI=0x00000000000000b8, RDI=0x0000000000000000
R8 =0x0000000056860000, R9 =0x0000000016f1c960, R10=0x00000000ffffffff, R11=0x00000000168bb820
R12=0x000000001dbb08d0, R13=0x000000001d88e668, R14=0x0000000000000008, R15=0x000000001d88e668
RIP=0x0000000056c84db2, EFLAGS=0x0000000000010206

Top of Stack: (sp=0x0000000016f1c640)
0x0000000016f1c640:   00000000000000da 00000000000000b0
0x0000000016f1c650:   000000000000000a 000000001d9924b0
0x0000000016f1c660:   0000000000000001 0000000000000600
0x0000000016f1c670:   0000000000000180 00000000000000c0
0x0000000016f1c680:   000000001d67e1c0 0000000016888c60
0x0000000016f1c690:   00000000000006f0 000000001d84fcb0
0x0000000016f1c6a0:   0000000016f1c960 000000001dbad340
0x0000000016f1c6b0:   0000000000000020 0000000000000009
0x0000000016f1c6c0:   000000001dbb08a0 00000000000000da
0x0000000016f1c6d0:   000000001d88e668 0000000056c8598d
0x0000000016f1c6e0:   000000001dbb08a0 000000000000001c
0x0000000016f1c6f0:   00000000000000da 0000000016f1c960
0x0000000016f1c700:   000000001d853f20 00000000000000da
0x0000000016f1c710:   000000001dbad340 0000000000000020
0x0000000016f1c720:   000000001da9bc10 0000000016f1ecd0
0x0000000016f1c730:   000000001da9c240 000000001dbb08a0 

Instructions: (pc=0x0000000056c84db2)
0x0000000056c84d92:   c6 48 63 f0 48 03 f1 eb 04 48 83 ce ff 48 8b 84
0x0000000056c84da2:   24 a0 00 00 00 48 8b 40 08 48 8b 3c 03 48 8b cf
0x0000000056c84db2:   48 8b 07 ff 50 28 4c 8d 05 41 b2 bd ff 48 63 50
0x0000000056c84dc2:   10 4c 8b d8 48 8b ca 48 c1 e1 05 42 80 bc 01 c0 


Register to memory mapping:

RAX=0x000000001dbb01c8 is an unknown value
RBX=0x0000000000000600 is an unknown value
RCX=0x0000000000000000 is an unknown value
RDX=0x000000001d853f20 is an unknown value
RSP=0x0000000016f1c640 is pointing into the stack for thread: 0x000000001686f000
RBP=0x00000000000000c0 is an unknown value
RSI=0x00000000000000b8 is an unknown value
RDI=0x0000000000000000 is an unknown value
R8 =0x0000000056860000 is an unknown value
R9 =0x0000000016f1c960 is pointing into the stack for thread: 0x000000001686f000
R10=0x00000000ffffffff is an unknown value
R11=0x00000000168bb820 is an unknown value
R12=0x000000001dbb08d0 is an unknown value
R13=0x000000001d88e668 is an unknown value
R14=0x0000000000000008 is an unknown value
R15=0x000000001d88e668 is an unknown value


Stack: [0x0000000016e20000,0x0000000016f20000],  sp=0x0000000016f1c640,  free space=1009k
Native frames: (J=compiled Java code, j=interpreted, Vv=VM code, C=native code)
V  [jvm.dll+0x424db2]
V  [jvm.dll+0x42598d]
V  [jvm.dll+0x425ecf]
V  [jvm.dll+0x4c5a84]
V  [jvm.dll+0x4415bc]
V  [jvm.dll+0x443a29]
V  [jvm.dll+0x427722]
V  [jvm.dll+0x96982]
V  [jvm.dll+0x97173]
V  [jvm.dll+0x2234b4]
V  [jvm.dll+0x27bcca]
C  [msvcr100.dll+0x21d9f]
C  [msvcr100.dll+0x21e3b]
C  [KERNEL32.DLL+0x16ad]
C  [ntdll.dll+0x54409]


Current CompileTask:
C2:  10976 5899       4       groovy.lang.MetaClassImpl::findPropertyMethod (356 bytes)


---------------  P R O C E S S  ---------------

Java Threads: ( => current thread )
  0x000000001a208000 JavaThread "net.sf.ehcache.CacheManager@5466a70d" daemon [_thread_blocked, id=201252, stack(0x000000001a5a0000,0x000000001a6a0000)]
  0x0000000018ff2800 JavaThread "H2 Log Writer DEVDB" daemon [_thread_blocked, id=199544, stack(0x000000001c530000,0x000000001c630000)]
  0x0000000018fb1000 JavaThread "H2 File Lock Watchdog C:/Users/D-Roc/Documents/workspace-sts-3.6.0.RELEASE/hubbub/devDb.lock.db" daemon [_thread_blocked, id=201460, stack(0x000000001fef0000,0x000000001fff0000)]
  0x00000000177a3800 JavaThread "PoolCleaner[87674905:1415504997103]" daemon [_thread_blocked, id=200524, stack(0x000000001bc20000,0x000000001bd20000)]
  0x0000000019e5a000 JavaThread "FileSystemWatcher: files=#105 cl=groovy.lang.GroovyClassLoader@539d019" daemon [_thread_blocked, id=196820, stack(0x000000001c430000,0x000000001c530000)]
  0x0000000019eb5800 JavaThread "localhost-startStop-1" daemon [_thread_in_Java, id=197292, stack(0x000000001c330000,0x000000001c430000)]
  0x0000000019eb5000 JavaThread "Tomcat-startStop-1" daemon [_thread_blocked, id=201064, stack(0x000000001c230000,0x000000001c330000)]
  0x0000000019fef800 JavaThread "Thread-3" [_thread_in_native, id=198512, stack(0x000000001bf30000,0x000000001c030000)]
  0x00000000191cd000 JavaThread "Thread-2" [_thread_blocked, id=201184, stack(0x000000001a950000,0x000000001aa50000)]
  0x00000000176db000 JavaThread "NonBlockingInputStreamThread" daemon [_thread_blocked, id=199752, stack(0x0000000018100000,0x0000000018200000)]
  0x0000000016a08800 JavaThread "Service Thread" daemon [_thread_blocked, id=197952, stack(0x0000000017120000,0x0000000017220000)]
  0x000000001686c800 JavaThread "C1 CompilerThread3" daemon [_thread_blocked, id=199292, stack(0x0000000017020000,0x0000000017120000)]
  0x000000001686b800 JavaThread "C2 CompilerThread2" daemon [_thread_in_native, id=200556, stack(0x0000000016f20000,0x0000000017020000)]
=>0x000000001686f000 JavaThread "C2 CompilerThread1" daemon [_thread_in_native, id=200576, stack(0x0000000016e20000,0x0000000016f20000)]
  0x0000000016853000 JavaThread "C2 CompilerThread0" daemon [_thread_in_native, id=198760, stack(0x0000000016d20000,0x0000000016e20000)]
  0x0000000016749800 JavaThread "Attach Listener" daemon [_thread_blocked, id=201200, stack(0x0000000016c20000,0x0000000016d20000)]
  0x0000000016748800 JavaThread "Signal Dispatcher" daemon [_thread_blocked, id=199988, stack(0x0000000016b20000,0x0000000016c20000)]
  0x000000000259b000 JavaThread "Finalizer" daemon [_thread_blocked, id=200992, stack(0x0000000016620000,0x0000000016720000)]
  0x000000001475c800 JavaThread "Reference Handler" daemon [_thread_blocked, id=200628, stack(0x0000000016520000,0x0000000016620000)]
  0x00000000024a4000 JavaThread "main" [_thread_blocked, id=199044, stack(0x0000000002240000,0x0000000002340000)]

Other Threads:
  0x0000000014758800 VMThread [stack: 0x0000000016420000,0x0000000016520000] [id=198824]
  0x0000000016a09000 WatcherThread [stack: 0x0000000017220000,0x0000000017320000] [id=200820]

VM state:not at safepoint (normal execution)

VM Mutex/Monitor currently owned by a thread: None

Heap:
 PSYoungGen      total 213504K, used 93436K [0x00000000f0000000, 0x0000000100000000, 0x0000000100000000)
  eden space 182272K, 34% used [0x00000000f0000000,0x00000000f3d0b788,0x00000000fb200000)
  from space 31232K, 99% used [0x00000000fb200000,0x00000000fd033c18,0x00000000fd080000)
  to   space 43008K, 0% used [0x00000000fd600000,0x00000000fd600000,0x0000000100000000)
 ParOldGen       total 73216K, used 62060K [0x00000000d0000000, 0x00000000d4780000, 0x00000000f0000000)
  object space 73216K, 84% used [0x00000000d0000000,0x00000000d3c9b1c0,0x00000000d4780000)
 Metaspace       used 57875K, capacity 59522K, committed 59776K, reserved 1101824K
  class space    used 6524K, capacity 7028K, committed 7040K, reserved 1048576K

Card table byte_map: [0x0000000011960000,0x0000000011af0000] byte_map_base: 0x00000000112e0000

Marking Bits: (ParMarkBitMap*) 0x00000000570112b0
 Begin Bits: [0x00000000123f0000, 0x0000000012ff0000)
 End Bits:   [0x0000000012ff0000, 0x0000000013bf0000)

Polling page: 0x00000000021a0000

CodeCache: size=245760Kb used=19701Kb max_used=19900Kb free=226059Kb
 bounds [0x00000000025a0000, 0x0000000003930000, 0x00000000115a0000]
 total_blobs=5949 nmethods=5194 adapters=665
 compilation: enabled

Compilation events (10 events):
Event: 10.948 Thread 0x000000001686f000 nmethod 5893 0x00000000030113d0 code [0x0000000003011580, 0x0000000003012008]
Event: 10.948 Thread 0x000000001686f000 5899       4       groovy.lang.MetaClassImpl::findPropertyMethod (356 bytes)
Event: 10.949 Thread 0x000000001686c800 5901       2       org.codehaus.groovy.runtime.callsite.PojoMetaMethodSite::createPojoMetaMethodSite (55 bytes)
Event: 10.949 Thread 0x000000001686c800 nmethod 5901 0x0000000003010e10 code [0x0000000003010fa0, 0x0000000003011248]
Event: 10.950 Thread 0x000000001686c800 5902   !   2       groovy.lang.MetaClassImpl::findMethod (146 bytes)
Event: 10.950 Thread 0x000000001686c800 nmethod 5902 0x0000000003017750 code [0x0000000003017940, 0x0000000003017f58]
Event: 10.954 Thread 0x000000001686c800 5903       2       java.lang.Class$MethodArray::addAllIfNotPresent (32 bytes)
Event: 10.954 Thread 0x000000001686c800 nmethod 5903 0x00000000030171d0 code [0x0000000003017340, 0x0000000003017568]
Event: 10.955 Thread 0x000000001686c800 5904       2       org.codehaus.groovy.reflection.ParameterTypes::correctArguments (79 bytes)
Event: 10.956 Thread 0x000000001686c800 nmethod 5904 0x00000000030147d0 code [0x0000000003014980, 0x0000000003014d88]

GC Heap History (10 events):
Event: 9.066 GC heap before
{Heap before GC invocations=68 (full 5):
 PSYoungGen      total 209920K, used 162143K [0x00000000f0000000, 0x00000000ffb80000, 0x0000000100000000)
  eden space 166400K, 95% used [0x00000000f0000000,0x00000000f9ac3790,0x00000000fa280000)
  from space 43520K, 8% used [0x00000000fd100000,0x00000000fd494838,0x00000000ffb80000)
  to   space 45568K, 0% used [0x00000000fa280000,0x00000000fa280000,0x00000000fcf00000)
 ParOldGen       total 73216K, used 62020K [0x00000000d0000000, 0x00000000d4780000, 0x00000000f0000000)
  object space 73216K, 84% used [0x00000000d0000000,0x00000000d3c911c0,0x00000000d4780000)
 Metaspace       used 52782K, capacity 54266K, committed 54528K, reserved 1097728K
  class space    used 5871K, capacity 6332K, committed 6400K, reserved 1048576K
Event: 9.071 GC heap after
Heap after GC invocations=68 (full 5):
 PSYoungGen      total 211968K, used 6670K [0x00000000f0000000, 0x00000000ffd00000, 0x0000000100000000)
  eden space 166400K, 0% used [0x00000000f0000000,0x00000000f0000000,0x00000000fa280000)
  from space 45568K, 14% used [0x00000000fa280000,0x00000000fa903aa8,0x00000000fcf00000)
  to   space 43008K, 0% used [0x00000000fd300000,0x00000000fd300000,0x00000000ffd00000)
 ParOldGen       total 73216K, used 62028K [0x00000000d0000000, 0x00000000d4780000, 0x00000000f0000000)
  object space 73216K, 84% used [0x00000000d0000000,0x00000000d3c931c0,0x00000000d4780000)
 Metaspace       used 52782K, capacity 54266K, committed 54528K, reserved 1097728K
  class space    used 5871K, capacity 6332K, committed 6400K, reserved 1048576K
}
Event: 9.328 GC heap before
{Heap before GC invocations=69 (full 5):
 PSYoungGen      total 211968K, used 173070K [0x00000000f0000000, 0x00000000ffd00000, 0x0000000100000000)
  eden space 166400K, 100% used [0x00000000f0000000,0x00000000fa280000,0x00000000fa280000)
  from space 45568K, 14% used [0x00000000fa280000,0x00000000fa903aa8,0x00000000fcf00000)
  to   space 43008K, 0% used [0x00000000fd300000,0x00000000fd300000,0x00000000ffd00000)
 ParOldGen       total 73216K, used 62028K [0x00000000d0000000, 0x00000000d4780000, 0x00000000f0000000)
  object space 73216K, 84% used [0x00000000d0000000,0x00000000d3c931c0,0x00000000d4780000)
 Metaspace       used 53480K, capacity 55002K, committed 55424K, reserved 1097728K
  class space    used 5969K, capacity 6428K, committed 6528K, reserved 1048576K
Event: 9.335 GC heap after
Heap after GC invocations=69 (full 5):
 PSYoungGen      total 211968K, used 8081K [0x00000000f0000000, 0x00000000ff880000, 0x0000000100000000)
  eden space 173568K, 0% used [0x00000000f0000000,0x00000000f0000000,0x00000000fa980000)
  from space 38400K, 21% used [0x00000000fd300000,0x00000000fdae4668,0x00000000ff880000)
  to   space 40448K, 0% used [0x00000000fa980000,0x00000000fa980000,0x00000000fd100000)
 ParOldGen       total 73216K, used 62036K [0x00000000d0000000, 0x00000000d4780000, 0x00000000f0000000)
  object space 73216K, 84% used [0x00000000d0000000,0x00000000d3c951c0,0x00000000d4780000)
 Metaspace       used 53480K, capacity 55002K, committed 55424K, reserved 1097728K
  class space    used 5969K, capacity 6428K, committed 6528K, reserved 1048576K
}
Event: 9.762 GC heap before
{Heap before GC invocations=70 (full 5):
 PSYoungGen      total 211968K, used 181649K [0x00000000f0000000, 0x00000000ff880000, 0x0000000100000000)
  eden space 173568K, 100% used [0x00000000f0000000,0x00000000fa980000,0x00000000fa980000)
  from space 38400K, 21% used [0x00000000fd300000,0x00000000fdae4668,0x00000000ff880000)
  to   space 40448K, 0% used [0x00000000fa980000,0x00000000fa980000,0x00000000fd100000)
 ParOldGen       total 73216K, used 62036K [0x00000000d0000000, 0x00000000d4780000, 0x00000000f0000000)
  object space 73216K, 84% used [0x00000000d0000000,0x00000000d3c951c0,0x00000000d4780000)
 Metaspace       used 54368K, capacity 55874K, committed 56320K, reserved 1099776K
  class space    used 6074K, capacity 6537K, committed 6656K, reserved 1048576K
Event: 9.771 GC heap after
Heap after GC invocations=70 (full 5):
 PSYoungGen      total 214016K, used 13572K [0x00000000f0000000, 0x00000000ffd80000, 0x0000000100000000)
  eden space 173568K, 0% used [0x00000000f0000000,0x00000000f0000000,0x00000000fa980000)
  from space 40448K, 33% used [0x00000000fa980000,0x00000000fb6c10e8,0x00000000fd100000)
  to   space 38400K, 0% used [0x00000000fd800000,0x00000000fd800000,0x00000000ffd80000)
 ParOldGen       total 73216K, used 62044K [0x00000000d0000000, 0x00000000d4780000, 0x00000000f0000000)
  object space 73216K, 84% used [0x00000000d0000000,0x00000000d3c971c0,0x00000000d4780000)
 Metaspace       used 54368K, capacity 55874K, committed 56320K, reserved 1099776K
  class space    used 6074K, capacity 6537K, committed 6656K, reserved 1048576K
}
Event: 10.253 GC heap before
{Heap before GC invocations=71 (full 5):
 PSYoungGen      total 214016K, used 187140K [0x00000000f0000000, 0x00000000ffd80000, 0x0000000100000000)
  eden space 173568K, 100% used [0x00000000f0000000,0x00000000fa980000,0x00000000fa980000)
  from space 40448K, 33% used [0x00000000fa980000,0x00000000fb6c10e8,0x00000000fd100000)
  to   space 38400K, 0% used [0x00000000fd800000,0x00000000fd800000,0x00000000ffd80000)
 ParOldGen       total 73216K, used 62044K [0x00000000d0000000, 0x00000000d4780000, 0x00000000f0000000)
  object space 73216K, 84% used [0x00000000d0000000,0x00000000d3c971c0,0x00000000d4780000)
 Metaspace       used 55455K, capacity 57000K, committed 57472K, reserved 1099776K
  class space    used 6200K, capacity 6675K, committed 6784K, reserved 1048576K
Event: 10.265 GC heap after
Heap after GC invocations=71 (full 5):
 PSYoungGen      total 220672K, used 20090K [0x00000000f0000000, 0x00000000ffe00000, 0x0000000100000000)
  eden space 182272K, 0% used [0x00000000f0000000,0x00000000f0000000,0x00000000fb200000)
  from space 38400K, 52% used [0x00000000fd800000,0x00000000feb9eb10,0x00000000ffd80000)
  to   space 38912K, 0% used [0x00000000fb200000,0x00000000fb200000,0x00000000fd800000)
 ParOldGen       total 73216K, used 62052K [0x00000000d0000000, 0x00000000d4780000, 0x00000000f0000000)
  object space 73216K, 84% used [0x00000000d0000000,0x00000000d3c991c0,0x00000000d4780000)
 Metaspace       used 55455K, capacity 57000K, committed 57472K, reserved 1099776K
  class space    used 6200K, capacity 6675K, committed 6784K, reserved 1048576K
}
Event: 10.821 GC heap before
{Heap before GC invocations=72 (full 5):
 PSYoungGen      total 220672K, used 202362K [0x00000000f0000000, 0x00000000ffe00000, 0x0000000100000000)
  eden space 182272K, 100% used [0x00000000f0000000,0x00000000fb200000,0x00000000fb200000)
  from space 38400K, 52% used [0x00000000fd800000,0x00000000feb9eb10,0x00000000ffd80000)
  to   space 38912K, 0% used [0x00000000fb200000,0x00000000fb200000,0x00000000fd800000)
 ParOldGen       total 73216K, used 62052K [0x00000000d0000000, 0x00000000d4780000, 0x00000000f0000000)
  object space 73216K, 84% used [0x00000000d0000000,0x00000000d3c991c0,0x00000000d4780000)
 Metaspace       used 57537K, capacity 59118K, committed 59520K, reserved 1101824K
  class space    used 6454K, capacity 6932K, committed 7040K, reserved 1048576K
Event: 10.835 GC heap after
Heap after GC invocations=72 (full 5):
 PSYoungGen      total 213504K, used 30927K [0x00000000f0000000, 0x0000000100000000, 0x0000000100000000)
  eden space 182272K, 0% used [0x00000000f0000000,0x00000000f0000000,0x00000000fb200000)
  from space 31232K, 99% used [0x00000000fb200000,0x00000000fd033c18,0x00000000fd080000)
  to   space 43008K, 0% used [0x00000000fd600000,0x00000000fd600000,0x0000000100000000)
 ParOldGen       total 73216K, used 62060K [0x00000000d0000000, 0x00000000d4780000, 0x00000000f0000000)
  object space 73216K, 84% used [0x00000000d0000000,0x00000000d3c9b1c0,0x00000000d4780000)
 Metaspace       used 57537K, capacity 59118K, committed 59520K, reserved 1101824K
  class space    used 6454K, capacity 6932K, committed 7040K, reserved 1048576K
}

Deoptimization events (10 events):
Event: 9.502 Thread 0x0000000019eb5800 Uncommon trap: reason=unloaded action=reinterpret pc=0x00000000034ec25c method=com.sun.beans.TypeResolver.resolve(Ljava/lang/reflect/Type;Ljava/lang/reflect/Type;)Ljava/lang/reflect/Type; @ 175
Event: 9.513 Thread 0x0000000019eb5800 Uncommon trap: reason=unreached action=reinterpret pc=0x0000000002753a28 method=java.lang.reflect.Method.equals(Ljava/lang/Object;)Z @ 1
Event: 9.640 Thread 0x0000000019eb5800 Uncommon trap: reason=unreached action=reinterpret pc=0x0000000002a5332c method=org.codehaus.groovy.runtime.metaclass.MetaMethodIndex.isNonRealMethod(Lgroovy/lang/MetaMethod;)Z @ 4
Event: 9.691 Thread 0x0000000019eb5800 Uncommon trap: reason=bimorphic action=maybe_recompile pc=0x00000000036f101c method=groovy.lang.MetaClassImpl$1MOPIter.methodNameAction(Ljava/lang/Class;Lorg/codehaus/groovy/runtime/metaclass/MetaMethodIndex$Entry;)V @ 62
Event: 9.691 Thread 0x0000000019eb5800 Uncommon trap: reason=bimorphic action=maybe_recompile pc=0x00000000036f101c method=groovy.lang.MetaClassImpl$1MOPIter.methodNameAction(Ljava/lang/Class;Lorg/codehaus/groovy/runtime/metaclass/MetaMethodIndex$Entry;)V @ 62
Event: 9.691 Thread 0x0000000019eb5800 Uncommon trap: reason=bimorphic action=maybe_recompile pc=0x00000000036f101c method=groovy.lang.MetaClassImpl$1MOPIter.methodNameAction(Ljava/lang/Class;Lorg/codehaus/groovy/runtime/metaclass/MetaMethodIndex$Entry;)V @ 62
Event: 9.719 Thread 0x0000000019eb5800 Uncommon trap: reason=null_assert action=make_not_entrant pc=0x0000000002bf02c8 method=java.util.concurrent.ConcurrentHashMap.transfer([Ljava/util/concurrent/ConcurrentHashMap$Node;[Ljava/util/concurrent/ConcurrentHashMap$Node;)V @ 557
Event: 9.719 Thread 0x0000000019eb5800 Uncommon trap: reason=null_assert action=make_not_entrant pc=0x0000000003264f70 method=java.util.concurrent.ConcurrentHashMap.transfer([Ljava/util/concurrent/ConcurrentHashMap$Node;[Ljava/util/concurrent/ConcurrentHashMap$Node;)V @ 557
Event: 10.763 Thread 0x0000000019eb5800 Uncommon trap: reason=predicate action=maybe_recompile pc=0x0000000003550bc8 method=java.nio.charset.CharsetDecoder.decode(Ljava/nio/ByteBuffer;Ljava/nio/CharBuffer;Z)Ljava/nio/charset/CoderResult; @ 54
Event: 10.807 Thread 0x0000000019eb5800 Uncommon trap: reason=unloaded action=reinterpret pc=0x0000000002d509bc method=org.springframework.core.BridgeMethodResolver.findBridgedMethod(Ljava/lang/reflect/Method;)Ljava/lang/reflect/Method; @ 13

Internal exceptions (10 events):
Event: 10.960 Thread 0x0000000019eb5800 Exception <a 'java/security/PrivilegedActionException'> (0x00000000f36ad408) thrown at [C:\re\workspace\8-2-build-windows-amd64-cygwin\jdk8u11\648\hotspot\src\share\vm\prims\jvm.cpp, line 1248]
Event: 10.960 Thread 0x0000000019eb5800 Exception <a 'java/security/PrivilegedActionException'> (0x00000000f36cbf10) thrown at [C:\re\workspace\8-2-build-windows-amd64-cygwin\jdk8u11\648\hotspot\src\share\vm\prims\jvm.cpp, line 1248]
Event: 10.960 Thread 0x0000000019eb5800 Exception <a 'java/lang/ClassNotFoundException': java/util/Collections$UnmodifiableListCustomizer> (0x00000000f36cce20) thrown at [C:\re\workspace\8-2-build-windows-amd64-cygwin\jdk8u11\648\hotspot\src\share\vm\classfile\systemDictionary.cpp, line 202]
Event: 10.961 Thread 0x0000000019eb5800 Exception <a 'java/security/PrivilegedActionException'> (0x00000000f36e6e20) thrown at [C:\re\workspace\8-2-build-windows-amd64-cygwin\jdk8u11\648\hotspot\src\share\vm\prims\jvm.cpp, line 1248]
Event: 10.961 Thread 0x0000000019eb5800 Exception <a 'java/security/PrivilegedActionException'> (0x00000000f36eb1d8) thrown at [C:\re\workspace\8-2-build-windows-amd64-cygwin\jdk8u11\648\hotspot\src\share\vm\prims\jvm.cpp, line 1248]
Event: 10.961 Thread 0x0000000019eb5800 Exception <a 'java/security/PrivilegedActionException'> (0x00000000f36fb190) thrown at [C:\re\workspace\8-2-build-windows-amd64-cygwin\jdk8u11\648\hotspot\src\share\vm\prims\jvm.cpp, line 1248]
Event: 10.961 Thread 0x0000000019eb5800 Exception <a 'java/security/PrivilegedActionException'> (0x00000000f371e658) thrown at [C:\re\workspace\8-2-build-windows-amd64-cygwin\jdk8u11\648\hotspot\src\share\vm\prims\jvm.cpp, line 1248]
Event: 10.961 Thread 0x0000000019eb5800 Exception <a 'java/lang/ClassNotFoundException': java/util/Collections$UnmodifiableRandomAccessListCustomizer> (0x00000000f371f580) thrown at [C:\re\workspace\8-2-build-windows-amd64-cygwin\jdk8u11\648\hotspot\src\share\vm\classfile\systemDictionary.cpp, lр]Ьль%@
Event: 10.963 Thread 0x0000000019eb5800 Exception <a 'java/security/PrivilegedActionException'> (0x00000000f375dea8) thrown at [C:\re\workspace\8-2-build-windows-amd64-cygwin\jdk8u11\648\hotspot\src\share\vm\prims\jvm.cpp, line 1248]
Event: 10.963 Thread 0x0000000019eb5800 Exception <a 'java/security/PrivilegedActionException'> (0x00000000f3763780) thrown at [C:\re\workspace\8-2-build-windows-amd64-cygwin\jdk8u11\648\hotspot\src\share\vm\prims\jvm.cpp, line 1248]

Events (10 events):
Event: 10.961 loading class java/util/Collections$UnmodifiableRandomAccessListCustomizer
Event: 10.961 loading class java/util/Collections$UnmodifiableRandomAccessListCustomizer done
Event: 10.961 loading class java/util/Collections$UnmodifiableNavigableMap
Event: 10.961 loading class java/util/Collections$UnmodifiableNavigableMap done
Event: 10.961 loading class java/util/Collections$UnmodifiableNavigableSet
Event: 10.961 loading class java/util/Collections$UnmodifiableSortedSet
Event: 10.962 loading class java/util/Collections$UnmodifiableSortedSet done
Event: 10.962 loading class java/util/Collections$UnmodifiableNavigableSet done
Event: 10.963 loading class org/codehaus/groovy/grails/plugins/DomainClassGrailsPlugin$_registerConstraintsProperty_closure19
Event: 10.963 loading class org/codehaus/groovy/grails/plugins/DomainClassGrailsPlugin$_registerConstraintsProperty_closure19 done


Dynamic libraries:
0x00007ff6eaa30000 - 0x00007ff6eaa64000 	C:\Program Files\Java\jdk1.8.0_11\bin\java.exe
0x00007ffc24ab0000 - 0x00007ffc24c56000 	C:\Windows\SYSTEM32\ntdll.dll
0x00007ffc23df0000 - 0x00007ffc23f2a000 	C:\Windows\system32\KERNEL32.DLL
0x00007ffc21f50000 - 0x00007ffc2205f000 	C:\Windows\system32\KERNELBASE.dll
0x00007ffc20a60000 - 0x00007ffc20ae8000 	C:\Windows\system32\apphelp.dll
0x00007ffc0d310000 - 0x00007ffc0d35f000 	C:\Windows\AppPatch\AppPatch64\AcGenral.DLL
0x00007ffc24220000 - 0x00007ffc242c7000 	C:\Windows\system32\msvcrt.dll
0x00007ffc21c70000 - 0x00007ffc21c9b000 	C:\Windows\SYSTEM32\SspiCli.dll
0x00007ffc23f30000 - 0x00007ffc23f81000 	C:\Windows\system32\SHLWAPI.dll
0x00007ffc242e0000 - 0x00007ffc24451000 	C:\Windows\system32\USER32.dll
0x00007ffc248d0000 - 0x00007ffc24a48000 	C:\Windows\system32\ole32.dll
0x00007ffc229e0000 - 0x00007ffc23def000 	C:\Windows\system32\SHELL32.dll
0x00007ffc217f0000 - 0x00007ffc2180e000 	C:\Windows\SYSTEM32\USERENV.dll
0x00007ffc22870000 - 0x00007ffc22915000 	C:\Windows\system32\ADVAPI32.dll
0x00007ffc14020000 - 0x00007ffc1403b000 	C:\Windows\SYSTEM32\MPR.dll
0x00007ffc24710000 - 0x00007ffc24847000 	C:\Windows\system32\RPCRT4.dll
0x00007ffc24460000 - 0x00007ffc244b7000 	C:\Windows\SYSTEM32\sechost.dll
0x00007ffc23f90000 - 0x00007ffc24166000 	C:\Windows\SYSTEM32\combase.dll
0x00007ffc22620000 - 0x00007ffc22764000 	C:\Windows\system32\GDI32.dll
0x00007ffc21e30000 - 0x00007ffc21e44000 	C:\Windows\SYSTEM32\profapi.dll
0x00007ffc20050000 - 0x00007ffc200ef000 	C:\Windows\SYSTEM32\SHCORE.dll
0x00007ffc24a70000 - 0x00007ffc24aa4000 	C:\Windows\system32\IMM32.DLL
0x00007ffc224e0000 - 0x00007ffc22619000 	C:\Windows\system32\MSCTF.dll
0x00007ffc1fae0000 - 0x00007ffc1fd3a000 	C:\Windows\WinSxS\amd64_microsoft.windows.common-controls_6595b64144ccf1df_6.0.9600.17031_none_6242a4b3ecbb55a1\COMCTL32.dll
0x0000000057090000 - 0x0000000057162000 	C:\Program Files\Java\jdk1.8.0_11\jre\bin\msvcr100.dll
0x0000000056860000 - 0x000000005708a000 	C:\Program Files\Java\jdk1.8.0_11\jre\bin\server\jvm.dll
0x00007ffc1c100000 - 0x00007ffc1c109000 	C:\Windows\SYSTEM32\WSOCK32.dll
0x00007ffc1d7a0000 - 0x00007ffc1d7bf000 	C:\Windows\SYSTEM32\WINMM.dll
0x00007ffc244c0000 - 0x00007ffc244c7000 	C:\Windows\system32\PSAPI.DLL
0x00007ffc22810000 - 0x00007ffc22868000 	C:\Windows\system32\WS2_32.dll
0x00007ffc1d760000 - 0x00007ffc1d78a000 	C:\Windows\SYSTEM32\WINMMBASE.dll
0x00007ffc242d0000 - 0x00007ffc242d9000 	C:\Windows\system32\NSI.dll
0x00007ffc222f0000 - 0x00007ffc2233a000 	C:\Windows\SYSTEM32\cfgmgr32.dll
0x00007ffc20ce0000 - 0x00007ffc20d06000 	C:\Windows\SYSTEM32\DEVOBJ.dll
0x0000000056850000 - 0x000000005685f000 	C:\Program Files\Java\jdk1.8.0_11\jre\bin\verify.dll
0x0000000056820000 - 0x0000000056848000 	C:\Program Files\Java\jdk1.8.0_11\jre\bin\java.dll
0x00000000567f0000 - 0x0000000056813000 	C:\Program Files\Java\jdk1.8.0_11\jre\bin\instrument.dll
0x00000000567d0000 - 0x00000000567e6000 	C:\Program Files\Java\jdk1.8.0_11\jre\bin\zip.dll
0x00007ffc21810000 - 0x00007ffc2182e000 	C:\Windows\SYSTEM32\CRYPTSP.dll
0x00007ffc212f0000 - 0x00007ffc21325000 	C:\Windows\system32\rsaenh.dll
0x00007ffc21940000 - 0x00007ffc21966000 	C:\Windows\SYSTEM32\bcrypt.dll
0x00007ffc21ca0000 - 0x00007ffc21d00000 	C:\Windows\system32\bcryptprimitives.dll
0x00007ffc21d00000 - 0x00007ffc21d0a000 	C:\Windows\SYSTEM32\CRYPTBASE.dll
0x00000000567b0000 - 0x00000000567ca000 	C:\Program Files\Java\jdk1.8.0_11\jre\bin\net.dll
0x00007ffc21640000 - 0x00007ffc21698000 	C:\Windows\system32\mswsock.dll
0x00007ffc1b960000 - 0x00007ffc1b989000 	C:\Windows\SYSTEM32\IPHLPAPI.DLL
0x00007ffc1b700000 - 0x00007ffc1b70a000 	C:\Windows\SYSTEM32\WINNSI.DLL
0x00007ffc1b590000 - 0x00007ffc1b5a4000 	C:\Windows\SYSTEM32\dhcpcsvc6.DLL
0x00007ffc1b570000 - 0x00007ffc1b589000 	C:\Windows\SYSTEM32\dhcpcsvc.DLL
0x0000000056790000 - 0x00000000567a1000 	C:\Program Files\Java\jdk1.8.0_11\jre\bin\nio.dll
0x00007ffc183c0000 - 0x00007ffc183ca000 	C:\Users\D-Roc\AppData\Local\Temp\jansi-64-2366906309288234407.dll
0x0000000056740000 - 0x000000005674d000 	C:\Program Files\Java\jdk1.8.0_11\jre\bin\management.dll
0x00007ffc19410000 - 0x00007ffc19424000 	C:\Windows\system32\napinsp.dll
0x00007ffc193f0000 - 0x00007ffc19409000 	C:\Windows\system32\pnrpnsp.dll
0x00007ffc1c750000 - 0x00007ffc1c769000 	C:\Windows\system32\NLAapi.dll
0x00007ffc21520000 - 0x00007ffc215c3000 	C:\Windows\SYSTEM32\DNSAPI.dll
0x00007ffc193e0000 - 0x00007ffc193ec000 	C:\Windows\System32\winrnr.dll
0x00007ffc188b0000 - 0x00007ffc188b9000 	C:\Windows\System32\rasadhlp.dll
0x00007ffc1b1f0000 - 0x00007ffc1b258000 	C:\Windows\System32\fwpuclnt.dll
0x00007ffc1c4a0000 - 0x00007ffc1c628000 	C:\Windows\SYSTEM32\dbghelp.dll

VM Arguments:
jvm_args: -Dfile.encoding=UTF-8 -Xmx768M -Xms64M -Dgrails.fork.parent.process.port=56374 -Dgrails.fork.active=true -Dgrails.build.execution.context=C:\Users\D-Roc\AppData\Local\Temp\hubbub626557551889625806grails-execution-context -Dgrails.home=C:\Spring\sts-bundle\grails-2.4.3 -javaagent:C:\Spring\sts-bundle\grails-2.4.3\lib\org.springframework\springloaded\jars\springloaded-1.2.0.RELEASE.jar -Xverify:none -Dspringloaded.synchronize=true -Djdk.reflect.allowGetCallerClass=true -Dspringloaded=profile=grails;cacheDir=C:\Users\D-Roc\.grails\2.4.3 
java_command: org.grails.plugins.tomcat.fork.ForkedTomcatServer
java_class_path (initial): C:\Program Files\Java\jdk1.8.0_11\lib\tools.jar;C:\Spring\sts-bundle\grails-2.4.3\lib\org.codehaus.groovy\groovy-all\jars\groovy-all-2.3.6.jar;C:\Spring\sts-bundle\grails-2.4.3\lib\org.slf4j\jcl-over-slf4j\jars\jcl-over-slf4j-1.7.5.jar;C:\Spring\sts-bundle\grails-2.4.3\lib\org.codehaus.gant\gant_groovy1.8\jars\gant_groovy1.8-1.9.6.jar;C:\Spring\sts-bundle\grails-2.4.3\lib\org.apache.tomcat.embed\tomcat-embed-logging-log4j\jars\tomcat-embed-logging-log4j-7.0.50.jar;C:\Spring\sts-bundle\grails-2.4.3\dist\grails-plugin-log4j-2.4.3.jar;C:\Spring\sts-bundle\grails-2.4.3\lib\log4j\log4j\jars\log4j-1.2.17.jar;C:\Spring\sts-bundle\grails-2.4.3\dist\grails-bootstrap-2.4.3.jar;C:\Spring\sts-bundle\grails-2.4.3\lib\org.slf4j\slf4j-api\jars\slf4j-api-1.7.5.jar;C:\Spring\sts-bundle\grails-2.4.3\lib\jline\jline\jars\jline-2.12.jar;C:\Spring\sts-bundle\grails-2.4.3\lib\org.apache.ant\ant\jars\ant-1.8.4.jar;C:\Spring\sts-bundle\grails-2.4.3\lib\org.apache.ant\ant-launcher\jars\ant-launcher-1.8.4.jar;C:\Spring\sts-bundle\grails-2.4.3\lib\org.apache.ant\ant-trax\jars\ant-trax-1.7.1.jar;C:\Spring\sts-bundle\grails-2.4.3\lib\org.apache.ant\ant-junit\jars\ant-junit-1.8.4.jar;C:\Spring\sts-bundle\grails-2.4.3\lib\org.apache.ivy\ivy\jars\ivy-2.3.0.jar;C:\Spring\sts-bundle\grails-2.4.3\lib\org.fusesource.jansi\jansi\jars\jansi-1.11.jar;C:\Users\D-Roc\.m2\repository\org\apache\tomcat\tomcat-catalina-ant\7.0.55\tomcat-catalina-ant-7.0.55.jar;C:\Users\D-Roc\.m2\repository\org\apache\tomcat\embed\tomcat-embed-jasper\7.0.55\tomcat-embed-jasper-7.0.55.jar;C:\Users\D-Roc\.m2\repository\org\apache\tomcat\embed\tomcat-embed-el\7.0.55\tomcat-embed-el-7.0.55.jar;C:\Users\D-Roc\.m2\repository\org\apache\tomcat\embed\tomcat-embed-logging-log4j\7.0.55\tomcat-embed-logging-log4j-7.0.55.jar;C:\Users\D-Roc\.m2\repository\org\apache\tomcat\embed\tomcat-embed-websocket\7.0.55\tomcat-embed-websocket-7.0.55.jar;C:\Users\D-Roc\.m2\repository\org\apache\tomcat\embed\tomcat-embed-core
Launcher Type: SUN_STANDARD

Environment Variables:
JAVA_HOME=C:\Program Files\Java\jdk1.8.0_11
PATH=C:\Program Files\Java\jdk1.8.0_11\bin\bin;C:\Java Tools\gradle-2.1\bin;C:\Java Tools\apache-maven-3.2.3\bin;C:\ProgramData\Oracle\Java\javapath;C:\Program Files (x86)\iis express\PHP\v5.4;C:\play-2.2.4;C:\Program Files\Java\jdk1.8.0_11\bin;C:\Program Files (x86)\NVIDIA Corporation\PhysX\Common;C:\Program Files (x86)\Intel\iCLS Client\;C:\Program Files\Intel\iCLS Client\;C:\Windows\system32;C:\Windows;C:\Windows\System32\Wbem;C:\Windows\System32\WindowsPowerShell\v1.0\;C:\Program Files\Intel\Intel(R) Management Engine Components\DAL;C:\Program Files\Intel\Intel(R) Management Engine Components\IPT;C:\Program Files (x86)\Intel\Intel(R) Management Engine Components\DAL;C:\Program Files (x86)\Intel\Intel(R) Management Engine Components\IPT;C:\Program Files (x86)\Intel\OpenCL SDK\3.0\bin\x86;C:\Program Files (x86)\Intel\OpenCL SDK\3.0\bin\x64;C:\Program Files (x86)\Microsoft ASP.NET\ASP.NET Web Pages\v1.0\;C:\Program Files\Microsoft SQL Server\110\Tools\Binn\;C:\Program Files\Microsoft\Web Platform Installer\;C:\Program Files (x86)\GtkSharp\2.12\bin;C:\Program Files (x86)\Microsoft SQL Server\110\Tools\Binn\ManagementStudio\;C:\Program Files (x86)\Microsoft SQL Server\110\Tools\Binn\;C:\Program Files (x86)\Microsoft SQL Server\110\DTS\Binn\;C:\Program Files\Microsoft SQL Server\110\DTS\Binn\;C:\Program Files (x86)\Windows Kits\8.1\Windows Performance Toolkit\;C:\ggts-bundle\grails-2.4.2\bin;C:\Program Files\Microsoft SQL Server\120\Tools\Binn\;C:\Program Files (x86)\Microsoft SDKs\TypeScript\1.0;C:\Program Files (x86)\nodejs\;C:\Program Files (x86)\CloudFoundry;C:\Program Files (x86)\Git\cmd;C:\Program Files (x86)\Git\bin;C:\Ruby193\bin;C:\Users\D-Roc\AppData\Roaming\npm\
USERNAME=D-Roc
OS=Windows_NT
PROCESSOR_IDENTIFIER=Intel64 Family 6 Model 60 Stepping 3, GenuineIntel



---------------  S Y S T E M  ---------------

OS: Windows 8.1 , 64 bit Build 9600 

CPU:total 8 (4 cores per cpu, 2 threads per core) family 6 model 60 stepping 3, cmov, cx8, fxsr, mmx, sse, sse2, sse3, ssse3, sse4.1, sse4.2, popcnt, avx, avx2, aes, clmul, erms, ht, tsc, tscinvbit

Memory: 4k page, physical 16662340k(7739332k free), swap 21099896k(8750384k free)

vm_info: Java HotSpot(TM) 64-Bit Server VM (25.11-b03) for windows-amd64 JRE (1.8.0_11-b12), built on Jun 16 2014 20:57:32 by "java_re" with MS VC++ 10.0 (VS2010)

time: Sat Nov 08 21:50:02 2014
elapsed time: 10 seconds

