#
# A fatal error has been detected by the Java Runtime Environment:
#
#  EXCEPTION_ACCESS_VIOLATION (0xc0000005) at pc=0x0000000056554db2, pid=197896, tid=200400
#
# JRE version: Java(TM) SE Runtime Environment (8.0_11-b12) (build 1.8.0_11-b12)
# Java VM: Java HotSpot(TM) 64-Bit Server VM (25.11-b03 mixed mode windows-amd64 compressed oops)
# Problematic frame:
# V  [jvm.dll+0x424db2]
#
# Failed to write core dump. Minidumps are not enabled by default on client versions of Windows
#
# If you would like to submit a bug report, please visit:
#   http://bugreport.sun.com/bugreport/crash.jsp
#

---------------  T H R E A D  ---------------

Current thread (0x00000000168b6800):  JavaThread "C2 CompilerThread1" daemon [_thread_in_native, id=200400, stack(0x0000000016e90000,0x0000000016f90000)]

siginfo: ExceptionCode=0xc0000005, reading address 0x0000000000000000

Registers:
RAX=0x000000001a1ebbd8, RBX=0x0000000000000600, RCX=0x0000000000000000, RDX=0x000000001b6c77f0
RSP=0x0000000016f8c680, RBP=0x00000000000000c0, RSI=0x00000000000000b8, RDI=0x0000000000000000
R8 =0x0000000056130000, R9 =0x0000000016f8c9a0, R10=0x00000000ffffffff, R11=0x000000001692e8a0
R12=0x000000001a1ec2e0, R13=0x000000001d8e8758, R14=0x0000000000000008, R15=0x000000001d8e8758
RIP=0x0000000056554db2, EFLAGS=0x0000000000010206

Top of Stack: (sp=0x0000000016f8c680)
0x0000000016f8c680:   00000000000000da 000000001b6c30e0
0x0000000016f8c690:   0000000000000030 0000000000000400
0x0000000016f8c6a0:   0000000000000001 0000000000000600
0x0000000016f8c6b0:   0000000000000180 00000000000000c0
0x0000000016f8c6c0:   000000001b9791d0 00000000168f1fc0
0x0000000016f8c6d0:   00000000000006c0 000000001b6c30e0
0x0000000016f8c6e0:   0000000016f8c9a0 000000001a1e8d40
0x0000000016f8c6f0:   0000000000000020 0000000000000009
0x0000000016f8c700:   000000001a1ec2b0 00000000000000da
0x0000000016f8c710:   000000001d8e8758 000000005655598d
0x0000000016f8c720:   000000001a1ec2b0 000000000000001c
0x0000000016f8c730:   00000000000000da 0000000016f8c9a0
0x0000000016f8c740:   000000001b6c77f0 00000000000000da
0x0000000016f8c750:   000000001a1e8d40 0000000000000020
0x0000000016f8c760:   00000000169eb158 0000000016f8ed10
0x0000000016f8c770:   00000000169eb788 000000001a1ec2b0 

Instructions: (pc=0x0000000056554db2)
0x0000000056554d92:   c6 48 63 f0 48 03 f1 eb 04 48 83 ce ff 48 8b 84
0x0000000056554da2:   24 a0 00 00 00 48 8b 40 08 48 8b 3c 03 48 8b cf
0x0000000056554db2:   48 8b 07 ff 50 28 4c 8d 05 41 b2 bd ff 48 63 50
0x0000000056554dc2:   10 4c 8b d8 48 8b ca 48 c1 e1 05 42 80 bc 01 c0 


Register to memory mapping:

RAX=0x000000001a1ebbd8 is an unknown value
RBX=0x0000000000000600 is an unknown value
RCX=0x0000000000000000 is an unknown value
RDX=0x000000001b6c77f0 is an unknown value
RSP=0x0000000016f8c680 is pointing into the stack for thread: 0x00000000168b6800
RBP=0x00000000000000c0 is an unknown value
RSI=0x00000000000000b8 is an unknown value
RDI=0x0000000000000000 is an unknown value
R8 =0x0000000056130000 is an unknown value
R9 =0x0000000016f8c9a0 is pointing into the stack for thread: 0x00000000168b6800
R10=0x00000000ffffffff is an unknown value
R11=0x000000001692e8a0 is an unknown value
R12=0x000000001a1ec2e0 is an unknown value
R13=0x000000001d8e8758 is an unknown value
R14=0x0000000000000008 is an unknown value
R15=0x000000001d8e8758 is an unknown value


Stack: [0x0000000016e90000,0x0000000016f90000],  sp=0x0000000016f8c680,  free space=1009k
Native frames: (J=compiled Java code, j=interpreted, Vv=VM code, C=native code)
V  [jvm.dll+0x424db2]
V  [jvm.dll+0x42598d]
V  [jvm.dll+0x425ecf]
V  [jvm.dll+0x4c5a84]
V  [jvm.dll+0x4415bc]
V  [jvm.dll+0x443a29]
V  [jvm.dll+0x427722]
V  [jvm.dll+0x96982]
V  [jvm.dll+0x97173]
V  [jvm.dll+0x2234b4]
V  [jvm.dll+0x27bcca]
C  [msvcr100.dll+0x21d9f]
C  [msvcr100.dll+0x21e3b]
C  [KERNEL32.DLL+0x16ad]
C  [ntdll.dll+0x54409]


Current CompileTask:
C2:  17176 5959       4       groovy.lang.MetaClassImpl::findPropertyMethod (356 bytes)


---------------  P R O C E S S  ---------------

Java Threads: ( => current thread )
  0x000000001ecc0000 JavaThread "net.sf.ehcache.CacheManager@3984d68e" daemon [_thread_blocked, id=199292, stack(0x000000001c780000,0x000000001c880000)]
  0x0000000018928800 JavaThread "PoolCleaner[87674905:1415502278607]" daemon [_thread_blocked, id=200988, stack(0x000000001cb60000,0x000000001cc60000)]
  0x000000001b09e800 JavaThread "FileSystemWatcher: files=#100 cl=groovy.lang.GroovyClassLoader@539d019" daemon [_thread_blocked, id=201628, stack(0x000000001aac0000,0x000000001abc0000)]
  0x000000001b627000 JavaThread "localhost-startStop-1" daemon [_thread_in_native, id=200152, stack(0x000000001c480000,0x000000001c580000)]
  0x0000000019630000 JavaThread "Tomcat-startStop-1" daemon [_thread_blocked, id=196444, stack(0x000000001c380000,0x000000001c480000)]
  0x0000000018b9c800 JavaThread "Thread-3" [_thread_in_native, id=197644, stack(0x000000001a600000,0x000000001a700000)]
  0x000000001879c800 JavaThread "Thread-2" [_thread_blocked, id=199008, stack(0x000000001a9c0000,0x000000001aac0000)]
  0x000000001778c800 JavaThread "NonBlockingInputStreamThread" daemon [_thread_blocked, id=200196, stack(0x0000000018160000,0x0000000018260000)]
  0x0000000016a32800 JavaThread "Service Thread" daemon [_thread_blocked, id=199128, stack(0x0000000017190000,0x0000000017290000)]
  0x00000000168fc800 JavaThread "C1 CompilerThread3" daemon [_thread_blocked, id=196492, stack(0x0000000017090000,0x0000000017190000)]
  0x00000000168f5800 JavaThread "C2 CompilerThread2" daemon [_thread_in_native, id=200996, stack(0x0000000016f90000,0x0000000017090000)]
=>0x00000000168b6800 JavaThread "C2 CompilerThread1" daemon [_thread_in_native, id=200400, stack(0x0000000016e90000,0x0000000016f90000)]
  0x00000000168ef000 JavaThread "C2 CompilerThread0" daemon [_thread_in_native, id=196312, stack(0x0000000016d90000,0x0000000016e90000)]
  0x00000000167b6800 JavaThread "Attach Listener" daemon [_thread_blocked, id=198212, stack(0x0000000016c90000,0x0000000016d90000)]
  0x00000000167b5800 JavaThread "Signal Dispatcher" daemon [_thread_blocked, id=201288, stack(0x0000000016b90000,0x0000000016c90000)]
  0x000000000260a000 JavaThread "Finalizer" daemon [_thread_blocked, id=199160, stack(0x0000000016690000,0x0000000016790000)]
  0x00000000147cc000 JavaThread "Reference Handler" daemon [_thread_blocked, id=198184, stack(0x0000000016590000,0x0000000016690000)]
  0x0000000002514000 JavaThread "main" [_thread_blocked, id=201460, stack(0x00000000022e0000,0x00000000023e0000)]

Other Threads:
  0x00000000147c7800 VMThread [stack: 0x0000000016490000,0x0000000016590000] [id=201196]
  0x0000000016a33000 WatcherThread [stack: 0x0000000017290000,0x0000000017390000] [id=200556]

VM state:not at safepoint (normal execution)

VM Mutex/Monitor currently owned by a thread: None

Heap:
 PSYoungGen      total 231936K, used 83000K [0x00000000f0000000, 0x0000000100000000, 0x0000000100000000)
  eden space 203776K, 29% used [0x00000000f0000000,0x00000000f3bb12d8,0x00000000fc700000)
  from space 28160K, 77% used [0x00000000fc700000,0x00000000fdc5cd38,0x00000000fe280000)
  to   space 30208K, 0% used [0x00000000fe280000,0x00000000fe280000,0x0000000100000000)
 ParOldGen       total 93696K, used 75722K [0x00000000d0000000, 0x00000000d5b80000, 0x00000000f0000000)
  object space 93696K, 80% used [0x00000000d0000000,0x00000000d49f2938,0x00000000d5b80000)
 Metaspace       used 59305K, capacity 61026K, committed 61184K, reserved 1103872K
  class space    used 6833K, capacity 7359K, committed 7424K, reserved 1048576K

Card table byte_map: [0x00000000119d0000,0x0000000011b60000] byte_map_base: 0x0000000011350000

Marking Bits: (ParMarkBitMap*) 0x00000000568e12b0
 Begin Bits: [0x0000000012460000, 0x0000000013060000)
 End Bits:   [0x0000000013060000, 0x0000000013c60000)

Polling page: 0x0000000000c20000

CodeCache: size=245760Kb used=19235Kb max_used=19865Kb free=226524Kb
 bounds [0x0000000002610000, 0x0000000003990000, 0x0000000011610000]
 total_blobs=5954 nmethods=5202 adapters=662
 compilation: enabled

Compilation events (10 events):
Event: 16.997 Thread 0x00000000168fc800 6134       2       liquibase.logging.core.DefaultLogger::debug (22 bytes)
Event: 16.997 Thread 0x00000000168fc800 nmethod 6134 0x0000000002bda310 code [0x0000000002bda480, 0x0000000002bda658]
Event: 17.114 Thread 0x00000000168b6800 nmethod 5167 0x00000000034bb510 code [0x00000000034bc020, 0x00000000034c5508]
Event: 17.116 Thread 0x00000000168b6800 5960       4       groovy.lang.MetaClassImpl$1MOPIter::processFastArray (210 bytes)
Event: 17.127 Thread 0x00000000168b6800 nmethod 5960 0x0000000002853a10 code [0x0000000002853bc0, 0x0000000002854788]
Event: 17.127 Thread 0x00000000168b6800 5930       4       org.codehaus.groovy.runtime.metaclass.MetaMethodIndex::isMatchingMethod (68 bytes)
Event: 17.129 Thread 0x00000000168b6800 nmethod 5930 0x0000000003430d50 code [0x0000000003430ea0, 0x0000000003430fd8]
Event: 17.129 Thread 0x00000000168b6800 5801 %     4       java.util.ComparableTimSort::binarySort @ 32 (223 bytes)
Event: 17.133 Thread 0x00000000168b6800 nmethod 5801% 0x0000000002ba6910 code [0x0000000002ba6aa0, 0x0000000002ba7248]
Event: 17.134 Thread 0x00000000168b6800 5959       4       groovy.lang.MetaClassImpl::findPropertyMethod (356 bytes)

GC Heap History (10 events):
Event: 11.587 GC heap before
{Heap before GC invocations=59 (full 5):
 PSYoungGen      total 204288K, used 177152K [0x00000000f0000000, 0x00000000ff000000, 0x0000000100000000)
  eden space 177152K, 100% used [0x00000000f0000000,0x00000000fad00000,0x00000000fad00000)
  from space 27136K, 0% used [0x00000000fad00000,0x00000000fad00000,0x00000000fc780000)
  to   space 26112K, 0% used [0x00000000fd680000,0x00000000fd680000,0x00000000ff000000)
 ParOldGen       total 75776K, used 61709K [0x00000000d0000000, 0x00000000d4a00000, 0x00000000f0000000)
  object space 75776K, 81% used [0x00000000d0000000,0x00000000d3c43540,0x00000000d4a00000)
 Metaspace       used 52576K, capacity 54106K, committed 54528K, reserved 1097728K
  class space    used 5902K, capacity 6364K, committed 6400K, reserved 1048576K
Event: 11.594 GC heap after
Heap after GC invocations=59 (full 5):
 PSYoungGen      total 216576K, used 6919K [0x00000000f0000000, 0x00000000fee00000, 0x0000000100000000)
  eden space 192512K, 0% used [0x00000000f0000000,0x00000000f0000000,0x00000000fbc00000)
  from space 24064K, 28% used [0x00000000fd680000,0x00000000fdd41d48,0x00000000fee00000)
  to   space 25600K, 0% used [0x00000000fbc00000,0x00000000fbc00000,0x00000000fd500000)
 ParOldGen       total 75776K, used 61717K [0x00000000d0000000, 0x00000000d4a00000, 0x00000000f0000000)
  object space 75776K, 81% used [0x00000000d0000000,0x00000000d3c45540,0x00000000d4a00000)
 Metaspace       used 52576K, capacity 54106K, committed 54528K, reserved 1097728K
  class space    used 5902K, capacity 6364K, committed 6400K, reserved 1048576K
}
Event: 12.808 GC heap before
{Heap before GC invocations=60 (full 5):
 PSYoungGen      total 216576K, used 199431K [0x00000000f0000000, 0x00000000fee00000, 0x0000000100000000)
  eden space 192512K, 100% used [0x00000000f0000000,0x00000000fbc00000,0x00000000fbc00000)
  from space 24064K, 28% used [0x00000000fd680000,0x00000000fdd41d48,0x00000000fee00000)
  to   space 25600K, 0% used [0x00000000fbc00000,0x00000000fbc00000,0x00000000fd500000)
 ParOldGen       total 75776K, used 61717K [0x00000000d0000000, 0x00000000d4a00000, 0x00000000f0000000)
  object space 75776K, 81% used [0x00000000d0000000,0x00000000d3c45540,0x00000000d4a00000)
 Metaspace       used 53905K, capacity 55440K, committed 55808K, reserved 1097728K
  class space    used 6065K, capacity 6542K, committed 6656K, reserved 1048576K
Event: 12.816 GC heap after
Heap after GC invocations=60 (full 5):
 PSYoungGen      total 218112K, used 13673K [0x00000000f0000000, 0x00000000ffb00000, 0x0000000100000000)
  eden space 192512K, 0% used [0x00000000f0000000,0x00000000f0000000,0x00000000fbc00000)
  from space 25600K, 53% used [0x00000000fbc00000,0x00000000fc95a708,0x00000000fd500000)
  to   space 25088K, 0% used [0x00000000fe280000,0x00000000fe280000,0x00000000ffb00000)
 ParOldGen       total 75776K, used 61725K [0x00000000d0000000, 0x00000000d4a00000, 0x00000000f0000000)
  object space 75776K, 81% used [0x00000000d0000000,0x00000000d3c47540,0x00000000d4a00000)
 Metaspace       used 53905K, capacity 55440K, committed 55808K, reserved 1097728K
  class space    used 6065K, capacity 6542K, committed 6656K, reserved 1048576K
}
Event: 13.993 GC heap before
{Heap before GC invocations=61 (full 5):
 PSYoungGen      total 218112K, used 206185K [0x00000000f0000000, 0x00000000ffb00000, 0x0000000100000000)
  eden space 192512K, 100% used [0x00000000f0000000,0x00000000fbc00000,0x00000000fbc00000)
  from space 25600K, 53% used [0x00000000fbc00000,0x00000000fc95a708,0x00000000fd500000)
  to   space 25088K, 0% used [0x00000000fe280000,0x00000000fe280000,0x00000000ffb00000)
 ParOldGen       total 75776K, used 61725K [0x00000000d0000000, 0x00000000d4a00000, 0x00000000f0000000)
  object space 75776K, 81% used [0x00000000d0000000,0x00000000d3c47540,0x00000000d4a00000)
 Metaspace       used 55439K, capacity 57026K, committed 57472K, reserved 1099776K
  class space    used 6202K, capacity 6706K, committed 6784K, reserved 1048576K
Event: 14.009 GC heap after
Heap after GC invocations=61 (full 5):
 PSYoungGen      total 228864K, used 22955K [0x00000000f0000000, 0x00000000fff80000, 0x0000000100000000)
  eden space 203776K, 0% used [0x00000000f0000000,0x00000000f0000000,0x00000000fc700000)
  from space 25088K, 91% used [0x00000000fe280000,0x00000000ff8eae30,0x00000000ffb00000)
  to   space 28160K, 0% used [0x00000000fc700000,0x00000000fc700000,0x00000000fe280000)
 ParOldGen       total 75776K, used 61733K [0x00000000d0000000, 0x00000000d4a00000, 0x00000000f0000000)
  object space 75776K, 81% used [0x00000000d0000000,0x00000000d3c49540,0x00000000d4a00000)
 Metaspace       used 55439K, capacity 57026K, committed 57472K, reserved 1099776K
  class space    used 6202K, capacity 6706K, committed 6784K, reserved 1048576K
}
Event: 15.749 GC heap before
{Heap before GC invocations=62 (full 5):
 PSYoungGen      total 228864K, used 226731K [0x00000000f0000000, 0x00000000fff80000, 0x0000000100000000)
  eden space 203776K, 100% used [0x00000000f0000000,0x00000000fc700000,0x00000000fc700000)
  from space 25088K, 91% used [0x00000000fe280000,0x00000000ff8eae30,0x00000000ffb00000)
  to   space 28160K, 0% used [0x00000000fc700000,0x00000000fc700000,0x00000000fe280000)
 ParOldGen       total 75776K, used 61733K [0x00000000d0000000, 0x00000000d4a00000, 0x00000000f0000000)
  object space 75776K, 81% used [0x00000000d0000000,0x00000000d3c49540,0x00000000d4a00000)
 Metaspace       used 58319K, capacity 59978K, committed 60160K, reserved 1101824K
  class space    used 6645K, capacity 7161K, committed 7168K, reserved 1048576K
Event: 15.770 GC heap after
Heap after GC invocations=62 (full 5):
 PSYoungGen      total 231936K, used 28131K [0x00000000f0000000, 0x0000000100000000, 0x0000000100000000)
  eden space 203776K, 0% used [0x00000000f0000000,0x00000000f0000000,0x00000000fc700000)
  from space 28160K, 99% used [0x00000000fc700000,0x00000000fe278c60,0x00000000fe280000)
  to   space 30208K, 0% used [0x00000000fe280000,0x00000000fe280000,0x0000000100000000)
 ParOldGen       total 75776K, used 70707K [0x00000000d0000000, 0x00000000d4a00000, 0x00000000f0000000)
  object space 75776K, 93% used [0x00000000d0000000,0x00000000d450cea0,0x00000000d4a00000)
 Metaspace       used 58319K, capacity 59978K, committed 60160K, reserved 1101824K
  class space    used 6645K, capacity 7161K, committed 7168K, reserved 1048576K
}
Event: 15.770 GC heap before
{Heap before GC invocations=63 (full 6):
 PSYoungGen      total 231936K, used 28131K [0x00000000f0000000, 0x0000000100000000, 0x0000000100000000)
  eden space 203776K, 0% used [0x00000000f0000000,0x00000000f0000000,0x00000000fc700000)
  from space 28160K, 99% used [0x00000000fc700000,0x00000000fe278c60,0x00000000fe280000)
  to   space 30208K, 0% used [0x00000000fe280000,0x00000000fe280000,0x0000000100000000)
 ParOldGen       total 75776K, used 70707K [0x00000000d0000000, 0x00000000d4a00000, 0x00000000f0000000)
  object space 75776K, 93% used [0x00000000d0000000,0x00000000d450cea0,0x00000000d4a00000)
 Metaspace       used 58319K, capacity 59978K, committed 60160K, reserved 1101824K
  class space    used 6645K, capacity 7161K, committed 7168K, reserved 1048576K
Event: 16.506 GC heap after
Heap after GC invocations=63 (full 6):
 PSYoungGen      total 231936K, used 21875K [0x00000000f0000000, 0x0000000100000000, 0x0000000100000000)
  eden space 203776K, 0% used [0x00000000f0000000,0x00000000f0000000,0x00000000fc700000)
  from space 28160K, 77% used [0x00000000fc700000,0x00000000fdc5cd38,0x00000000fe280000)
  to   space 30208K, 0% used [0x00000000fe280000,0x00000000fe280000,0x0000000100000000)
 ParOldGen       total 93696K, used 75722K [0x00000000d0000000, 0x00000000d5b80000, 0x00000000f0000000)
  object space 93696K, 80% used [0x00000000d0000000,0x00000000d49f2938,0x00000000d5b80000)
 Metaspace       used 58319K, capacity 59978K, committed 60160K, reserved 1101824K
  class space    used 6645K, capacity 7161K, committed 7168K, reserved 1048576K
}

Deoptimization events (10 events):
Event: 11.973 Thread 0x000000001b627000 Uncommon trap: reason=class_check action=maybe_recompile pc=0x0000000003542878 method=org.springframework.core.ResolvableType.getSource()Ljava/lang/Object; @ 11
Event: 11.973 Thread 0x000000001b627000 Uncommon trap: reason=class_check action=maybe_recompile pc=0x0000000003542878 method=org.springframework.core.ResolvableType.getSource()Ljava/lang/Object; @ 11
Event: 12.051 Thread 0x000000001b627000 Uncommon trap: reason=unreached action=reinterpret pc=0x00000000034de0c0 method=java.lang.reflect.Method.equals(Ljava/lang/Object;)Z @ 1
Event: 12.102 Thread 0x000000001b627000 Uncommon trap: reason=null_check action=make_not_entrant pc=0x00000000030bb230 method=java.lang.Class.getMethod0(Ljava/lang/String;[Ljava/lang/Class;Z)Ljava/lang/reflect/Method; @ 35
Event: 12.195 Thread 0x000000001b627000 Uncommon trap: reason=unreached action=reinterpret pc=0x0000000003456850 method=org.codehaus.groovy.runtime.metaclass.MetaMethodIndex.isNonRealMethod(Lgroovy/lang/MetaMethod;)Z @ 4
Event: 12.318 Thread 0x000000001b627000 Uncommon trap: reason=null_assert action=make_not_entrant pc=0x000000000330c2c8 method=java.util.concurrent.ConcurrentHashMap.transfer([Ljava/util/concurrent/ConcurrentHashMap$Node;[Ljava/util/concurrent/ConcurrentHashMap$Node;)V @ 557
Event: 12.318 Thread 0x000000001b627000 Uncommon trap: reason=null_assert action=make_not_entrant pc=0x0000000002a6faf8 method=java.util.concurrent.ConcurrentHashMap.transfer([Ljava/util/concurrent/ConcurrentHashMap$Node;[Ljava/util/concurrent/ConcurrentHashMap$Node;)V @ 557
Event: 13.508 Thread 0x000000001b627000 Uncommon trap: reason=unreached action=reinterpret pc=0x0000000002c8d4c0 method=org.codehaus.groovy.runtime.metaclass.MetaMethodIndex.getMethods(Ljava/lang/Class;Ljava/lang/String;)Lorg/codehaus/groovy/runtime/metaclass/MetaMethodIndex$Entry; @ 61
Event: 14.305 Thread 0x000000001b627000 Uncommon trap: reason=predicate action=maybe_recompile pc=0x00000000036bd308 method=java.nio.charset.CharsetDecoder.decode(Ljava/nio/ByteBuffer;Ljava/nio/CharBuffer;Z)Ljava/nio/charset/CoderResult; @ 54
Event: 15.376 Thread 0x000000001b627000 Uncommon trap: reason=null_check action=make_not_entrant pc=0x0000000003114980 method=org.springsource.loaded.ri.ReflectiveInterceptor.jlClassGetModifiers(Ljava/lang/Class;)I @ 10

Internal exceptions (10 events):
Event: 17.142 Thread 0x000000001b627000 Exception <a 'java/security/PrivilegedActionException'> (0x00000000f39a4e80) thrown at [C:\re\workspace\8-2-build-windows-amd64-cygwin\jdk8u11\648\hotspot\src\share\vm\prims\jvm.cpp, line 1248]
Event: 17.142 Thread 0x000000001b627000 Exception <a 'java/security/PrivilegedActionException'> (0x00000000f39a84e8) thrown at [C:\re\workspace\8-2-build-windows-amd64-cygwin\jdk8u11\648\hotspot\src\share\vm\prims\jvm.cpp, line 1248]
Event: 17.145 Thread 0x000000001b627000 Exception <a 'java/security/PrivilegedActionException'> (0x00000000f39bdb68) thrown at [C:\re\workspace\8-2-build-windows-amd64-cygwin\jdk8u11\648\hotspot\src\share\vm\prims\jvm.cpp, line 1248]
Event: 17.145 Thread 0x000000001b627000 Exception <a 'java/security/PrivilegedActionException'> (0x00000000f39c19c8) thrown at [C:\re\workspace\8-2-build-windows-amd64-cygwin\jdk8u11\648\hotspot\src\share\vm\prims\jvm.cpp, line 1248]
Event: 17.147 Thread 0x000000001b627000 Exception <a 'java/security/PrivilegedActionException'> (0x00000000f39d77b0) thrown at [C:\re\workspace\8-2-build-windows-amd64-cygwin\jdk8u11\648\hotspot\src\share\vm\prims\jvm.cpp, line 1248]
Event: 17.147 Thread 0x000000001b627000 Exception <a 'java/security/PrivilegedActionException'> (0x00000000f39dab70) thrown at [C:\re\workspace\8-2-build-windows-amd64-cygwin\jdk8u11\648\hotspot\src\share\vm\prims\jvm.cpp, line 1248]
Event: 17.151 Thread 0x000000001b627000 Exception <a 'java/security/PrivilegedActionException'> (0x00000000f39f9bf8) thrown at [C:\re\workspace\8-2-build-windows-amd64-cygwin\jdk8u11\648\hotspot\src\share\vm\prims\jvm.cpp, line 1248]
Event: 17.151 Thread 0x000000001b627000 Exception <a 'java/security/PrivilegedActionException'> (0x00000000f39fd098) thrown at [C:\re\workspace\8-2-build-windows-amd64-cygwin\jdk8u11\648\hotspot\src\share\vm\prims\jvm.cpp, line 1248]
Event: 17.153 Thread 0x000000001b627000 Exception <a 'java/security/PrivilegedActionException'> (0x00000000f3a1cbe0) thrown at [C:\re\workspace\8-2-build-windows-amd64-cygwin\jdk8u11\648\hotspot\src\share\vm\prims\jvm.cpp, line 1248]
Event: 17.154 Thread 0x000000001b627000 Exception <a 'java/security/PrivilegedActionException'> (0x00000000f3a20078) thrown at [C:\re\workspace\8-2-build-windows-amd64-cygwin\jdk8u11\648\hotspot\src\share\vm\prims\jvm.cpp, line 1248]

Events (10 events):
Event: 17.142 loading class liquibase/database/core/FirebirdDatabase
Event: 17.142 loading class liquibase/database/core/FirebirdDatabase done
Event: 17.144 loading class liquibase/database/structure/Column$LengthSemantics
Event: 17.144 loading class liquibase/database/structure/Column$LengthSemantics done
Event: 17.147 loading class liquibase/database/structure/Column
Event: 17.147 loading class liquibase/database/structure/Column done
Event: 17.151 loading class liquibase/database/core/SybaseDatabase
Event: 17.151 loading class liquibase/database/core/SybaseDatabase done
Event: 17.153 loading class liquibase/database/jvm/HsqlConnection
Event: 17.153 loading class liquibase/database/jvm/HsqlConnection done


Dynamic libraries:
0x00007ff6eaa30000 - 0x00007ff6eaa64000 	C:\Program Files\Java\jdk1.8.0_11\bin\java.exe
0x00007ffc24ab0000 - 0x00007ffc24c56000 	C:\Windows\SYSTEM32\ntdll.dll
0x00007ffc23df0000 - 0x00007ffc23f2a000 	C:\Windows\system32\KERNEL32.DLL
0x00007ffc21f50000 - 0x00007ffc2205f000 	C:\Windows\system32\KERNELBASE.dll
0x00007ffc20a60000 - 0x00007ffc20ae8000 	C:\Windows\system32\apphelp.dll
0x00007ffc0d310000 - 0x00007ffc0d35f000 	C:\Windows\AppPatch\AppPatch64\AcGenral.DLL
0x00007ffc24220000 - 0x00007ffc242c7000 	C:\Windows\system32\msvcrt.dll
0x00007ffc21c70000 - 0x00007ffc21c9b000 	C:\Windows\SYSTEM32\SspiCli.dll
0x00007ffc23f30000 - 0x00007ffc23f81000 	C:\Windows\system32\SHLWAPI.dll
0x00007ffc242e0000 - 0x00007ffc24451000 	C:\Windows\system32\USER32.dll
0x00007ffc248d0000 - 0x00007ffc24a48000 	C:\Windows\system32\ole32.dll
0x00007ffc229e0000 - 0x00007ffc23def000 	C:\Windows\system32\SHELL32.dll
0x00007ffc217f0000 - 0x00007ffc2180e000 	C:\Windows\SYSTEM32\USERENV.dll
0x00007ffc22870000 - 0x00007ffc22915000 	C:\Windows\system32\ADVAPI32.dll
0x00007ffc14020000 - 0x00007ffc1403b000 	C:\Windows\SYSTEM32\MPR.dll
0x00007ffc24710000 - 0x00007ffc24847000 	C:\Windows\system32\RPCRT4.dll
0x00007ffc24460000 - 0x00007ffc244b7000 	C:\Windows\SYSTEM32\sechost.dll
0x00007ffc23f90000 - 0x00007ffc24166000 	C:\Windows\SYSTEM32\combase.dll
0x00007ffc22620000 - 0x00007ffc22764000 	C:\Windows\system32\GDI32.dll
0x00007ffc21e30000 - 0x00007ffc21e44000 	C:\Windows\SYSTEM32\profapi.dll
0x00007ffc20050000 - 0x00007ffc200ef000 	C:\Windows\SYSTEM32\SHCORE.dll
0x00007ffc24a70000 - 0x00007ffc24aa4000 	C:\Windows\system32\IMM32.DLL
0x00007ffc224e0000 - 0x00007ffc22619000 	C:\Windows\system32\MSCTF.dll
0x00007ffc1fae0000 - 0x00007ffc1fd3a000 	C:\Windows\WinSxS\amd64_microsoft.windows.common-controls_6595b64144ccf1df_6.0.9600.17031_none_6242a4b3ecbb55a1\COMCTL32.dll
0x0000000056ce0000 - 0x0000000056db2000 	C:\Program Files\Java\jdk1.8.0_11\jre\bin\msvcr100.dll
0x0000000056130000 - 0x000000005695a000 	C:\Program Files\Java\jdk1.8.0_11\jre\bin\server\jvm.dll
0x00007ffc1c100000 - 0x00007ffc1c109000 	C:\Windows\SYSTEM32\WSOCK32.dll
0x00007ffc1d7a0000 - 0x00007ffc1d7bf000 	C:\Windows\SYSTEM32\WINMM.dll
0x00007ffc244c0000 - 0x00007ffc244c7000 	C:\Windows\system32\PSAPI.DLL
0x00007ffc22810000 - 0x00007ffc22868000 	C:\Windows\system32\WS2_32.dll
0x00007ffc1d760000 - 0x00007ffc1d78a000 	C:\Windows\SYSTEM32\WINMMBASE.dll
0x00007ffc242d0000 - 0x00007ffc242d9000 	C:\Windows\system32\NSI.dll
0x00007ffc222f0000 - 0x00007ffc2233a000 	C:\Windows\SYSTEM32\cfgmgr32.dll
0x00007ffc20ce0000 - 0x00007ffc20d06000 	C:\Windows\SYSTEM32\DEVOBJ.dll
0x0000000056cd0000 - 0x0000000056cdf000 	C:\Program Files\Java\jdk1.8.0_11\jre\bin\verify.dll
0x0000000056ca0000 - 0x0000000056cc8000 	C:\Program Files\Java\jdk1.8.0_11\jre\bin\java.dll
0x0000000057140000 - 0x0000000057163000 	C:\Program Files\Java\jdk1.8.0_11\jre\bin\instrument.dll
0x0000000056c80000 - 0x0000000056c96000 	C:\Program Files\Java\jdk1.8.0_11\jre\bin\zip.dll
0x00007ffc21810000 - 0x00007ffc2182e000 	C:\Windows\SYSTEM32\CRYPTSP.dll
0x00007ffc212f0000 - 0x00007ffc21325000 	C:\Windows\system32\rsaenh.dll
0x00007ffc21940000 - 0x00007ffc21966000 	C:\Windows\SYSTEM32\bcrypt.dll
0x00007ffc21ca0000 - 0x00007ffc21d00000 	C:\Windows\system32\bcryptprimitives.dll
0x00007ffc21d00000 - 0x00007ffc21d0a000 	C:\Windows\SYSTEM32\CRYPTBASE.dll
0x0000000056c60000 - 0x0000000056c7a000 	C:\Program Files\Java\jdk1.8.0_11\jre\bin\net.dll
0x00007ffc21640000 - 0x00007ffc21698000 	C:\Windows\system32\mswsock.dll
0x00007ffc1b960000 - 0x00007ffc1b989000 	C:\Windows\SYSTEM32\IPHLPAPI.DLL
0x00007ffc1b700000 - 0x00007ffc1b70a000 	C:\Windows\SYSTEM32\WINNSI.DLL
0x00007ffc1b590000 - 0x00007ffc1b5a4000 	C:\Windows\SYSTEM32\dhcpcsvc6.DLL
0x00007ffc1b570000 - 0x00007ffc1b589000 	C:\Windows\SYSTEM32\dhcpcsvc.DLL
0x0000000056c40000 - 0x0000000056c51000 	C:\Program Files\Java\jdk1.8.0_11\jre\bin\nio.dll
0x00007ffc180b0000 - 0x00007ffc180ba000 	C:\Users\D-Roc\AppData\Local\Temp\jansi-64-6103565537821175191.dll
0x00000000570f0000 - 0x00000000570fd000 	C:\Program Files\Java\jdk1.8.0_11\jre\bin\management.dll
0x00007ffc19410000 - 0x00007ffc19424000 	C:\Windows\system32\napinsp.dll
0x00007ffc193f0000 - 0x00007ffc19409000 	C:\Windows\system32\pnrpnsp.dll
0x00007ffc1c750000 - 0x00007ffc1c769000 	C:\Windows\system32\NLAapi.dll
0x00007ffc21520000 - 0x00007ffc215c3000 	C:\Windows\SYSTEM32\DNSAPI.dll
0x00007ffc193e0000 - 0x00007ffc193ec000 	C:\Windows\System32\winrnr.dll
0x00007ffc188b0000 - 0x00007ffc188b9000 	C:\Windows\System32\rasadhlp.dll
0x00007ffc1b1f0000 - 0x00007ffc1b258000 	C:\Windows\System32\fwpuclnt.dll
0x00007ffc1c4a0000 - 0x00007ffc1c628000 	C:\Windows\SYSTEM32\dbghelp.dll

VM Arguments:
jvm_args: -Dfile.encoding=UTF-8 -Xmx768M -Xms64M -Dgrails.fork.parent.process.port=56011 -Dgrails.fork.active=true -Dgrails.build.execution.context=C:\Users\D-Roc\AppData\Local\Temp\hubbub449688205236553959grails-execution-context -Dgrails.home=C:\Spring\sts-bundle\grails-2.4.3 -javaagent:C:\Spring\sts-bundle\grails-2.4.3\lib\org.springframework\springloaded\jars\springloaded-1.2.0.RELEASE.jar -Xverify:none -Dspringloaded.synchronize=true -Djdk.reflect.allowGetCallerClass=true -Dspringloaded=profile=grails;cacheDir=C:\Users\D-Roc\.grails\2.4.3 
java_command: org.grails.plugins.tomcat.fork.ForkedTomcatServer
java_class_path (initial): C:\Program Files\Java\jdk1.8.0_11\lib\tools.jar;C:\Spring\sts-bundle\grails-2.4.3\lib\org.codehaus.groovy\groovy-all\jars\groovy-all-2.3.6.jar;C:\Spring\sts-bundle\grails-2.4.3\lib\org.slf4j\jcl-over-slf4j\jars\jcl-over-slf4j-1.7.5.jar;C:\Spring\sts-bundle\grails-2.4.3\lib\org.codehaus.gant\gant_groovy1.8\jars\gant_groovy1.8-1.9.6.jar;C:\Spring\sts-bundle\grails-2.4.3\lib\org.apache.tomcat.embed\tomcat-embed-logging-log4j\jars\tomcat-embed-logging-log4j-7.0.50.jar;C:\Spring\sts-bundle\grails-2.4.3\dist\grails-plugin-log4j-2.4.3.jar;C:\Spring\sts-bundle\grails-2.4.3\lib\log4j\log4j\jars\log4j-1.2.17.jar;C:\Spring\sts-bundle\grails-2.4.3\dist\grails-bootstrap-2.4.3.jar;C:\Spring\sts-bundle\grails-2.4.3\lib\org.slf4j\slf4j-api\jars\slf4j-api-1.7.5.jar;C:\Spring\sts-bundle\grails-2.4.3\lib\jline\jline\jars\jline-2.12.jar;C:\Spring\sts-bundle\grails-2.4.3\lib\org.apache.ant\ant\jars\ant-1.8.4.jar;C:\Spring\sts-bundle\grails-2.4.3\lib\org.apache.ant\ant-launcher\jars\ant-launcher-1.8.4.jar;C:\Spring\sts-bundle\grails-2.4.3\lib\org.apache.ant\ant-trax\jars\ant-trax-1.7.1.jar;C:\Spring\sts-bundle\grails-2.4.3\lib\org.apache.ant\ant-junit\jars\ant-junit-1.8.4.jar;C:\Spring\sts-bundle\grails-2.4.3\lib\org.apache.ivy\ivy\jars\ivy-2.3.0.jar;C:\Spring\sts-bundle\grails-2.4.3\lib\org.fusesource.jansi\jansi\jars\jansi-1.11.jar;C:\Users\D-Roc\.m2\repository\org\apache\tomcat\tomcat-catalina-ant\7.0.55\tomcat-catalina-ant-7.0.55.jar;C:\Users\D-Roc\.m2\repository\org\apache\tomcat\embed\tomcat-embed-jasper\7.0.55\tomcat-embed-jasper-7.0.55.jar;C:\Users\D-Roc\.m2\repository\org\apache\tomcat\embed\tomcat-embed-el\7.0.55\tomcat-embed-el-7.0.55.jar;C:\Users\D-Roc\.m2\repository\org\apache\tomcat\embed\tomcat-embed-logging-log4j\7.0.55\tomcat-embed-logging-log4j-7.0.55.jar;C:\Users\D-Roc\.m2\repository\org\apache\tomcat\embed\tomcat-embed-websocket\7.0.55\tomcat-embed-websocket-7.0.55.jar;C:\Users\D-Roc\.m2\repository\org\apache\tomcat\embed\tomcat-embed-core
Launcher Type: SUN_STANDARD

Environment Variables:
JAVA_HOME=C:\Program Files\Java\jdk1.8.0_11
PATH=C:\Program Files\Java\jdk1.8.0_11\bin\bin;C:\Java Tools\gradle-2.1\bin;C:\Java Tools\apache-maven-3.2.3\bin;C:\ProgramData\Oracle\Java\javapath;C:\Program Files (x86)\iis express\PHP\v5.4;C:\play-2.2.4;C:\Program Files\Java\jdk1.8.0_11\bin;C:\Program Files (x86)\NVIDIA Corporation\PhysX\Common;C:\Program Files (x86)\Intel\iCLS Client\;C:\Program Files\Intel\iCLS Client\;C:\Windows\system32;C:\Windows;C:\Windows\System32\Wbem;C:\Windows\System32\WindowsPowerShell\v1.0\;C:\Program Files\Intel\Intel(R) Management Engine Components\DAL;C:\Program Files\Intel\Intel(R) Management Engine Components\IPT;C:\Program Files (x86)\Intel\Intel(R) Management Engine Components\DAL;C:\Program Files (x86)\Intel\Intel(R) Management Engine Components\IPT;C:\Program Files (x86)\Intel\OpenCL SDK\3.0\bin\x86;C:\Program Files (x86)\Intel\OpenCL SDK\3.0\bin\x64;C:\Program Files (x86)\Microsoft ASP.NET\ASP.NET Web Pages\v1.0\;C:\Program Files\Microsoft SQL Server\110\Tools\Binn\;C:\Program Files\Microsoft\Web Platform Installer\;C:\Program Files (x86)\GtkSharp\2.12\bin;C:\Program Files (x86)\Microsoft SQL Server\110\Tools\Binn\ManagementStudio\;C:\Program Files (x86)\Microsoft SQL Server\110\Tools\Binn\;C:\Program Files (x86)\Microsoft SQL Server\110\DTS\Binn\;C:\Program Files\Microsoft SQL Server\110\DTS\Binn\;C:\Program Files (x86)\Windows Kits\8.1\Windows Performance Toolkit\;C:\ggts-bundle\grails-2.4.2\bin;C:\Program Files\Microsoft SQL Server\120\Tools\Binn\;C:\Program Files (x86)\Microsoft SDKs\TypeScript\1.0;C:\Program Files (x86)\nodejs\;C:\Program Files (x86)\CloudFoundry;C:\Program Files (x86)\Git\cmd;C:\Program Files (x86)\Git\bin;C:\Ruby193\bin;C:\Users\D-Roc\AppData\Roaming\npm\
USERNAME=D-Roc
OS=Windows_NT
PROCESSOR_IDENTIFIER=Intel64 Family 6 Model 60 Stepping 3, GenuineIntel



---------------  S Y S T E M  ---------------

OS: Windows 8.1 , 64 bit Build 9600 

CPU:total 8 (4 cores per cpu, 2 threads per core) family 6 model 60 stepping 3, cmov, cx8, fxsr, mmx, sse, sse2, sse3, ssse3, sse4.1, sse4.2, popcnt, avx, avx2, aes, clmul, erms, ht, tsc, tscinvbit

Memory: 4k page, physical 16662340k(7303928k free), swap 21099896k(8013536k free)

vm_info: Java HotSpot(TM) 64-Bit Server VM (25.11-b03) for windows-amd64 JRE (1.8.0_11-b12), built on Jun 16 2014 20:57:32 by "java_re" with MS VC++ 10.0 (VS2010)

time: Sat Nov 08 21:04:48 2014
elapsed time: 17 seconds

