#
# A fatal error has been detected by the Java Runtime Environment:
#
#  EXCEPTION_ACCESS_VIOLATION (0xc0000005) at pc=0x0000000057024db2, pid=226616, tid=224988
#
# JRE version: Java(TM) SE Runtime Environment (8.0_11-b12) (build 1.8.0_11-b12)
# Java VM: Java HotSpot(TM) 64-Bit Server VM (25.11-b03 mixed mode windows-amd64 compressed oops)
# Problematic frame:
# V  [jvm.dll+0x424db2]
#
# Failed to write core dump. Minidumps are not enabled by default on client versions of Windows
#
# If you would like to submit a bug report, please visit:
#   http://bugreport.sun.com/bugreport/crash.jsp
#

---------------  T H R E A D  ---------------

Current thread (0x0000000017077800):  JavaThread "C2 CompilerThread2" daemon [_thread_in_native, id=224988, stack(0x0000000017710000,0x0000000017810000)]

siginfo: ExceptionCode=0xc0000005, reading address 0x0000000000000000

Registers:
RAX=0x0000000019717b68, RBX=0x0000000000000600, RCX=0x0000000000000000, RDX=0x0000000019b201b0
RSP=0x000000001780c540, RBP=0x00000000000000c0, RSI=0x00000000000000b8, RDI=0x0000000000000000
R8 =0x0000000056c00000, R9 =0x000000001780c860, R10=0x00000000ffffffff, R11=0x00000000170b08c0
R12=0x0000000019718270, R13=0x0000000019b3a4c8, R14=0x0000000000000008, R15=0x0000000019b3a4c8
RIP=0x0000000057024db2, EFLAGS=0x0000000000010206

Top of Stack: (sp=0x000000001780c540)
0x000000001780c540:   00000000000000da 00000000000000b0
0x000000001780c550:   000000000000000a 00000000199cc090
0x000000001780c560:   0000000000000001 0000000000000600
0x000000001780c570:   0000000000000180 00000000000000c0
0x000000001780c580:   000000001fab1680 00000000170731f0
0x000000001780c590:   0000000000000700 0000000019b1bcf0
0x000000001780c5a0:   000000001780c860 0000000019714cb0
0x000000001780c5b0:   0000000000000020 0000000000000009
0x000000001780c5c0:   0000000019718240 00000000000000da
0x000000001780c5d0:   0000000019b3a4c8 000000005702598d
0x000000001780c5e0:   0000000019718240 000000000000001c
0x000000001780c5f0:   00000000000000da 000000001780c860
0x000000001780c600:   0000000019b201b0 00000000000000da
0x000000001780c610:   0000000019714cb0 0000000000000020
0x000000001780c620:   00000000191e2710 000000001780ebd0
0x000000001780c630:   00000000191e2d40 0000000019718240 

Instructions: (pc=0x0000000057024db2)
0x0000000057024d92:   c6 48 63 f0 48 03 f1 eb 04 48 83 ce ff 48 8b 84
0x0000000057024da2:   24 a0 00 00 00 48 8b 40 08 48 8b 3c 03 48 8b cf
0x0000000057024db2:   48 8b 07 ff 50 28 4c 8d 05 41 b2 bd ff 48 63 50
0x0000000057024dc2:   10 4c 8b d8 48 8b ca 48 c1 e1 05 42 80 bc 01 c0 


Register to memory mapping:

RAX=0x0000000019717b68 is an unknown value
RBX=0x0000000000000600 is an unknown value
RCX=0x0000000000000000 is an unknown value
RDX=0x0000000019b201b0 is an unknown value
RSP=0x000000001780c540 is pointing into the stack for thread: 0x0000000017077800
RBP=0x00000000000000c0 is an unknown value
RSI=0x00000000000000b8 is an unknown value
RDI=0x0000000000000000 is an unknown value
R8 =0x0000000056c00000 is an unknown value
R9 =0x000000001780c860 is pointing into the stack for thread: 0x0000000017077800
R10=0x00000000ffffffff is an unknown value
R11=0x00000000170b08c0 is an unknown value
R12=0x0000000019718270 is an unknown value
R13=0x0000000019b3a4c8 is an unknown value
R14=0x0000000000000008 is an unknown value
R15=0x0000000019b3a4c8 is an unknown value


Stack: [0x0000000017710000,0x0000000017810000],  sp=0x000000001780c540,  free space=1009k
Native frames: (J=compiled Java code, j=interpreted, Vv=VM code, C=native code)
V  [jvm.dll+0x424db2]
V  [jvm.dll+0x42598d]
V  [jvm.dll+0x425ecf]
V  [jvm.dll+0x4c5a84]
V  [jvm.dll+0x4415bc]
V  [jvm.dll+0x443a29]
V  [jvm.dll+0x427722]
V  [jvm.dll+0x96982]
V  [jvm.dll+0x97173]
V  [jvm.dll+0x2234b4]
V  [jvm.dll+0x27bcca]
C  [msvcr100.dll+0x21d9f]
C  [msvcr100.dll+0x21e3b]
C  [KERNEL32.DLL+0x16ad]
C  [ntdll.dll+0x54409]


Current CompileTask:
C2:  11890 5952       4       groovy.lang.MetaClassImpl::findPropertyMethod (356 bytes)


---------------  P R O C E S S  ---------------

Java Threads: ( => current thread )
  0x000000001d86d000 JavaThread "net.sf.ehcache.CacheManager@5ae1274e" daemon [_thread_blocked, id=226452, stack(0x000000001f2a0000,0x000000001f3a0000)]
  0x000000001bb83000 JavaThread "H2 Log Writer DEVDB" daemon [_thread_blocked, id=225848, stack(0x000000001ef40000,0x000000001f040000)]
  0x000000001f490800 JavaThread "H2 File Lock Watchdog C:/Users/D-Roc/Documents/workspace-sts-3.6.0.RELEASE/hubbub/devDb.lock.db" daemon [_thread_blocked, id=227228, stack(0x000000001ed40000,0x000000001ee40000)]
  0x000000001977e000 JavaThread "PoolCleaner[87674905:1415564306350]" daemon [_thread_blocked, id=223340, stack(0x000000001cf10000,0x000000001d010000)]
  0x000000001a31a000 JavaThread "FileSystemWatcher: files=#114 cl=groovy.lang.GroovyClassLoader@539d019" daemon [_thread_blocked, id=226752, stack(0x000000001cad0000,0x000000001cbd0000)]
  0x000000001b945800 JavaThread "localhost-startStop-1" daemon [_thread_in_Java, id=227072, stack(0x000000001c9d0000,0x000000001cad0000)]
  0x000000001a31e000 JavaThread "Tomcat-startStop-1" daemon [_thread_blocked, id=227164, stack(0x000000001c8d0000,0x000000001c9d0000)]
  0x0000000019506000 JavaThread "Thread-3" [_thread_in_native, id=200320, stack(0x000000001ae80000,0x000000001af80000)]
  0x0000000019dfb000 JavaThread "Thread-2" [_thread_blocked, id=226668, stack(0x000000001ad80000,0x000000001ae80000)]
  0x0000000017f1d000 JavaThread "NonBlockingInputStreamThread" daemon [_thread_blocked, id=226516, stack(0x00000000188e0000,0x00000000189e0000)]
  0x00000000171a1800 JavaThread "Service Thread" daemon [_thread_blocked, id=226944, stack(0x0000000017910000,0x0000000017a10000)]
  0x000000001707a800 JavaThread "C1 CompilerThread3" daemon [_thread_blocked, id=227048, stack(0x0000000017810000,0x0000000017910000)]
=>0x0000000017077800 JavaThread "C2 CompilerThread2" daemon [_thread_in_native, id=224988, stack(0x0000000017710000,0x0000000017810000)]
  0x0000000017038000 JavaThread "C2 CompilerThread1" daemon [_thread_in_native, id=226840, stack(0x0000000017610000,0x0000000017710000)]
  0x000000001706d000 JavaThread "C2 CompilerThread0" daemon [_thread_in_native, id=219196, stack(0x0000000017510000,0x0000000017610000)]
  0x0000000016f38800 JavaThread "Attach Listener" daemon [_thread_blocked, id=226368, stack(0x0000000017410000,0x0000000017510000)]
  0x0000000016f37800 JavaThread "Signal Dispatcher" daemon [_thread_blocked, id=226980, stack(0x0000000017310000,0x0000000017410000)]
  0x0000000002d6b000 JavaThread "Finalizer" daemon [_thread_blocked, id=227040, stack(0x0000000016e10000,0x0000000016f10000)]
  0x0000000014f2c000 JavaThread "Reference Handler" daemon [_thread_blocked, id=224900, stack(0x0000000016d10000,0x0000000016e10000)]
  0x0000000002c74000 JavaThread "main" [_thread_blocked, id=226680, stack(0x00000000029e0000,0x0000000002ae0000)]

Other Threads:
  0x0000000014f28800 VMThread [stack: 0x0000000016c10000,0x0000000016d10000] [id=226984]
  0x00000000171a2800 WatcherThread [stack: 0x0000000017a10000,0x0000000017b10000] [id=223436]

VM state:not at safepoint (normal execution)

VM Mutex/Monitor currently owned by a thread: None

Heap:
 PSYoungGen      total 203776K, used 67073K [0x00000000f0000000, 0x0000000100000000, 0x0000000100000000)
  eden space 169984K, 19% used [0x00000000f0000000,0x00000000f209faf0,0x00000000fa600000)
  from space 33792K, 99% used [0x00000000fa600000,0x00000000fc6e0b48,0x00000000fc700000)
  to   space 48128K, 0% used [0x00000000fd100000,0x00000000fd100000,0x0000000100000000)
 ParOldGen       total 77824K, used 65117K [0x00000000d0000000, 0x00000000d4c00000, 0x00000000f0000000)
  object space 77824K, 83% used [0x00000000d0000000,0x00000000d3f97748,0x00000000d4c00000)
 Metaspace       used 59128K, capacity 60792K, committed 60928K, reserved 1103872K
  class space    used 6649K, capacity 7158K, committed 7168K, reserved 1048576K

Card table byte_map: [0x0000000012130000,0x00000000122c0000] byte_map_base: 0x0000000011ab0000

Marking Bits: (ParMarkBitMap*) 0x00000000573b12b0
 Begin Bits: [0x0000000012bc0000, 0x00000000137c0000)
 End Bits:   [0x00000000137c0000, 0x00000000143c0000)

Polling page: 0x00000000010a0000

CodeCache: size=245760Kb used=21030Kb max_used=21030Kb free=224729Kb
 bounds [0x0000000002d70000, 0x0000000004220000, 0x0000000011d70000]
 total_blobs=6075 nmethods=5319 adapters=666
 compilation: enabled

Compilation events (10 events):
Event: 11.876 Thread 0x000000001707a800 nmethod 5974 0x0000000003e99390 code [0x0000000003e99500, 0x0000000003e99750]
Event: 11.876 Thread 0x000000001707a800 5977       1       com.sun.org.apache.xerces.internal.impl.dtd.DTDGrammarBucket::getStandalone (5 bytes)
Event: 11.876 Thread 0x000000001707a800 nmethod 5977 0x00000000036701d0 code [0x0000000003670320, 0x0000000003670430]
Event: 11.876 Thread 0x000000001707a800 5983       2       com.sun.org.apache.xerces.internal.dom.ParentNode::getLength (5 bytes)
Event: 11.876 Thread 0x000000001707a800 nmethod 5983 0x0000000003e97b10 code [0x0000000003e97c80, 0x0000000003e97de8]
Event: 11.876 Thread 0x000000001707a800 5985       2       com.sun.org.apache.xerces.internal.dom.ParentNode::item (6 bytes)
Event: 11.876 Thread 0x000000001707a800 nmethod 5985 0x0000000003e97790 code [0x0000000003e97900, 0x0000000003e97a68]
Event: 11.876 Thread 0x000000001707a800 5987       2       com.sun.org.apache.xerces.internal.dom.ParentNode::lastChild (19 bytes)
Event: 11.876 Thread 0x000000001707a800 nmethod 5987 0x0000000003e94990 code [0x0000000003e94ae0, 0x0000000003e94c50]
Event: 11.876 Thread 0x000000001707a800 5990       2       com.sun.org.apache.xerces.internal.dom.ElementImpl::getNodeName (16 bytes)

GC Heap History (10 events):
Event: 9.871 GC heap before
{Heap before GC invocations=66 (full 5):
 PSYoungGen      total 214016K, used 170484K [0x00000000f0000000, 0x00000000fff80000, 0x0000000100000000)
  eden space 166400K, 99% used [0x00000000f0000000,0x00000000fa152918,0x00000000fa280000)
  from space 47616K, 11% used [0x00000000fd100000,0x00000000fd62a948,0x00000000fff80000)
  to   space 47616K, 0% used [0x00000000fa280000,0x00000000fa280000,0x00000000fd100000)
 ParOldGen       total 77824K, used 65085K [0x00000000d0000000, 0x00000000d4c00000, 0x00000000f0000000)
  object space 77824K, 83% used [0x00000000d0000000,0x00000000d3f8f748,0x00000000d4c00000)
 Metaspace       used 54400K, capacity 55876K, committed 56192K, reserved 1099776K
  class space    used 6050K, capacity 6502K, committed 6528K, reserved 1048576K
Event: 9.876 GC heap after
Heap after GC invocations=66 (full 5):
 PSYoungGen      total 174592K, used 8045K [0x00000000f0000000, 0x00000000ffd00000, 0x0000000100000000)
  eden space 166400K, 0% used [0x00000000f0000000,0x00000000f0000000,0x00000000fa280000)
  from space 8192K, 98% used [0x00000000fa280000,0x00000000faa5b520,0x00000000faa80000)
  to   space 46080K, 0% used [0x00000000fd000000,0x00000000fd000000,0x00000000ffd00000)
 ParOldGen       total 77824K, used 65093K [0x00000000d0000000, 0x00000000d4c00000, 0x00000000f0000000)
  object space 77824K, 83% used [0x00000000d0000000,0x00000000d3f91748,0x00000000d4c00000)
 Metaspace       used 54400K, capacity 55876K, committed 56192K, reserved 1099776K
  class space    used 6050K, capacity 6502K, committed 6528K, reserved 1048576K
}
Event: 10.320 GC heap before
{Heap before GC invocations=67 (full 5):
 PSYoungGen      total 174592K, used 174445K [0x00000000f0000000, 0x00000000ffd00000, 0x0000000100000000)
  eden space 166400K, 100% used [0x00000000f0000000,0x00000000fa280000,0x00000000fa280000)
  from space 8192K, 98% used [0x00000000fa280000,0x00000000faa5b520,0x00000000faa80000)
  to   space 46080K, 0% used [0x00000000fd000000,0x00000000fd000000,0x00000000ffd00000)
 ParOldGen       total 77824K, used 65093K [0x00000000d0000000, 0x00000000d4c00000, 0x00000000f0000000)
  object space 77824K, 83% used [0x00000000d0000000,0x00000000d3f91748,0x00000000d4c00000)
 Metaspace       used 54998K, capacity 56606K, committed 56832K, reserved 1099776K
  class space    used 6118K, capacity 6583K, committed 6656K, reserved 1048576K
Event: 10.329 GC heap after
Heap after GC invocations=67 (full 5):
 PSYoungGen      total 215552K, used 12921K [0x00000000f0000000, 0x0000000100000000, 0x0000000100000000)
  eden space 169472K, 0% used [0x00000000f0000000,0x00000000f0000000,0x00000000fa580000)
  from space 46080K, 28% used [0x00000000fd000000,0x00000000fdc9e5b8,0x00000000ffd00000)
  to   space 43520K, 0% used [0x00000000fa580000,0x00000000fa580000,0x00000000fd000000)
 ParOldGen       total 77824K, used 65093K [0x00000000d0000000, 0x00000000d4c00000, 0x00000000f0000000)
  object space 77824K, 83% used [0x00000000d0000000,0x00000000d3f91748,0x00000000d4c00000)
 Metaspace       used 54998K, capacity 56606K, committed 56832K, reserved 1099776K
  class space    used 6118K, capacity 6583K, committed 6656K, reserved 1048576K
}
Event: 10.894 GC heap before
{Heap before GC invocations=68 (full 5):
 PSYoungGen      total 215552K, used 182393K [0x00000000f0000000, 0x0000000100000000, 0x0000000100000000)
  eden space 169472K, 100% used [0x00000000f0000000,0x00000000fa580000,0x00000000fa580000)
  from space 46080K, 28% used [0x00000000fd000000,0x00000000fdc9e5b8,0x00000000ffd00000)
  to   space 43520K, 0% used [0x00000000fa580000,0x00000000fa580000,0x00000000fd000000)
 ParOldGen       total 77824K, used 65093K [0x00000000d0000000, 0x00000000d4c00000, 0x00000000f0000000)
  object space 77824K, 83% used [0x00000000d0000000,0x00000000d3f91748,0x00000000d4c00000)
 Metaspace       used 56505K, capacity 58078K, committed 58240K, reserved 1101824K
  class space    used 6258K, capacity 6752K, committed 6784K, reserved 1048576K
Event: 10.906 GC heap after
Heap after GC invocations=68 (full 5):
 PSYoungGen      total 212992K, used 20844K [0x00000000f0000000, 0x00000000ffb80000, 0x0000000100000000)
  eden space 169472K, 0% used [0x00000000f0000000,0x00000000f0000000,0x00000000fa580000)
  from space 43520K, 47% used [0x00000000fa580000,0x00000000fb9db248,0x00000000fd000000)
  to   space 42496K, 0% used [0x00000000fd200000,0x00000000fd200000,0x00000000ffb80000)
 ParOldGen       total 77824K, used 65101K [0x00000000d0000000, 0x00000000d4c00000, 0x00000000f0000000)
  object space 77824K, 83% used [0x00000000d0000000,0x00000000d3f93748,0x00000000d4c00000)
 Metaspace       used 56505K, capacity 58078K, committed 58240K, reserved 1101824K
  class space    used 6258K, capacity 6752K, committed 6784K, reserved 1048576K
}
Event: 11.507 GC heap before
{Heap before GC invocations=69 (full 5):
 PSYoungGen      total 212992K, used 189829K [0x00000000f0000000, 0x00000000ffb80000, 0x0000000100000000)
  eden space 169472K, 99% used [0x00000000f0000000,0x00000000fa506530,0x00000000fa580000)
  from space 43520K, 47% used [0x00000000fa580000,0x00000000fb9db248,0x00000000fd000000)
  to   space 42496K, 0% used [0x00000000fd200000,0x00000000fd200000,0x00000000ffb80000)
 ParOldGen       total 77824K, used 65101K [0x00000000d0000000, 0x00000000d4c00000, 0x00000000f0000000)
  object space 77824K, 83% used [0x00000000d0000000,0x00000000d3f93748,0x00000000d4c00000)
 Metaspace       used 58195K, capacity 59786K, committed 60032K, reserved 1101824K
  class space    used 6493K, capacity 6978K, committed 7040K, reserved 1048576K
Event: 11.523 GC heap after
Heap after GC invocations=69 (full 5):
 PSYoungGen      total 212480K, used 30449K [0x00000000f0000000, 0x0000000100000000, 0x0000000100000000)
  eden space 169984K, 0% used [0x00000000f0000000,0x00000000f0000000,0x00000000fa600000)
  from space 42496K, 71% used [0x00000000fd200000,0x00000000fefbc718,0x00000000ffb80000)
  to   space 45056K, 0% used [0x00000000fa600000,0x00000000fa600000,0x00000000fd200000)
 ParOldGen       total 77824K, used 65109K [0x00000000d0000000, 0x00000000d4c00000, 0x00000000f0000000)
  object space 77824K, 83% used [0x00000000d0000000,0x00000000d3f95748,0x00000000d4c00000)
 Metaspace       used 58195K, capacity 59786K, committed 60032K, reserved 1101824K
  class space    used 6493K, capacity 6978K, committed 7040K, reserved 1048576K
}
Event: 11.843 GC heap before
{Heap before GC invocations=70 (full 5):
 PSYoungGen      total 212480K, used 194566K [0x00000000f0000000, 0x0000000100000000, 0x0000000100000000)
  eden space 169984K, 96% used [0x00000000f0000000,0x00000000fa045408,0x00000000fa600000)
  from space 42496K, 71% used [0x00000000fd200000,0x00000000fefbc718,0x00000000ffb80000)
  to   space 45056K, 0% used [0x00000000fa600000,0x00000000fa600000,0x00000000fd200000)
 ParOldGen       total 77824K, used 65109K [0x00000000d0000000, 0x00000000d4c00000, 0x00000000f0000000)
  object space 77824K, 83% used [0x00000000d0000000,0x00000000d3f95748,0x00000000d4c00000)
 Metaspace       used 59001K, capacity 60656K, committed 60928K, reserved 1103872K
  class space    used 6628K, capacity 7155K, committed 7168K, reserved 1048576K
Event: 11.858 GC heap after
Heap after GC invocations=70 (full 5):
 PSYoungGen      total 203776K, used 33666K [0x00000000f0000000, 0x0000000100000000, 0x0000000100000000)
  eden space 169984K, 0% used [0x00000000f0000000,0x00000000f0000000,0x00000000fa600000)
  from space 33792K, 99% used [0x00000000fa600000,0x00000000fc6e0b48,0x00000000fc700000)
  to   space 48128K, 0% used [0x00000000fd100000,0x00000000fd100000,0x0000000100000000)
 ParOldGen       total 77824K, used 65117K [0x00000000d0000000, 0x00000000d4c00000, 0x00000000f0000000)
  object space 77824K, 83% used [0x00000000d0000000,0x00000000d3f97748,0x00000000d4c00000)
 Metaspace       used 59001K, capacity 60656K, committed 60928K, reserved 1103872K
  class space    used 6628K, capacity 7155K, committed 7168K, reserved 1048576K
}

Deoptimization events (10 events):
Event: 9.954 Thread 0x000000001b945800 Uncommon trap: reason=unreached action=reinterpret pc=0x0000000003612b40 method=java.lang.reflect.Method.equals(Ljava/lang/Object;)Z @ 1
Event: 10.087 Thread 0x000000001b945800 Uncommon trap: reason=unreached action=reinterpret pc=0x000000000402979c method=org.codehaus.groovy.runtime.metaclass.MetaMethodIndex.isNonRealMethod(Lgroovy/lang/MetaMethod;)Z @ 4
Event: 10.132 Thread 0x000000001b945800 Uncommon trap: reason=bimorphic action=maybe_recompile pc=0x00000000040cd498 method=groovy.lang.MetaClassImpl$1MOPIter.methodNameAction(Ljava/lang/Class;Lorg/codehaus/groovy/runtime/metaclass/MetaMethodIndex$Entry;)V @ 62
Event: 10.132 Thread 0x000000001b945800 Uncommon trap: reason=bimorphic action=maybe_recompile pc=0x00000000040cd498 method=groovy.lang.MetaClassImpl$1MOPIter.methodNameAction(Ljava/lang/Class;Lorg/codehaus/groovy/runtime/metaclass/MetaMethodIndex$Entry;)V @ 62
Event: 10.132 Thread 0x000000001b945800 Uncommon trap: reason=bimorphic action=maybe_recompile pc=0x00000000040cd498 method=groovy.lang.MetaClassImpl$1MOPIter.methodNameAction(Ljava/lang/Class;Lorg/codehaus/groovy/runtime/metaclass/MetaMethodIndex$Entry;)V @ 62
Event: 10.170 Thread 0x000000001b945800 Uncommon trap: reason=null_assert action=make_not_entrant pc=0x0000000003fe1778 method=java.util.concurrent.ConcurrentHashMap.transfer([Ljava/util/concurrent/ConcurrentHashMap$Node;[Ljava/util/concurrent/ConcurrentHashMap$Node;)V @ 557
Event: 10.170 Thread 0x000000001b945800 Uncommon trap: reason=null_assert action=make_not_entrant pc=0x0000000003eee8b0 method=java.util.concurrent.ConcurrentHashMap.transfer([Ljava/util/concurrent/ConcurrentHashMap$Node;[Ljava/util/concurrent/ConcurrentHashMap$Node;)V @ 557
Event: 10.866 Thread 0x000000001b945800 Uncommon trap: reason=unreached action=reinterpret pc=0x00000000040ddc80 method=org.codehaus.groovy.runtime.metaclass.MetaMethodIndex.getMethods(Ljava/lang/Class;Ljava/lang/String;)Lorg/codehaus/groovy/runtime/metaclass/MetaMethodIndex$Entry; @ 61
Event: 11.385 Thread 0x000000001b945800 Uncommon trap: reason=predicate action=maybe_recompile pc=0x0000000003fc5048 method=java.nio.charset.CharsetDecoder.decode(Ljava/nio/ByteBuffer;Ljava/nio/CharBuffer;Z)Ljava/nio/charset/CoderResult; @ 54
Event: 11.807 Thread 0x000000001b945800 Uncommon trap: reason=class_check action=maybe_recompile pc=0x0000000003223ffc method=groovy.lang.MetaClassImpl.isGenericGetMethod(Lgroovy/lang/MetaMethod;)Z @ 14

Internal exceptions (10 events):
Event: 11.859 Thread 0x000000001b945800 Exception <a 'java/security/PrivilegedActionException'> (0x00000000f098cf88) thrown at [C:\re\workspace\8-2-build-windows-amd64-cygwin\jdk8u11\648\hotspot\src\share\vm\prims\jvm.cpp, line 1248]
Event: 11.860 Thread 0x000000001b945800 Exception <a 'java/security/PrivilegedActionException'> (0x00000000f0991a88) thrown at [C:\re\workspace\8-2-build-windows-amd64-cygwin\jdk8u11\648\hotspot\src\share\vm\prims\jvm.cpp, line 1248]
Event: 11.860 Thread 0x000000001b945800 Exception <a 'java/security/PrivilegedActionException'> (0x00000000f09975f8) thrown at [C:\re\workspace\8-2-build-windows-amd64-cygwin\jdk8u11\648\hotspot\src\share\vm\prims\jvm.cpp, line 1248]
Event: 11.860 Thread 0x000000001b945800 Exception <a 'java/security/PrivilegedActionException'> (0x00000000f099b878) thrown at [C:\re\workspace\8-2-build-windows-amd64-cygwin\jdk8u11\648\hotspot\src\share\vm\prims\jvm.cpp, line 1248]
Event: 11.860 Thread 0x000000001b945800 Exception <a 'java/security/PrivilegedActionException'> (0x00000000f09a1070) thrown at [C:\re\workspace\8-2-build-windows-amd64-cygwin\jdk8u11\648\hotspot\src\share\vm\prims\jvm.cpp, line 1248]
Event: 11.860 Thread 0x000000001b945800 Exception <a 'java/security/PrivilegedActionException'> (0x00000000f09a52f0) thrown at [C:\re\workspace\8-2-build-windows-amd64-cygwin\jdk8u11\648\hotspot\src\share\vm\prims\jvm.cpp, line 1248]
Event: 11.860 Thread 0x000000001b945800 Exception <a 'java/security/PrivilegedActionException'> (0x00000000f09ac940) thrown at [C:\re\workspace\8-2-build-windows-amd64-cygwin\jdk8u11\648\hotspot\src\share\vm\prims\jvm.cpp, line 1248]
Event: 11.861 Thread 0x000000001b945800 Exception <a 'java/security/PrivilegedActionException'> (0x00000000f09b0558) thrown at [C:\re\workspace\8-2-build-windows-amd64-cygwin\jdk8u11\648\hotspot\src\share\vm\prims\jvm.cpp, line 1248]
Event: 11.875 Thread 0x000000001b945800 Exception <a 'java/security/PrivilegedActionException'> (0x00000000f0a5d660) thrown at [C:\re\workspace\8-2-build-windows-amd64-cygwin\jdk8u11\648\hotspot\src\share\vm\prims\jvm.cpp, line 1248]
Event: 11.875 Thread 0x000000001b945800 Exception <a 'java/security/PrivilegedActionException'> (0x00000000f0a60d30) thrown at [C:\re\workspace\8-2-build-windows-amd64-cygwin\jdk8u11\648\hotspot\src\share\vm\prims\jvm.cpp, line 1248]

Events (10 events):
Event: 11.869 loading class com/sun/org/apache/xerces/internal/dom/DeferredCommentImpl
Event: 11.869 loading class com/sun/org/apache/xerces/internal/dom/CommentImpl
Event: 11.869 loading class com/sun/org/apache/xerces/internal/dom/CommentImpl done
Event: 11.869 loading class com/sun/org/apache/xerces/internal/dom/DeferredCommentImpl done
Event: 11.870 loading class com/sun/org/apache/xerces/internal/dom/DeferredDocumentTypeImpl
Event: 11.870 loading class com/sun/org/apache/xerces/internal/dom/DeferredDocumentTypeImpl done
Event: 11.870 loading class com/sun/org/apache/xerces/internal/dom/DeferredElementDefinitionImpl
Event: 11.870 loading class com/sun/org/apache/xerces/internal/dom/DeferredElementDefinitionImpl done
Event: 11.875 loading class org/springframework/jdbc/support/SQLErrorCodes
Event: 11.875 loading class org/springframework/jdbc/support/SQLErrorCodes done


Dynamic libraries:
0x00007ff6eaa30000 - 0x00007ff6eaa64000 	C:\Program Files\Java\jdk1.8.0_11\bin\java.exe
0x00007ffc24ab0000 - 0x00007ffc24c56000 	C:\Windows\SYSTEM32\ntdll.dll
0x00007ffc23df0000 - 0x00007ffc23f2a000 	C:\Windows\system32\KERNEL32.DLL
0x00007ffc21f50000 - 0x00007ffc2205f000 	C:\Windows\system32\KERNELBASE.dll
0x00007ffc20a60000 - 0x00007ffc20ae8000 	C:\Windows\system32\apphelp.dll
0x00007ffc12300000 - 0x00007ffc1234f000 	C:\Windows\AppPatch\AppPatch64\AcGenral.DLL
0x00007ffc24220000 - 0x00007ffc242c7000 	C:\Windows\system32\msvcrt.dll
0x00007ffc21c70000 - 0x00007ffc21c9b000 	C:\Windows\SYSTEM32\SspiCli.dll
0x00007ffc23f30000 - 0x00007ffc23f81000 	C:\Windows\system32\SHLWAPI.dll
0x00007ffc242e0000 - 0x00007ffc24451000 	C:\Windows\system32\USER32.dll
0x00007ffc248d0000 - 0x00007ffc24a48000 	C:\Windows\system32\ole32.dll
0x00007ffc229e0000 - 0x00007ffc23def000 	C:\Windows\system32\SHELL32.dll
0x00007ffc217f0000 - 0x00007ffc2180e000 	C:\Windows\SYSTEM32\USERENV.dll
0x00007ffc22870000 - 0x00007ffc22915000 	C:\Windows\system32\ADVAPI32.dll
0x00007ffc14020000 - 0x00007ffc1403b000 	C:\Windows\SYSTEM32\MPR.dll
0x00007ffc24710000 - 0x00007ffc24847000 	C:\Windows\system32\RPCRT4.dll
0x00007ffc24460000 - 0x00007ffc244b7000 	C:\Windows\SYSTEM32\sechost.dll
0x00007ffc23f90000 - 0x00007ffc24166000 	C:\Windows\SYSTEM32\combase.dll
0x00007ffc22620000 - 0x00007ffc22764000 	C:\Windows\system32\GDI32.dll
0x00007ffc21e30000 - 0x00007ffc21e44000 	C:\Windows\SYSTEM32\profapi.dll
0x00007ffc20050000 - 0x00007ffc200ef000 	C:\Windows\SYSTEM32\SHCORE.dll
0x00007ffc24a70000 - 0x00007ffc24aa4000 	C:\Windows\system32\IMM32.DLL
0x00007ffc224e0000 - 0x00007ffc22619000 	C:\Windows\system32\MSCTF.dll
0x00007ffc1fae0000 - 0x00007ffc1fd3a000 	C:\Windows\WinSxS\amd64_microsoft.windows.common-controls_6595b64144ccf1df_6.0.9600.17031_none_6242a4b3ecbb55a1\COMCTL32.dll
0x0000000057430000 - 0x0000000057502000 	C:\Program Files\Java\jdk1.8.0_11\jre\bin\msvcr100.dll
0x0000000056c00000 - 0x000000005742a000 	C:\Program Files\Java\jdk1.8.0_11\jre\bin\server\jvm.dll
0x00007ffc1a770000 - 0x00007ffc1a779000 	C:\Windows\SYSTEM32\WSOCK32.dll
0x00007ffc1d7a0000 - 0x00007ffc1d7bf000 	C:\Windows\SYSTEM32\WINMM.dll
0x00007ffc244c0000 - 0x00007ffc244c7000 	C:\Windows\system32\PSAPI.DLL
0x00007ffc22810000 - 0x00007ffc22868000 	C:\Windows\system32\WS2_32.dll
0x00007ffc1d760000 - 0x00007ffc1d78a000 	C:\Windows\SYSTEM32\WINMMBASE.dll
0x00007ffc242d0000 - 0x00007ffc242d9000 	C:\Windows\system32\NSI.dll
0x00007ffc222f0000 - 0x00007ffc2233a000 	C:\Windows\SYSTEM32\cfgmgr32.dll
0x00007ffc20ce0000 - 0x00007ffc20d06000 	C:\Windows\SYSTEM32\DEVOBJ.dll
0x0000000056bf0000 - 0x0000000056bff000 	C:\Program Files\Java\jdk1.8.0_11\jre\bin\verify.dll
0x0000000056bc0000 - 0x0000000056be8000 	C:\Program Files\Java\jdk1.8.0_11\jre\bin\java.dll
0x0000000056b90000 - 0x0000000056bb3000 	C:\Program Files\Java\jdk1.8.0_11\jre\bin\instrument.dll
0x0000000056b70000 - 0x0000000056b86000 	C:\Program Files\Java\jdk1.8.0_11\jre\bin\zip.dll
0x00007ffc21810000 - 0x00007ffc2182e000 	C:\Windows\SYSTEM32\CRYPTSP.dll
0x00007ffc212f0000 - 0x00007ffc21325000 	C:\Windows\system32\rsaenh.dll
0x00007ffc21940000 - 0x00007ffc21966000 	C:\Windows\SYSTEM32\bcrypt.dll
0x00007ffc21ca0000 - 0x00007ffc21d00000 	C:\Windows\system32\bcryptprimitives.dll
0x00007ffc21d00000 - 0x00007ffc21d0a000 	C:\Windows\SYSTEM32\CRYPTBASE.dll
0x0000000056a60000 - 0x0000000056a7a000 	C:\Program Files\Java\jdk1.8.0_11\jre\bin\net.dll
0x00007ffc21640000 - 0x00007ffc21698000 	C:\Windows\system32\mswsock.dll
0x00007ffc1b960000 - 0x00007ffc1b989000 	C:\Windows\SYSTEM32\IPHLPAPI.DLL
0x00007ffc1b700000 - 0x00007ffc1b70a000 	C:\Windows\SYSTEM32\WINNSI.DLL
0x00007ffc1b590000 - 0x00007ffc1b5a4000 	C:\Windows\SYSTEM32\dhcpcsvc6.DLL
0x00007ffc1b570000 - 0x00007ffc1b589000 	C:\Windows\SYSTEM32\dhcpcsvc.DLL
0x0000000056a40000 - 0x0000000056a51000 	C:\Program Files\Java\jdk1.8.0_11\jre\bin\nio.dll
0x00007ffc197f0000 - 0x00007ffc197fa000 	C:\Users\D-Roc\AppData\Local\Temp\jansi-64-6248483674832772387.dll
0x0000000056a00000 - 0x0000000056a0d000 	C:\Program Files\Java\jdk1.8.0_11\jre\bin\management.dll
0x00007ffc19410000 - 0x00007ffc19424000 	C:\Windows\system32\napinsp.dll
0x00007ffc193f0000 - 0x00007ffc19409000 	C:\Windows\system32\pnrpnsp.dll
0x00007ffc1c750000 - 0x00007ffc1c769000 	C:\Windows\system32\NLAapi.dll
0x00007ffc21520000 - 0x00007ffc215c3000 	C:\Windows\SYSTEM32\DNSAPI.dll
0x00007ffc193e0000 - 0x00007ffc193ec000 	C:\Windows\System32\winrnr.dll
0x00007ffc188b0000 - 0x00007ffc188b9000 	C:\Windows\System32\rasadhlp.dll
0x00007ffc1b1f0000 - 0x00007ffc1b258000 	C:\Windows\System32\fwpuclnt.dll
0x00007ffc1c4a0000 - 0x00007ffc1c628000 	C:\Windows\SYSTEM32\dbghelp.dll

VM Arguments:
jvm_args: -Dfile.encoding=UTF-8 -Xmx768M -Xms64M -Dgrails.fork.parent.process.port=65099 -Dgrails.fork.active=true -Dgrails.build.execution.context=C:\Users\D-Roc\AppData\Local\Temp\hubbub2527903734008759992grails-execution-context -Dgrails.home=C:\Spring\sts-bundle\grails-2.4.3 -javaagent:C:\Spring\sts-bundle\grails-2.4.3\lib\org.springframework\springloaded\jars\springloaded-1.2.0.RELEASE.jar -Xverify:none -Dspringloaded.synchronize=true -Djdk.reflect.allowGetCallerClass=true -Dspringloaded=profile=grails;cacheDir=C:\Users\D-Roc\.grails\2.4.3 
java_command: org.grails.plugins.tomcat.fork.ForkedTomcatServer
java_class_path (initial): C:\Program Files\Java\jdk1.8.0_11\lib\tools.jar;C:\Spring\sts-bundle\grails-2.4.3\lib\org.codehaus.groovy\groovy-all\jars\groovy-all-2.3.6.jar;C:\Spring\sts-bundle\grails-2.4.3\lib\org.slf4j\jcl-over-slf4j\jars\jcl-over-slf4j-1.7.5.jar;C:\Spring\sts-bundle\grails-2.4.3\lib\org.codehaus.gant\gant_groovy1.8\jars\gant_groovy1.8-1.9.6.jar;C:\Spring\sts-bundle\grails-2.4.3\lib\org.apache.tomcat.embed\tomcat-embed-logging-log4j\jars\tomcat-embed-logging-log4j-7.0.50.jar;C:\Spring\sts-bundle\grails-2.4.3\dist\grails-plugin-log4j-2.4.3.jar;C:\Spring\sts-bundle\grails-2.4.3\lib\log4j\log4j\jars\log4j-1.2.17.jar;C:\Spring\sts-bundle\grails-2.4.3\dist\grails-bootstrap-2.4.3.jar;C:\Spring\sts-bundle\grails-2.4.3\lib\org.slf4j\slf4j-api\jars\slf4j-api-1.7.5.jar;C:\Spring\sts-bundle\grails-2.4.3\lib\jline\jline\jars\jline-2.12.jar;C:\Spring\sts-bundle\grails-2.4.3\lib\org.apache.ant\ant\jars\ant-1.8.4.jar;C:\Spring\sts-bundle\grails-2.4.3\lib\org.apache.ant\ant-launcher\jars\ant-launcher-1.8.4.jar;C:\Spring\sts-bundle\grails-2.4.3\lib\org.apache.ant\ant-trax\jars\ant-trax-1.7.1.jar;C:\Spring\sts-bundle\grails-2.4.3\lib\org.apache.ant\ant-junit\jars\ant-junit-1.8.4.jar;C:\Spring\sts-bundle\grails-2.4.3\lib\org.apache.ivy\ivy\jars\ivy-2.3.0.jar;C:\Spring\sts-bundle\grails-2.4.3\lib\org.fusesource.jansi\jansi\jars\jansi-1.11.jar;C:\Users\D-Roc\.m2\repository\org\apache\tomcat\tomcat-catalina-ant\7.0.55\tomcat-catalina-ant-7.0.55.jar;C:\Users\D-Roc\.m2\repository\org\apache\tomcat\embed\tomcat-embed-jasper\7.0.55\tomcat-embed-jasper-7.0.55.jar;C:\Users\D-Roc\.m2\repository\org\apache\tomcat\embed\tomcat-embed-el\7.0.55\tomcat-embed-el-7.0.55.jar;C:\Users\D-Roc\.m2\repository\org\apache\tomcat\embed\tomcat-embed-logging-log4j\7.0.55\tomcat-embed-logging-log4j-7.0.55.jar;C:\Users\D-Roc\.m2\repository\org\apache\tomcat\embed\tomcat-embed-websocket\7.0.55\tomcat-embed-websocket-7.0.55.jar;C:\Users\D-Roc\.m2\repository\org\apache\tomcat\embed\tomcat-embed-core
Launcher Type: SUN_STANDARD

Environment Variables:
JAVA_HOME=C:\Program Files\Java\jdk1.8.0_11
PATH=C:\Program Files\Java\jdk1.8.0_11\bin\bin;C:\Java Tools\gradle-2.1\bin;C:\Java Tools\apache-maven-3.2.3\bin;C:\ProgramData\Oracle\Java\javapath;C:\Program Files (x86)\iis express\PHP\v5.4;C:\play-2.2.4;C:\Program Files\Java\jdk1.8.0_11\bin;C:\Program Files (x86)\NVIDIA Corporation\PhysX\Common;C:\Program Files (x86)\Intel\iCLS Client\;C:\Program Files\Intel\iCLS Client\;C:\Windows\system32;C:\Windows;C:\Windows\System32\Wbem;C:\Windows\System32\WindowsPowerShell\v1.0\;C:\Program Files\Intel\Intel(R) Management Engine Components\DAL;C:\Program Files\Intel\Intel(R) Management Engine Components\IPT;C:\Program Files (x86)\Intel\Intel(R) Management Engine Components\DAL;C:\Program Files (x86)\Intel\Intel(R) Management Engine Components\IPT;C:\Program Files (x86)\Intel\OpenCL SDK\3.0\bin\x86;C:\Program Files (x86)\Intel\OpenCL SDK\3.0\bin\x64;C:\Program Files (x86)\Microsoft ASP.NET\ASP.NET Web Pages\v1.0\;C:\Program Files\Microsoft SQL Server\110\Tools\Binn\;C:\Program Files\Microsoft\Web Platform Installer\;C:\Program Files (x86)\GtkSharp\2.12\bin;C:\Program Files (x86)\Microsoft SQL Server\110\Tools\Binn\ManagementStudio\;C:\Program Files (x86)\Microsoft SQL Server\110\Tools\Binn\;C:\Program Files (x86)\Microsoft SQL Server\110\DTS\Binn\;C:\Program Files\Microsoft SQL Server\110\DTS\Binn\;C:\Program Files (x86)\Windows Kits\8.1\Windows Performance Toolkit\;C:\ggts-bundle\grails-2.4.2\bin;C:\Program Files\Microsoft SQL Server\120\Tools\Binn\;C:\Program Files (x86)\Microsoft SDKs\TypeScript\1.0;C:\Program Files (x86)\nodejs\;C:\Program Files (x86)\CloudFoundry;C:\Program Files (x86)\Git\cmd;C:\Program Files (x86)\Git\bin;C:\Ruby193\bin;C:\Users\D-Roc\AppData\Roaming\npm\
USERNAME=D-Roc
OS=Windows_NT
PROCESSOR_IDENTIFIER=Intel64 Family 6 Model 60 Stepping 3, GenuineIntel



---------------  S Y S T E M  ---------------

OS: Windows 8.1 , 64 bit Build 9600 

CPU:total 8 (4 cores per cpu, 2 threads per core) family 6 model 60 stepping 3, cmov, cx8, fxsr, mmx, sse, sse2, sse3, ssse3, sse4.1, sse4.2, popcnt, avx, avx2, aes, clmul, erms, ht, tsc, tscinvbit

Memory: 4k page, physical 16662340k(7475008k free), swap 21099896k(8685148k free)

vm_info: Java HotSpot(TM) 64-Bit Server VM (25.11-b03) for windows-amd64 JRE (1.8.0_11-b12), built on Jun 16 2014 20:57:32 by "java_re" with MS VC++ 10.0 (VS2010)

time: Sun Nov 09 14:18:32 2014
elapsed time: 11 seconds

